INFO 02:28:40 – Home/Index
INFO 02:28:42 – Login/Index
INFO 02:28:48 – Message/Partial
INFO 02:28:55 – Login/Index
INFO 02:28:55 – Home/Index
INFO 02:28:55 – Message/Partial
INFO 02:29:01 – HeSoLuong/Index
INFO 02:29:03 – Message/Partial
INFO 02:29:39 – HeSoLuong/Index&NV_id=0
INFO 02:29:39 – Message/Partial&NV_id=0
INFO 02:29:54 – HeSoLuong/Index&NV_id=0
INFO 02:29:54 – Message/Partial&NV_id=0
INFO 02:30:01 – HeSoLuong/Index&NV_id=0
INFO 02:30:01 – Message/Partial&NV_id=0
INFO 02:30:14 – HeSoLuong/Index&NV_id=0
INFO 02:30:14 – Message/Partial&NV_id=0
INFO 02:34:04 – HeSoLuong/Index&NV_id=0
INFO 02:34:05 – Message/Partial&NV_id=0
INFO 02:34:09 – HeSoLuong/Details&NV_id=93
INFO 02:34:15 – Message/Partial&NV_id=93
INFO 02:37:18 – HeSoLuong/Index&NV_id=0
INFO 02:37:20 – Message/Partial&NV_id=0
INFO 02:37:27 – HeSoLuong/Index&NV_id=0
INFO 02:37:27 – Message/Partial&NV_id=0
INFO 02:38:44 – HeSoLuong/Details&NV_id=137
INFO 02:38:45 – Message/Partial&NV_id=137
INFO 02:38:50 – HeSoLuong/EditP&NV_id=93
INFO 02:39:49 – HeSoLuong/Details&NV_id=127
INFO 02:39:49 – Message/Partial&NV_id=127
INFO 02:39:53 – HeSoLuong/EditP&id=1618
INFO 02:40:09 – HeSoLuong/UpdateS&id=1618&NV_id=127&NhomNgach_id=&Ngach_id=&User_id=1
INFO 02:40:09 – HeSoLuong/Details&NV_id=127
INFO 02:40:09 – Message/Partial&NV_id=127
INFO 02:40:21 – HeSoLuong/Index&NV_id=0
INFO 02:40:21 – Message/Partial&NV_id=0
INFO 02:40:52 – HeSoLuong/Index&NV_id=0
INFO 02:40:53 – Message/Partial&NV_id=0
INFO 02:41:26 – HeSoLuong/Index
INFO 02:41:26 – Message/Partial
INFO 02:41:51 – HeSoLuong/Index
INFO 02:41:52 – Message/Partial
INFO 02:55:36 – HeSoLuong/Details&NV_id=127
INFO 02:55:47 – Message/Partial&NV_id=127
INFO 02:55:59 – Home/Index
INFO 02:56:01 – Message/Partial
INFO 02:56:03 – HSNhanSu/Menu
INFO 02:56:05 – Message/Partial
INFO 02:56:14 – GiangVien/Index
INFO 02:56:15 – Message/Partial
INFO 02:56:22 – Home/Index
INFO 02:56:22 – Message/Partial
INFO 02:56:25 – ThongKe/Index
INFO 02:56:28 – Message/Partial
INFO 02:56:34 – NganhGiangDay/List
INFO 02:56:35 – Message/Partial
INFO 02:56:43 – NganhGiangDay/EditP
INFO 02:57:18 – NganhGiangDay/List
INFO 02:57:18 – Message/Partial
INFO 04:33:30 – NganhGiangDay/Index&NV_id=47
INFO 04:33:34 – Message/Partial&NV_id=47
INFO 04:36:17 – NganhGiangDay/EditP
INFO 04:37:24 – Message/Details
