INFO 10:03:25 – Home/Index
INFO 10:03:27 – Login/Index
INFO 10:05:16 – Login/Index
INFO 10:05:16 – Home/Index
INFO 10:05:26 – HSNhanSu/Menu
INFO 10:05:32 – HSNhanSu/Index
INFO 10:05:34 – NhanVien/IndexP
INFO 10:05:39 – HSNhanSu/Details
INFO 10:05:41 – SoYeuLyLich/EditP
INFO 10:05:46 – TheDinhDanh/IndexP
INFO 10:07:04 – HSNhanSu/Details
INFO 10:07:04 – nvBangCap/Index
INFO 10:07:05 – ChungChi/Index
INFO 10:08:20 – HSNhanSu/Details
INFO 10:08:20 – QTLamViec/EditP
INFO 10:12:17 – HSNhanSu/Details
INFO 10:12:17 – SoYeuLyLich/EditP
INFO 10:12:17 – TheDinhDanh/IndexP
INFO 10:34:06 – HSNhanSu/Details
INFO 10:34:06 – SoYeuLyLich/EditP
INFO 10:34:07 – TheDinhDanh/IndexP
INFO 11:30:56 – HSNhanSu/Details
INFO 11:30:56 – SoYeuLyLich/EditP
INFO 11:30:57 – TheDinhDanh/IndexP
