INFO 01:04:18 – Home/Index
INFO 01:04:18 – Login/Index
INFO 01:04:24 – Message/Partial
INFO 01:04:41 – Login/Index
INFO 01:04:42 – Home/Index
INFO 01:04:42 – Message/Partial
INFO 02:26:01 – HDNguoiLaoDong/Index
INFO 02:26:25 – Message/Partial
INFO 02:27:32 – DSNLDCanTaoHD/Index
INFO 02:27:37 – Message/Partial
INFO 02:28:14 – DSNLDCanTaoHD/Index
INFO 02:28:19 – Message/Partial
INFO 02:28:44 – ThemMoiHD/TruyenID&DSNLDCanTaoHD_id=105
INFO 02:28:44 – ThemMoiHD/Create_ChonLoaiHD&DSNLDCanTaoHD_id=105
INFO 02:28:48 – Message/Partial&DSNLDCanTaoHD_id=105
INFO 02:29:21 – ThemMoiHD/Create_ChonLoaiHD&DSNLDCanTaoHD_id=105
INFO 02:29:22 – ThemMoiHD/Create_HDDaiHan&DSNLDCanTaoHD_id=105&LoaiHD_id=1
INFO 02:29:27 – Message/Partial&DSNLDCanTaoHD_id=105&LoaiHD_id=1
INFO 02:30:22 – ThemMoiHD/Create_HDDaiHan&Gioitinh_id=2&Quoctich_id=1&Nghenghiep_id=&ThoihanHD_id=&Donvi_id=33&Chucdanh_id=7&Chucvu_id=&ThoigioLV_id=7&DSNLDCanTaoHD_id=105&LoaiHD_id=1&HSLuong_id=&Bac_id=&Ngach_id=&Nhom_id=&Bangluong_id=
INFO 02:30:24 – Message/Partial&Gioitinh_id=2&Quoctich_id=1&Nghenghiep_id=&ThoihanHD_id=&Donvi_id=33&Chucdanh_id=7&Chucvu_id=&ThoigioLV_id=7&DSNLDCanTaoHD_id=105&LoaiHD_id=1&HSLuong_id=&Bac_id=&Ngach_id=&Nhom_id=&Bangluong_id=
INFO 02:30:45 – ThemMoiHD/Create_HDDaiHan&Gioitinh_id=2&Quoctich_id=1&Nghenghiep_id=&ThoihanHD_id=3&Donvi_id=33&Chucdanh_id=7&Chucvu_id=&ThoigioLV_id=7&DSNLDCanTaoHD_id=105&LoaiHD_id=1&HSLuong_id=&Bac_id=&Ngach_id=&Nhom_id=&Bangluong_id=
ERROR02:30:46 – An error occurred while updating the entries. See the inner exception for details.
/controller=ThemMoiHD/action=Create_HDDaiHan
/SoHD=123/Gioitinh_id=2/HotenNLD=Nguy?n Th? 11/Quoctich_id=1/Ngaysinh=16/06/1982 12:00:00 SA/Noisinh=TP. H? Chí Minh/Nghenghiep_id=/Diachithuongtru=, /soCMND=230865979      /cmndNgaycap=20/05/2017 12:00:00 SA/cmndNoicap=79/ThoihanHD_id=3/NgayHL=01/01/2001/Donvi_id=33/Chucdanh_id=7/Chucvu_id=/ThoigioLV_id=7/Mucluongchinh=12.345.678/DSNLDCanTaoHD_id=105/LoaiHD_id=1/mauHopDong=<div>
<div style="float:left;font-size:16px; padding:0px;margin:0px;">B? GI&Aacute;O D?C V&Agrave; Ð&Agrave;O T?O
<p style="text-align:left"><strong>{TruongDH}</strong></p>

<p style="text-align:left">S?: {SoHD}</p>
</div>

<div style="float:right;font-size:16px; padding:0px;margin:0px;"><strong>C?NG H&Ograve;A X&Atilde; H?I CH? NGHIA VI?T NAM</strong>

<p style="text-align:center">Ð?c l?p - T? do - H?nh ph&uacute;c</p>
</div>
<br />
<br />
<br />
<br />
<br />
<br />
<br />
&nbsp;
<div style="float:left;font-size:18px; padding:0px;margin:0px;">
<p style="text-align:center"><strong>H?P Ð?NG LAO Ð?NG</strong></p>

<div>&nbsp;
<div style="float:left;font-size:16px; padding:0px;margin:0px;">
<table style="border-collapse:collapse; margin-left:-2px; outline-color:White; outline-width:0px; white-space:nowrap">
	<tbody>
		<tr>
			<td style="border-color:White; width:370px">Ch&uacute;ng t&ocirc;i, m?t b&ecirc;n l&agrave; {nsdldOng_Ba} {nsdldHoTen}</td>
			<td style="border-color:White">Qu?c t?ch: {nsdldQuocTich}</td>
		</tr>
	</tbody>
</table>

<p style="text-align:left">Ch?c v?:&nbsp;{nsdldChucVu}</p>

<p style="text-align:left">Ð?i di?n cho: Tru?ng Ð?i h?c D&acirc;n l?p Van Lang</p>

<p style="text-align:left">Ð?a ch?: {DiaChi}</p>

<p style="text-align:left">Ði?n tho?i: {DienThoai}</p>

<p style="text-align:left"><strong><em>L&agrave; ngu?i s? d?ng lao d?ng</em></strong></p>

<p>&nbsp;</p>

<table style="border-collapse:collapse; margin-left:-2px; outline-color:White; outline-width:0px; white-space:nowrap">
	<tbody>
		<tr>
			<td style="border-color:White; width:370px">V&agrave; m?t b&ecirc;n l&agrave; {nldOng_Ba} {nldHoTen}</td>
			<td style="border-color:White">Qu?c t?ch: {nldQuocTich}</td>
		</tr>
	</tbody>
</table>
&nbsp;

<table style="border-collapse:collapse; margin-left:-2px; outline-color:White; outline-width:0px; white-space:nowrap">
	<tbody>
		<tr>
			<td style="border-color:White; width:370px">Sinh ng&agrave;y: {nldNgaySinh}</td>
			<td style="border-color:White">t?i: {nldNoiSinh}</td>
		</tr>
	</tbody>
</table>

<p style="text-align:left">Ngh? nghi?p:&nbsp;{nldNgheNghiep}</p>

<p style="text-align:left">Ð?a ch? thu?ng tr&uacute;: {nldDiaChiThuongTru}</p>

<table style="border-collapse:collapse; margin-left:-2px; outline-color:White; outline-width:0px; white-space:nowrap">
	<tbody>
		<tr>
			<td style="border-color:White; width:190px">S? CMND: {nldSoCMND}</td>
			<td style="border-color:White; width:175px">C?p ng&agrave;y {nldcmndNgayCap}</td>
			<td style="border-color:White">t?i {nldcmndNoiCap}</td>
		</tr>
	</tbody>
</table>

<p style="text-align:left"><strong><em>L&agrave; ngu?i lao d?ng</em></strong></p>

<p style="text-align:left">Th?a thu?n k&yacute; k?t h?p d?ng lao d?ng v&agrave; cam k?t l&agrave;m d&uacute;ng di?u kho?n sau d&acirc;y:</p>

<p style="text-align:left"><strong>Ði?u 1: Th?i h?n v&agrave; c&ocirc;ng vi?c h?p d?ng</strong></p>

<p style="text-align:left">- Loa?i h?p d?ng lao d?ng: {LoaiHD};</p>

<p style="text-align:left">- Th?i h?n HÐLÐ: {ThoiHanHD};</p>

<p style="text-align:left">&nbsp; T? {NgayHieuLuc} d?n h?t {NgayHetHieuLuc};</p>

<p style="text-align:left">- Ð?a di?m l&agrave;m vi?c: 45 Nguy?n Kh?c Nhu, Q.1, Tp.H? Ch&iacute; Minh</p>

<p style="margin-left:135px">&nbsp; 233 Phan Van Tr?, Q.B&igrave;nh Th?nh, Tp.H? Chi Minh</p>

<p style="text-align:left">- Ðon v?: {DonVi};</p>

<table style="border-collapse:collapse; margin-left:-2px; outline-color:White; outline-width:0px; white-space:nowrap">
	<tbody>
		<tr>
			<td style="border-color:White; width:400px">- Ch?c danh chuy&ecirc;n m&ocirc;n: {ChucDanhCM};</td>
			<td style="border-color:White; width:220px">Ch?c v?: {ChucVu}</td>
		</tr>
	</tbody>
</table>

<p style="text-align:left">- C&ocirc;ng vi?c ph?i l&agrave;m: C&ocirc;ng vi?c du?c m&ocirc; t? c? th? trong Ph? l?c h?p d?ng s? 1.</p>

<p style="text-align:left"><strong>Ði?u 2: Ch? d? l&agrave;m vi?c</strong></p>

<p style="text-align:left">- Th?i gi? l&agrave;m vi?c: {ThoiGioLamViec};</p>

<p style="text-align:left">- Ðu?c s? d?ng c&aacute;c phuong ti?n, trang thi?t b? c?a nh&agrave; tru?ng theo nhu c?u c&ocirc;ng vi?c.</p>

<p style="text-align:left"><strong>Ði?u 3: Nghia v? v&agrave; quy?n l?i c?a ngu?i lao d?ng</strong></p>

<p style="text-align:left"><strong>1. Quy?n l?i:</strong></p>

<p style="text-align:left">- Phuong ti?n di l?i l&agrave;m vi?c: T? t&uacute;c;</p>

<p style="text-align:left">- M?c luong ch&iacute;nh: {MucLuong} d?ng/th&aacute;ng;</p>

<p style="text-align:left">- H? s? luong: {HeSo}, b?c {Bac}, ng?ch {Nhom}, B?ng luong {BangLuong} l&agrave;</p>

<p>&nbsp; co s? can c? th?c hi?n c&aacute;c ch? d? cho ngu?i lao d?ng. Thu nh?p du?c t&iacute;nh theo quy</p>

<p>&nbsp; d?nh hi?n h&agrave;nh c?a nh&agrave; tru?ng v&agrave; d&atilde; bao g?m c&aacute;c kho?n ti?n B?o hi?m X&atilde; h?i, B?o hi?m</p>

<p>&nbsp; Y t?, B?o hi?m Th?t nghi?p, ngh? h&agrave;ng nam, ti?n t&agrave;u xe di l?i khi ngh? ph&eacute;p;</p>

<p style="text-align:left">- H&igrave;nh th?c tr? luong: h&agrave;ng th&aacute;ng, v&agrave;o ng&agrave;y 10.</p>

<p style="text-align:left">- Ph? c?p, ti?n thu?ng, ch? d? n&acirc;ng luong: Theo quy d?nh c?a {TruongDH};</p>

<p style="text-align:left">- Ch? d? ngh? ngoi (ngh? h&agrave;ng tu?n, ngh? ph&eacute;p nam, ngh? ng&agrave;y l?, T?t,&hellip;): Theo quy d?nh</p>

<p style="text-align:left">&nbsp; c?a Tru?ng ÐHDL Van Lang;</p>

<p style="text-align:left">- Ch? d? d&agrave;o t?o, b?i du?ng nghi?p v?: Theo quy d?nh c?a Tru?ng ÐHDL Van Lang;</p>

<p>- Kh&ocirc;ng tham gia B?o hi?m X&atilde; h?i, B?o hi?m Y t?, B?o hi?m Th?t nghi?p (do d&atilde; hu?ng</p>

<p>&nbsp; ch? d? huu tr&iacute;).</p>

<p style="text-align:left"><strong>2. Nghia v?:</strong></p>

<p style="text-align:left">- Ch?p h&agrave;nh s? ch? d?o, di?u h&agrave;nh c?a Hi?u tru?ng v&agrave; ;</p>

<p style="text-align:left">- Ho&agrave;n th&agrave;nh nh?ng c&ocirc;ng vi?c d&atilde; th?a thu?n trong h?p d?ng lao d?ng n&agrave;y;</p>

<p style="text-align:left">- Cam k?t ch? l&agrave;m vi?c co h?u cho {TruongDH} theo quy d?nh hi?n h&agrave;nh c?a</p>

<p style="text-align:left">&nbsp; Nh&agrave; tru?ng;</p>

<p style="text-align:left">- Ch?p h&agrave;nh n?i quy, quy d?nh c?a Nh&agrave; tru?ng v&agrave; ph&aacute;p lu?t c?a Nh&agrave; nu?c, cam k?t b?o</p>

<p style="text-align:left">&nbsp; v? uy t&iacute;n, t&agrave;i s?n, b?o m?t c&aacute;c lo?i tu li?u, s? li?u c?a nh&agrave; tru?ng, n?u c&oacute; h&agrave;nh vi</p>

<p style="text-align:left">&nbsp; vi ph?m th&igrave; ch?u x? l&yacute; k? lu?t theo quy d?nh c?a Nha` truo`ng va` ph&aacute;p lu?t c?a Nh&agrave; nu?c;</p>

<p style="text-align:left">- Thu?c hi&ecirc;?n b&ocirc;`i thuo`ng thi&ecirc;?t ha?i v&ecirc;` v&acirc;?t ch&acirc;´t va` chi phi´ da`o ta?o (n?u c&oacute;) theo quy di?nh cu?a</p>

<p style="text-align:left">&nbsp; Nh&agrave; truo`ng v&agrave; ph&aacute;p lu?t c?a Nh&agrave; nu?c.</p>

<p style="text-align:left"><strong>Ði?u 4: Nghia v? v&agrave; quy?n h?n c?a ngu?i s? d?ng lao d?ng</strong></p>

<p style="text-align:left">- B?o d?m vi?c l&agrave;m v&agrave; th?c hi?n d?y d? nh?ng di?u d&atilde; cam k?t trong h?p d?ng lao d?ng;</p>

<p style="text-align:left">- Thanh to&aacute;n d?y d?, d&uacute;ng th?i h?n c&aacute;c ch? d? v&agrave; quy?n l?i cho ngu?i lao d?ng theo h?p</p>

<p style="text-align:left">&nbsp; d?ng lao d?ng.</p>

<p style="text-align:left"><strong>2. Quy?n h?n:</strong></p>

<p style="text-align:left">- Ði?u h&agrave;nh ngu?i lao d?ng ho&agrave;n th&agrave;nh c&ocirc;ng vi?c theo h?p d?ng lao d?ng;</p>

<p style="text-align:left">- T?m ho&atilde;n, ch?m d?t h?p d?ng lao d?ng, k? lu?t ngu?i lao d?ng theo quy di?nh cu?a Nh&agrave;</p>

<p style="text-align:left">&nbsp; truo`ng v&agrave; ph&aacute;p lu?t c?a Nh&agrave; nu?c.</p>

<p style="text-align:left"><strong>Ði?u 5: Ði?u kho?n thi h&agrave;nh</strong></p>

<p style="text-align:left">- Nh?ng v?n d? v? lao d?ng kh&ocirc;ng ghi trong h?p d?ng lao d?ng n&agrave;y th&igrave; &aacute;p d?ng c&aacute;c quy</p>

<p style="text-align:left">&nbsp; d?nh c?a ph&aacute;p lu?t lao d?ng;</p>

<p style="text-align:left">- H?p d?ng n&agrave;y du?c l&agrave;m th&agrave;nh 02 b?n, m?i b&ecirc;n gi? m?t b?n c&oacute; gi&aacute; tr? nhu nhau v&agrave; c&oacute;</p>

<p style="text-align:left">&nbsp; hi?u l?c t? {NgayHieuLuc}</p>

<p style="text-align:left">H?p d?ng n&agrave;y l&agrave;m t?i Ph&ograve;ng K? ho?ch v&agrave; Qu?n l&yacute; nh&acirc;n l?c {Today}</p>
&nbsp;

<table style="border-collapse:collapse; margin-left:30px; outline-color:White; outline-width:0px; white-space:nowrap">
	<tbody>
		<tr>
			<td style="border-color:White; width:380px"><strong>Ngu?i lao d?ng</strong></td>
			<td style="border-color:White"><strong>Ngu?i s? d?ng lao d?ng</strong></td>
		</tr>
		<tr>
			<td style="border-color:White; width:380px">&nbsp;</td>
			<td style="border-color:White">&nbsp;</td>
		</tr>
		<tr>
			<td style="border-color:White; width:380px">&nbsp;</td>
			<td style="border-color:White; text-align:center"><strong>Hi?u tru?ng</strong></td>
		</tr>
		<tr>
			<td style="border-color:White; height:100px; width:380px">&nbsp;</td>
			<td style="border-color:White; height:100px">&nbsp;</td>
		</tr>
		<tr>
			<td style="border-color:White; width:380px">&nbsp;</td>
			<td style="border-color:White; text-align:center"><strong>{nsdldHoTen}</strong></td>
		</tr>
	</tbody>
</table>
</div>
</div>
</div>
</div>
/ChucvutruongDV=/Congviec=/BHXH=false/HSLuong_id=/Bac_id=/Ngach_id=/Nhom_id=/Bangluong_id=/QT_NgayNLDky=/QT_NgayTrinhHT=/QT_NgayHTky=/QT_NgayLuuHS=/QT_NgayTraNLD=/Ghichu=/Save=Luu
   at System.Data.Entity.Internal.InternalContext.SaveChanges()
   at System.Data.Entity.Internal.LazyInternalContext.SaveChanges()
   at System.Data.Entity.DbContext.SaveChanges()
   at HRM.HDLaoDong.Controllers.ThemMoiHDController.Create_HDDaiHan(hdChiTietHDLD hdchitiethdld, hdNLD hdnld, Int32 DSNLDCanTaoHD_id) in C:\Workspace\HRMApplication\WebApplication\Areas\HDLaoDong\Controllers\ThemMoiHDController.cs:line 304
   at lambda_method(Closure , ControllerBase , Object[] )
   at System.Web.Mvc.ActionMethodDispatcher.Execute(ControllerBase controller, Object[] parameters)
   at System.Web.Mvc.ReflectedActionDescriptor.Execute(ControllerContext controllerContext, IDictionary`2 parameters)
   at System.Web.Mvc.ControllerActionInvoker.InvokeActionMethod(ControllerContext controllerContext, ActionDescriptor actionDescriptor, IDictionary`2 parameters)
   at System.Web.Mvc.Async.AsyncControllerActionInvoker.<>c__DisplayClass42.<BeginInvokeSynchronousActionMethod>b__41()
   at System.Web.Mvc.Async.AsyncResultWrapper.<>c__DisplayClass8`1.<BeginSynchronous>b__7(IAsyncResult _)
   at System.Web.Mvc.Async.AsyncResultWrapper.WrappedAsyncResult`1.End()
   at System.Web.Mvc.Async.AsyncControllerActionInvoker.EndInvokeActionMethod(IAsyncResult asyncResult)
   at System.Web.Mvc.Async.AsyncControllerActionInvoker.<>c__DisplayClass37.<>c__DisplayClass39.<BeginInvokeActionMethodWithFilters>b__33()
   at System.Web.Mvc.Async.AsyncControllerActionInvoker.<>c__DisplayClass4f.<InvokeActionMethodFilterAsynchronously>b__49()
   at System.Web.Mvc.Async.AsyncControllerActionInvoker.<>c__DisplayClass4f.<InvokeActionMethodFilterAsynchronously>b__49()
   at System.Web.Mvc.Async.AsyncControllerActionInvoker.<>c__DisplayClass4f.<InvokeActionMethodFilterAsynchronously>b__49()
   at System.Web.Mvc.Async.AsyncControllerActionInvoker.<>c__DisplayClass37.<BeginInvokeActionMethodWithFilters>b__36(IAsyncResult asyncResult)
   at System.Web.Mvc.Async.AsyncResultWrapper.WrappedAsyncResult`1.End()
   at System.Web.Mvc.Async.AsyncControllerActionInvoker.EndInvokeActionMethodWithFilters(IAsyncResult asyncResult)
   at System.Web.Mvc.Async.AsyncControllerActionInvoker.<>c__DisplayClass25.<>c__DisplayClass2a.<BeginInvokeAction>b__20()
   at System.Web.Mvc.Async.AsyncControllerActionInvoker.<>c__DisplayClass25.<BeginInvokeAction>b__22(IAsyncResult asyncResult)
INFO 02:34:18 – Home/Index
INFO 02:34:19 – Login/Index
INFO 02:34:22 – Message/Partial
INFO 02:34:40 – Login/Index
INFO 02:34:40 – Home/Index
INFO 02:34:41 – Message/Partial
INFO 02:35:11 – ThemMoiHD/Create_HDDaiHan&Gioitinh_id=2&Quoctich_id=1&Nghenghiep_id=&ThoihanHD_id=3&Donvi_id=33&Chucdanh_id=7&Chucvu_id=&ThoigioLV_id=7&DSNLDCanTaoHD_id=105&LoaiHD_id=1&HSLuong_id=&Bac_id=&Ngach_id=&Nhom_id=&Bangluong_id=
ERROR02:37:02 – An error occurred while updating the entries. See the inner exception for details.
/controller=ThemMoiHD/action=Create_HDDaiHan
/SoHD=123/Gioitinh_id=2/HotenNLD=Nguy?n Th? 11/Quoctich_id=1/Ngaysinh=16/06/1982 12:00:00 SA/Noisinh=TP. H? Chí Minh/Nghenghiep_id=/Diachithuongtru=, /soCMND=230865979      /cmndNgaycap=20/05/2017 12:00:00 SA/cmndNoicap=79/ThoihanHD_id=3/NgayHL=01/01/2001/Donvi_id=33/Chucdanh_id=7/Chucvu_id=/ThoigioLV_id=7/Mucluongchinh=12.345.678/DSNLDCanTaoHD_id=105/LoaiHD_id=1/mauHopDong=<div>
<div style="float:left;font-size:16px; padding:0px;margin:0px;">B? GI&Aacute;O D?C V&Agrave; Ð&Agrave;O T?O
<p style="text-align:left"><strong>{TruongDH}</strong></p>

<p style="text-align:left">S?: {SoHD}</p>
</div>

<div style="float:right;font-size:16px; padding:0px;margin:0px;"><strong>C?NG H&Ograve;A X&Atilde; H?I CH? NGHIA VI?T NAM</strong>

<p style="text-align:center">Ð?c l?p - T? do - H?nh ph&uacute;c</p>
</div>
<br />
<br />
<br />
<br />
<br />
<br />
<br />
&nbsp;
<div style="float:left;font-size:18px; padding:0px;margin:0px;">
<p style="text-align:center"><strong>H?P Ð?NG LAO Ð?NG</strong></p>

<div>&nbsp;
<div style="float:left;font-size:16px; padding:0px;margin:0px;">
<table style="border-collapse:collapse; margin-left:-2px; outline-color:White; outline-width:0px; white-space:nowrap">
	<tbody>
		<tr>
			<td style="border-color:White; width:370px">Ch&uacute;ng t&ocirc;i, m?t b&ecirc;n l&agrave; {nsdldOng_Ba} {nsdldHoTen}</td>
			<td style="border-color:White">Qu?c t?ch: {nsdldQuocTich}</td>
		</tr>
	</tbody>
</table>

<p style="text-align:left">Ch?c v?:&nbsp;{nsdldChucVu}</p>

<p style="text-align:left">Ð?i di?n cho: Tru?ng Ð?i h?c D&acirc;n l?p Van Lang</p>

<p style="text-align:left">Ð?a ch?: {DiaChi}</p>

<p style="text-align:left">Ði?n tho?i: {DienThoai}</p>

<p style="text-align:left"><strong><em>L&agrave; ngu?i s? d?ng lao d?ng</em></strong></p>

<p>&nbsp;</p>

<table style="border-collapse:collapse; margin-left:-2px; outline-color:White; outline-width:0px; white-space:nowrap">
	<tbody>
		<tr>
			<td style="border-color:White; width:370px">V&agrave; m?t b&ecirc;n l&agrave; {nldOng_Ba} {nldHoTen}</td>
			<td style="border-color:White">Qu?c t?ch: {nldQuocTich}</td>
		</tr>
	</tbody>
</table>
&nbsp;

<table style="border-collapse:collapse; margin-left:-2px; outline-color:White; outline-width:0px; white-space:nowrap">
	<tbody>
		<tr>
			<td style="border-color:White; width:370px">Sinh ng&agrave;y: {nldNgaySinh}</td>
			<td style="border-color:White">t?i: {nldNoiSinh}</td>
		</tr>
	</tbody>
</table>

<p style="text-align:left">Ngh? nghi?p:&nbsp;{nldNgheNghiep}</p>

<p style="text-align:left">Ð?a ch? thu?ng tr&uacute;: {nldDiaChiThuongTru}</p>

<table style="border-collapse:collapse; margin-left:-2px; outline-color:White; outline-width:0px; white-space:nowrap">
	<tbody>
		<tr>
			<td style="border-color:White; width:190px">S? CMND: {nldSoCMND}</td>
			<td style="border-color:White; width:175px">C?p ng&agrave;y {nldcmndNgayCap}</td>
			<td style="border-color:White">t?i {nldcmndNoiCap}</td>
		</tr>
	</tbody>
</table>

<p style="text-align:left"><strong><em>L&agrave; ngu?i lao d?ng</em></strong></p>

<p style="text-align:left">Th?a thu?n k&yacute; k?t h?p d?ng lao d?ng v&agrave; cam k?t l&agrave;m d&uacute;ng di?u kho?n sau d&acirc;y:</p>

<p style="text-align:left"><strong>Ði?u 1: Th?i h?n v&agrave; c&ocirc;ng vi?c h?p d?ng</strong></p>

<p style="text-align:left">- Loa?i h?p d?ng lao d?ng: {LoaiHD};</p>

<p style="text-align:left">- Th?i h?n HÐLÐ: {ThoiHanHD};</p>

<p style="text-align:left">&nbsp; T? {NgayHieuLuc} d?n h?t {NgayHetHieuLuc};</p>

<p style="text-align:left">- Ð?a di?m l&agrave;m vi?c: 45 Nguy?n Kh?c Nhu, Q.1, Tp.H? Ch&iacute; Minh</p>

<p style="margin-left:135px">&nbsp; 233 Phan Van Tr?, Q.B&igrave;nh Th?nh, Tp.H? Chi Minh</p>

<p style="text-align:left">- Ðon v?: {DonVi};</p>

<table style="border-collapse:collapse; margin-left:-2px; outline-color:White; outline-width:0px; white-space:nowrap">
	<tbody>
		<tr>
			<td style="border-color:White; width:400px">- Ch?c danh chuy&ecirc;n m&ocirc;n: {ChucDanhCM};</td>
			<td style="border-color:White; width:220px">Ch?c v?: {ChucVu}</td>
		</tr>
	</tbody>
</table>

<p style="text-align:left">- C&ocirc;ng vi?c ph?i l&agrave;m: C&ocirc;ng vi?c du?c m&ocirc; t? c? th? trong Ph? l?c h?p d?ng s? 1.</p>

<p style="text-align:left"><strong>Ði?u 2: Ch? d? l&agrave;m vi?c</strong></p>

<p style="text-align:left">- Th?i gi? l&agrave;m vi?c: {ThoiGioLamViec};</p>

<p style="text-align:left">- Ðu?c s? d?ng c&aacute;c phuong ti?n, trang thi?t b? c?a nh&agrave; tru?ng theo nhu c?u c&ocirc;ng vi?c.</p>

<p style="text-align:left"><strong>Ði?u 3: Nghia v? v&agrave; quy?n l?i c?a ngu?i lao d?ng</strong></p>

<p style="text-align:left"><strong>1. Quy?n l?i:</strong></p>

<p style="text-align:left">- Phuong ti?n di l?i l&agrave;m vi?c: T? t&uacute;c;</p>

<p style="text-align:left">- M?c luong ch&iacute;nh: {MucLuong} d?ng/th&aacute;ng;</p>

<p style="text-align:left">- H? s? luong: {HeSo}, b?c {Bac}, ng?ch {Nhom}, B?ng luong {BangLuong} l&agrave;</p>

<p>&nbsp; co s? can c? th?c hi?n c&aacute;c ch? d? cho ngu?i lao d?ng. Thu nh?p du?c t&iacute;nh theo quy</p>

<p>&nbsp; d?nh hi?n h&agrave;nh c?a nh&agrave; tru?ng v&agrave; d&atilde; bao g?m c&aacute;c kho?n ti?n B?o hi?m X&atilde; h?i, B?o hi?m</p>

<p>&nbsp; Y t?, B?o hi?m Th?t nghi?p, ngh? h&agrave;ng nam, ti?n t&agrave;u xe di l?i khi ngh? ph&eacute;p;</p>

<p style="text-align:left">- H&igrave;nh th?c tr? luong: h&agrave;ng th&aacute;ng, v&agrave;o ng&agrave;y 10.</p>

<p style="text-align:left">- Ph? c?p, ti?n thu?ng, ch? d? n&acirc;ng luong: Theo quy d?nh c?a {TruongDH};</p>

<p style="text-align:left">- Ch? d? ngh? ngoi (ngh? h&agrave;ng tu?n, ngh? ph&eacute;p nam, ngh? ng&agrave;y l?, T?t,&hellip;): Theo quy d?nh</p>

<p style="text-align:left">&nbsp; c?a Tru?ng ÐHDL Van Lang;</p>

<p style="text-align:left">- Ch? d? d&agrave;o t?o, b?i du?ng nghi?p v?: Theo quy d?nh c?a Tru?ng ÐHDL Van Lang;</p>

<p>- Kh&ocirc;ng tham gia B?o hi?m X&atilde; h?i, B?o hi?m Y t?, B?o hi?m Th?t nghi?p (do d&atilde; hu?ng</p>

<p>&nbsp; ch? d? huu tr&iacute;).</p>

<p style="text-align:left"><strong>2. Nghia v?:</strong></p>

<p style="text-align:left">- Ch?p h&agrave;nh s? ch? d?o, di?u h&agrave;nh c?a Hi?u tru?ng v&agrave; ;</p>

<p style="text-align:left">- Ho&agrave;n th&agrave;nh nh?ng c&ocirc;ng vi?c d&atilde; th?a thu?n trong h?p d?ng lao d?ng n&agrave;y;</p>

<p style="text-align:left">- Cam k?t ch? l&agrave;m vi?c co h?u cho {TruongDH} theo quy d?nh hi?n h&agrave;nh c?a</p>

<p style="text-align:left">&nbsp; Nh&agrave; tru?ng;</p>

<p style="text-align:left">- Ch?p h&agrave;nh n?i quy, quy d?nh c?a Nh&agrave; tru?ng v&agrave; ph&aacute;p lu?t c?a Nh&agrave; nu?c, cam k?t b?o</p>

<p style="text-align:left">&nbsp; v? uy t&iacute;n, t&agrave;i s?n, b?o m?t c&aacute;c lo?i tu li?u, s? li?u c?a nh&agrave; tru?ng, n?u c&oacute; h&agrave;nh vi</p>

<p style="text-align:left">&nbsp; vi ph?m th&igrave; ch?u x? l&yacute; k? lu?t theo quy d?nh c?a Nha` truo`ng va` ph&aacute;p lu?t c?a Nh&agrave; nu?c;</p>

<p style="text-align:left">- Thu?c hi&ecirc;?n b&ocirc;`i thuo`ng thi&ecirc;?t ha?i v&ecirc;` v&acirc;?t ch&acirc;´t va` chi phi´ da`o ta?o (n?u c&oacute;) theo quy di?nh cu?a</p>

<p style="text-align:left">&nbsp; Nh&agrave; truo`ng v&agrave; ph&aacute;p lu?t c?a Nh&agrave; nu?c.</p>

<p style="text-align:left"><strong>Ði?u 4: Nghia v? v&agrave; quy?n h?n c?a ngu?i s? d?ng lao d?ng</strong></p>

<p style="text-align:left">- B?o d?m vi?c l&agrave;m v&agrave; th?c hi?n d?y d? nh?ng di?u d&atilde; cam k?t trong h?p d?ng lao d?ng;</p>

<p style="text-align:left">- Thanh to&aacute;n d?y d?, d&uacute;ng th?i h?n c&aacute;c ch? d? v&agrave; quy?n l?i cho ngu?i lao d?ng theo h?p</p>

<p style="text-align:left">&nbsp; d?ng lao d?ng.</p>

<p style="text-align:left"><strong>2. Quy?n h?n:</strong></p>

<p style="text-align:left">- Ði?u h&agrave;nh ngu?i lao d?ng ho&agrave;n th&agrave;nh c&ocirc;ng vi?c theo h?p d?ng lao d?ng;</p>

<p style="text-align:left">- T?m ho&atilde;n, ch?m d?t h?p d?ng lao d?ng, k? lu?t ngu?i lao d?ng theo quy di?nh cu?a Nh&agrave;</p>

<p style="text-align:left">&nbsp; truo`ng v&agrave; ph&aacute;p lu?t c?a Nh&agrave; nu?c.</p>

<p style="text-align:left"><strong>Ði?u 5: Ði?u kho?n thi h&agrave;nh</strong></p>

<p style="text-align:left">- Nh?ng v?n d? v? lao d?ng kh&ocirc;ng ghi trong h?p d?ng lao d?ng n&agrave;y th&igrave; &aacute;p d?ng c&aacute;c quy</p>

<p style="text-align:left">&nbsp; d?nh c?a ph&aacute;p lu?t lao d?ng;</p>

<p style="text-align:left">- H?p d?ng n&agrave;y du?c l&agrave;m th&agrave;nh 02 b?n, m?i b&ecirc;n gi? m?t b?n c&oacute; gi&aacute; tr? nhu nhau v&agrave; c&oacute;</p>

<p style="text-align:left">&nbsp; hi?u l?c t? {NgayHieuLuc}</p>

<p style="text-align:left">H?p d?ng n&agrave;y l&agrave;m t?i Ph&ograve;ng K? ho?ch v&agrave; Qu?n l&yacute; nh&acirc;n l?c {Today}</p>
&nbsp;

<table style="border-collapse:collapse; margin-left:30px; outline-color:White; outline-width:0px; white-space:nowrap">
	<tbody>
		<tr>
			<td style="border-color:White; width:380px"><strong>Ngu?i lao d?ng</strong></td>
			<td style="border-color:White"><strong>Ngu?i s? d?ng lao d?ng</strong></td>
		</tr>
		<tr>
			<td style="border-color:White; width:380px">&nbsp;</td>
			<td style="border-color:White">&nbsp;</td>
		</tr>
		<tr>
			<td style="border-color:White; width:380px">&nbsp;</td>
			<td style="border-color:White; text-align:center"><strong>Hi?u tru?ng</strong></td>
		</tr>
		<tr>
			<td style="border-color:White; height:100px; width:380px">&nbsp;</td>
			<td style="border-color:White; height:100px">&nbsp;</td>
		</tr>
		<tr>
			<td style="border-color:White; width:380px">&nbsp;</td>
			<td style="border-color:White; text-align:center"><strong>{nsdldHoTen}</strong></td>
		</tr>
	</tbody>
</table>
</div>
</div>
</div>
</div>
/ChucvutruongDV=/Congviec=/BHXH=false/HSLuong_id=/Bac_id=/Ngach_id=/Nhom_id=/Bangluong_id=/QT_NgayNLDky=/QT_NgayTrinhHT=/QT_NgayHTky=/QT_NgayLuuHS=/QT_NgayTraNLD=/Ghichu=/Save=Luu
   at System.Data.Entity.Internal.InternalContext.SaveChanges()
   at System.Data.Entity.Internal.LazyInternalContext.SaveChanges()
   at System.Data.Entity.DbContext.SaveChanges()
   at HRM.HDLaoDong.Controllers.ThemMoiHDController.Create_HDDaiHan(hdChiTietHDLD hdchitiethdld, hdNLD hdnld, Int32 DSNLDCanTaoHD_id) in C:\Workspace\HRMApplication\WebApplication\Areas\HDLaoDong\Controllers\ThemMoiHDController.cs:line 304
   at lambda_method(Closure , ControllerBase , Object[] )
   at System.Web.Mvc.ActionMethodDispatcher.Execute(ControllerBase controller, Object[] parameters)
   at System.Web.Mvc.ReflectedActionDescriptor.Execute(ControllerContext controllerContext, IDictionary`2 parameters)
   at System.Web.Mvc.ControllerActionInvoker.InvokeActionMethod(ControllerContext controllerContext, ActionDescriptor actionDescriptor, IDictionary`2 parameters)
   at System.Web.Mvc.Async.AsyncControllerActionInvoker.<>c__DisplayClass42.<BeginInvokeSynchronousActionMethod>b__41()
   at System.Web.Mvc.Async.AsyncResultWrapper.<>c__DisplayClass8`1.<BeginSynchronous>b__7(IAsyncResult _)
   at System.Web.Mvc.Async.AsyncResultWrapper.WrappedAsyncResult`1.End()
   at System.Web.Mvc.Async.AsyncControllerActionInvoker.EndInvokeActionMethod(IAsyncResult asyncResult)
   at System.Web.Mvc.Async.AsyncControllerActionInvoker.<>c__DisplayClass37.<>c__DisplayClass39.<BeginInvokeActionMethodWithFilters>b__33()
   at System.Web.Mvc.Async.AsyncControllerActionInvoker.<>c__DisplayClass4f.<InvokeActionMethodFilterAsynchronously>b__49()
   at System.Web.Mvc.Async.AsyncControllerActionInvoker.<>c__DisplayClass4f.<InvokeActionMethodFilterAsynchronously>b__49()
   at System.Web.Mvc.Async.AsyncControllerActionInvoker.<>c__DisplayClass4f.<InvokeActionMethodFilterAsynchronously>b__49()
   at System.Web.Mvc.Async.AsyncControllerActionInvoker.<>c__DisplayClass37.<BeginInvokeActionMethodWithFilters>b__36(IAsyncResult asyncResult)
   at System.Web.Mvc.Async.AsyncResultWrapper.WrappedAsyncResult`1.End()
   at System.Web.Mvc.Async.AsyncControllerActionInvoker.EndInvokeActionMethodWithFilters(IAsyncResult asyncResult)
   at System.Web.Mvc.Async.AsyncControllerActionInvoker.<>c__DisplayClass25.<>c__DisplayClass2a.<BeginInvokeAction>b__20()
   at System.Web.Mvc.Async.AsyncControllerActionInvoker.<>c__DisplayClass25.<BeginInvokeAction>b__22(IAsyncResult asyncResult)
INFO 02:37:06 – ThemMoiHD/Create_HDDaiHan&Gioitinh_id=2&Quoctich_id=1&Nghenghiep_id=&ThoihanHD_id=3&Donvi_id=33&Chucdanh_id=7&Chucvu_id=&ThoigioLV_id=7&DSNLDCanTaoHD_id=105&LoaiHD_id=1&HSLuong_id=&Bac_id=&Ngach_id=&Nhom_id=&Bangluong_id=
ERROR02:40:48 – An error occurred while updating the entries. See the inner exception for details.
/controller=ThemMoiHD/action=Create_HDDaiHan
/SoHD=123/Gioitinh_id=2/HotenNLD=Nguy?n Th? 11/Quoctich_id=1/Ngaysinh=16/06/1982 12:00:00 SA/Noisinh=TP. H? Chí Minh/Nghenghiep_id=/Diachithuongtru=, /soCMND=230865979      /cmndNgaycap=20/05/2017 12:00:00 SA/cmndNoicap=79/ThoihanHD_id=3/NgayHL=01/01/2001/Donvi_id=33/Chucdanh_id=7/Chucvu_id=/ThoigioLV_id=7/Mucluongchinh=12.345.678/DSNLDCanTaoHD_id=105/LoaiHD_id=1/mauHopDong=<div>
<div style="float:left;font-size:16px; padding:0px;margin:0px;">B? GI&Aacute;O D?C V&Agrave; Ð&Agrave;O T?O
<p style="text-align:left"><strong>{TruongDH}</strong></p>

<p style="text-align:left">S?: {SoHD}</p>
</div>

<div style="float:right;font-size:16px; padding:0px;margin:0px;"><strong>C?NG H&Ograve;A X&Atilde; H?I CH? NGHIA VI?T NAM</strong>

<p style="text-align:center">Ð?c l?p - T? do - H?nh ph&uacute;c</p>
</div>
<br />
<br />
<br />
<br />
<br />
<br />
<br />
&nbsp;
<div style="float:left;font-size:18px; padding:0px;margin:0px;">
<p style="text-align:center"><strong>H?P Ð?NG LAO Ð?NG</strong></p>

<div>&nbsp;
<div style="float:left;font-size:16px; padding:0px;margin:0px;">
<table style="border-collapse:collapse; margin-left:-2px; outline-color:White; outline-width:0px; white-space:nowrap">
	<tbody>
		<tr>
			<td style="border-color:White; width:370px">Ch&uacute;ng t&ocirc;i, m?t b&ecirc;n l&agrave; {nsdldOng_Ba} {nsdldHoTen}</td>
			<td style="border-color:White">Qu?c t?ch: {nsdldQuocTich}</td>
		</tr>
	</tbody>
</table>

<p style="text-align:left">Ch?c v?:&nbsp;{nsdldChucVu}</p>

<p style="text-align:left">Ð?i di?n cho: Tru?ng Ð?i h?c D&acirc;n l?p Van Lang</p>

<p style="text-align:left">Ð?a ch?: {DiaChi}</p>

<p style="text-align:left">Ði?n tho?i: {DienThoai}</p>

<p style="text-align:left"><strong><em>L&agrave; ngu?i s? d?ng lao d?ng</em></strong></p>

<p>&nbsp;</p>

<table style="border-collapse:collapse; margin-left:-2px; outline-color:White; outline-width:0px; white-space:nowrap">
	<tbody>
		<tr>
			<td style="border-color:White; width:370px">V&agrave; m?t b&ecirc;n l&agrave; {nldOng_Ba} {nldHoTen}</td>
			<td style="border-color:White">Qu?c t?ch: {nldQuocTich}</td>
		</tr>
	</tbody>
</table>
&nbsp;

<table style="border-collapse:collapse; margin-left:-2px; outline-color:White; outline-width:0px; white-space:nowrap">
	<tbody>
		<tr>
			<td style="border-color:White; width:370px">Sinh ng&agrave;y: {nldNgaySinh}</td>
			<td style="border-color:White">t?i: {nldNoiSinh}</td>
		</tr>
	</tbody>
</table>

<p style="text-align:left">Ngh? nghi?p:&nbsp;{nldNgheNghiep}</p>

<p style="text-align:left">Ð?a ch? thu?ng tr&uacute;: {nldDiaChiThuongTru}</p>

<table style="border-collapse:collapse; margin-left:-2px; outline-color:White; outline-width:0px; white-space:nowrap">
	<tbody>
		<tr>
			<td style="border-color:White; width:190px">S? CMND: {nldSoCMND}</td>
			<td style="border-color:White; width:175px">C?p ng&agrave;y {nldcmndNgayCap}</td>
			<td style="border-color:White">t?i {nldcmndNoiCap}</td>
		</tr>
	</tbody>
</table>

<p style="text-align:left"><strong><em>L&agrave; ngu?i lao d?ng</em></strong></p>

<p style="text-align:left">Th?a thu?n k&yacute; k?t h?p d?ng lao d?ng v&agrave; cam k?t l&agrave;m d&uacute;ng di?u kho?n sau d&acirc;y:</p>

<p style="text-align:left"><strong>Ði?u 1: Th?i h?n v&agrave; c&ocirc;ng vi?c h?p d?ng</strong></p>

<p style="text-align:left">- Loa?i h?p d?ng lao d?ng: {LoaiHD};</p>

<p style="text-align:left">- Th?i h?n HÐLÐ: {ThoiHanHD};</p>

<p style="text-align:left">&nbsp; T? {NgayHieuLuc} d?n h?t {NgayHetHieuLuc};</p>

<p style="text-align:left">- Ð?a di?m l&agrave;m vi?c: 45 Nguy?n Kh?c Nhu, Q.1, Tp.H? Ch&iacute; Minh</p>

<p style="margin-left:135px">&nbsp; 233 Phan Van Tr?, Q.B&igrave;nh Th?nh, Tp.H? Chi Minh</p>

<p style="text-align:left">- Ðon v?: {DonVi};</p>

<table style="border-collapse:collapse; margin-left:-2px; outline-color:White; outline-width:0px; white-space:nowrap">
	<tbody>
		<tr>
			<td style="border-color:White; width:400px">- Ch?c danh chuy&ecirc;n m&ocirc;n: {ChucDanhCM};</td>
			<td style="border-color:White; width:220px">Ch?c v?: {ChucVu}</td>
		</tr>
	</tbody>
</table>

<p style="text-align:left">- C&ocirc;ng vi?c ph?i l&agrave;m: C&ocirc;ng vi?c du?c m&ocirc; t? c? th? trong Ph? l?c h?p d?ng s? 1.</p>

<p style="text-align:left"><strong>Ði?u 2: Ch? d? l&agrave;m vi?c</strong></p>

<p style="text-align:left">- Th?i gi? l&agrave;m vi?c: {ThoiGioLamViec};</p>

<p style="text-align:left">- Ðu?c s? d?ng c&aacute;c phuong ti?n, trang thi?t b? c?a nh&agrave; tru?ng theo nhu c?u c&ocirc;ng vi?c.</p>

<p style="text-align:left"><strong>Ði?u 3: Nghia v? v&agrave; quy?n l?i c?a ngu?i lao d?ng</strong></p>

<p style="text-align:left"><strong>1. Quy?n l?i:</strong></p>

<p style="text-align:left">- Phuong ti?n di l?i l&agrave;m vi?c: T? t&uacute;c;</p>

<p style="text-align:left">- M?c luong ch&iacute;nh: {MucLuong} d?ng/th&aacute;ng;</p>

<p style="text-align:left">- H? s? luong: {HeSo}, b?c {Bac}, ng?ch {Nhom}, B?ng luong {BangLuong} l&agrave;</p>

<p>&nbsp; co s? can c? th?c hi?n c&aacute;c ch? d? cho ngu?i lao d?ng. Thu nh?p du?c t&iacute;nh theo quy</p>

<p>&nbsp; d?nh hi?n h&agrave;nh c?a nh&agrave; tru?ng v&agrave; d&atilde; bao g?m c&aacute;c kho?n ti?n B?o hi?m X&atilde; h?i, B?o hi?m</p>

<p>&nbsp; Y t?, B?o hi?m Th?t nghi?p, ngh? h&agrave;ng nam, ti?n t&agrave;u xe di l?i khi ngh? ph&eacute;p;</p>

<p style="text-align:left">- H&igrave;nh th?c tr? luong: h&agrave;ng th&aacute;ng, v&agrave;o ng&agrave;y 10.</p>

<p style="text-align:left">- Ph? c?p, ti?n thu?ng, ch? d? n&acirc;ng luong: Theo quy d?nh c?a {TruongDH};</p>

<p style="text-align:left">- Ch? d? ngh? ngoi (ngh? h&agrave;ng tu?n, ngh? ph&eacute;p nam, ngh? ng&agrave;y l?, T?t,&hellip;): Theo quy d?nh</p>

<p style="text-align:left">&nbsp; c?a Tru?ng ÐHDL Van Lang;</p>

<p style="text-align:left">- Ch? d? d&agrave;o t?o, b?i du?ng nghi?p v?: Theo quy d?nh c?a Tru?ng ÐHDL Van Lang;</p>

<p>- Kh&ocirc;ng tham gia B?o hi?m X&atilde; h?i, B?o hi?m Y t?, B?o hi?m Th?t nghi?p (do d&atilde; hu?ng</p>

<p>&nbsp; ch? d? huu tr&iacute;).</p>

<p style="text-align:left"><strong>2. Nghia v?:</strong></p>

<p style="text-align:left">- Ch?p h&agrave;nh s? ch? d?o, di?u h&agrave;nh c?a Hi?u tru?ng v&agrave; ;</p>

<p style="text-align:left">- Ho&agrave;n th&agrave;nh nh?ng c&ocirc;ng vi?c d&atilde; th?a thu?n trong h?p d?ng lao d?ng n&agrave;y;</p>

<p style="text-align:left">- Cam k?t ch? l&agrave;m vi?c co h?u cho {TruongDH} theo quy d?nh hi?n h&agrave;nh c?a</p>

<p style="text-align:left">&nbsp; Nh&agrave; tru?ng;</p>

<p style="text-align:left">- Ch?p h&agrave;nh n?i quy, quy d?nh c?a Nh&agrave; tru?ng v&agrave; ph&aacute;p lu?t c?a Nh&agrave; nu?c, cam k?t b?o</p>

<p style="text-align:left">&nbsp; v? uy t&iacute;n, t&agrave;i s?n, b?o m?t c&aacute;c lo?i tu li?u, s? li?u c?a nh&agrave; tru?ng, n?u c&oacute; h&agrave;nh vi</p>

<p style="text-align:left">&nbsp; vi ph?m th&igrave; ch?u x? l&yacute; k? lu?t theo quy d?nh c?a Nha` truo`ng va` ph&aacute;p lu?t c?a Nh&agrave; nu?c;</p>

<p style="text-align:left">- Thu?c hi&ecirc;?n b&ocirc;`i thuo`ng thi&ecirc;?t ha?i v&ecirc;` v&acirc;?t ch&acirc;´t va` chi phi´ da`o ta?o (n?u c&oacute;) theo quy di?nh cu?a</p>

<p style="text-align:left">&nbsp; Nh&agrave; truo`ng v&agrave; ph&aacute;p lu?t c?a Nh&agrave; nu?c.</p>

<p style="text-align:left"><strong>Ði?u 4: Nghia v? v&agrave; quy?n h?n c?a ngu?i s? d?ng lao d?ng</strong></p>

<p style="text-align:left">- B?o d?m vi?c l&agrave;m v&agrave; th?c hi?n d?y d? nh?ng di?u d&atilde; cam k?t trong h?p d?ng lao d?ng;</p>

<p style="text-align:left">- Thanh to&aacute;n d?y d?, d&uacute;ng th?i h?n c&aacute;c ch? d? v&agrave; quy?n l?i cho ngu?i lao d?ng theo h?p</p>

<p style="text-align:left">&nbsp; d?ng lao d?ng.</p>

<p style="text-align:left"><strong>2. Quy?n h?n:</strong></p>

<p style="text-align:left">- Ði?u h&agrave;nh ngu?i lao d?ng ho&agrave;n th&agrave;nh c&ocirc;ng vi?c theo h?p d?ng lao d?ng;</p>

<p style="text-align:left">- T?m ho&atilde;n, ch?m d?t h?p d?ng lao d?ng, k? lu?t ngu?i lao d?ng theo quy di?nh cu?a Nh&agrave;</p>

<p style="text-align:left">&nbsp; truo`ng v&agrave; ph&aacute;p lu?t c?a Nh&agrave; nu?c.</p>

<p style="text-align:left"><strong>Ði?u 5: Ði?u kho?n thi h&agrave;nh</strong></p>

<p style="text-align:left">- Nh?ng v?n d? v? lao d?ng kh&ocirc;ng ghi trong h?p d?ng lao d?ng n&agrave;y th&igrave; &aacute;p d?ng c&aacute;c quy</p>

<p style="text-align:left">&nbsp; d?nh c?a ph&aacute;p lu?t lao d?ng;</p>

<p style="text-align:left">- H?p d?ng n&agrave;y du?c l&agrave;m th&agrave;nh 02 b?n, m?i b&ecirc;n gi? m?t b?n c&oacute; gi&aacute; tr? nhu nhau v&agrave; c&oacute;</p>

<p style="text-align:left">&nbsp; hi?u l?c t? {NgayHieuLuc}</p>

<p style="text-align:left">H?p d?ng n&agrave;y l&agrave;m t?i Ph&ograve;ng K? ho?ch v&agrave; Qu?n l&yacute; nh&acirc;n l?c {Today}</p>
&nbsp;

<table style="border-collapse:collapse; margin-left:30px; outline-color:White; outline-width:0px; white-space:nowrap">
	<tbody>
		<tr>
			<td style="border-color:White; width:380px"><strong>Ngu?i lao d?ng</strong></td>
			<td style="border-color:White"><strong>Ngu?i s? d?ng lao d?ng</strong></td>
		</tr>
		<tr>
			<td style="border-color:White; width:380px">&nbsp;</td>
			<td style="border-color:White">&nbsp;</td>
		</tr>
		<tr>
			<td style="border-color:White; width:380px">&nbsp;</td>
			<td style="border-color:White; text-align:center"><strong>Hi?u tru?ng</strong></td>
		</tr>
		<tr>
			<td style="border-color:White; height:100px; width:380px">&nbsp;</td>
			<td style="border-color:White; height:100px">&nbsp;</td>
		</tr>
		<tr>
			<td style="border-color:White; width:380px">&nbsp;</td>
			<td style="border-color:White; text-align:center"><strong>{nsdldHoTen}</strong></td>
		</tr>
	</tbody>
</table>
</div>
</div>
</div>
</div>
/ChucvutruongDV=/Congviec=/BHXH=false/HSLuong_id=/Bac_id=/Ngach_id=/Nhom_id=/Bangluong_id=/QT_NgayNLDky=/QT_NgayTrinhHT=/QT_NgayHTky=/QT_NgayLuuHS=/QT_NgayTraNLD=/Ghichu=/Save=Luu
   at System.Data.Entity.Internal.InternalContext.SaveChanges()
   at System.Data.Entity.Internal.LazyInternalContext.SaveChanges()
   at System.Data.Entity.DbContext.SaveChanges()
   at HRM.HDLaoDong.Controllers.ThemMoiHDController.Create_HDDaiHan(hdChiTietHDLD hdchitiethdld, hdNLD hdnld, Int32 DSNLDCanTaoHD_id) in C:\Workspace\HRMApplication\WebApplication\Areas\HDLaoDong\Controllers\ThemMoiHDController.cs:line 304
   at lambda_method(Closure , ControllerBase , Object[] )
   at System.Web.Mvc.ActionMethodDispatcher.Execute(ControllerBase controller, Object[] parameters)
   at System.Web.Mvc.ReflectedActionDescriptor.Execute(ControllerContext controllerContext, IDictionary`2 parameters)
   at System.Web.Mvc.ControllerActionInvoker.InvokeActionMethod(ControllerContext controllerContext, ActionDescriptor actionDescriptor, IDictionary`2 parameters)
   at System.Web.Mvc.Async.AsyncControllerActionInvoker.<>c__DisplayClass42.<BeginInvokeSynchronousActionMethod>b__41()
   at System.Web.Mvc.Async.AsyncResultWrapper.<>c__DisplayClass8`1.<BeginSynchronous>b__7(IAsyncResult _)
   at System.Web.Mvc.Async.AsyncResultWrapper.WrappedAsyncResult`1.End()
   at System.Web.Mvc.Async.AsyncControllerActionInvoker.EndInvokeActionMethod(IAsyncResult asyncResult)
   at System.Web.Mvc.Async.AsyncControllerActionInvoker.<>c__DisplayClass37.<>c__DisplayClass39.<BeginInvokeActionMethodWithFilters>b__33()
   at System.Web.Mvc.Async.AsyncControllerActionInvoker.<>c__DisplayClass4f.<InvokeActionMethodFilterAsynchronously>b__49()
   at System.Web.Mvc.Async.AsyncControllerActionInvoker.<>c__DisplayClass4f.<InvokeActionMethodFilterAsynchronously>b__49()
   at System.Web.Mvc.Async.AsyncControllerActionInvoker.<>c__DisplayClass4f.<InvokeActionMethodFilterAsynchronously>b__49()
   at System.Web.Mvc.Async.AsyncControllerActionInvoker.<>c__DisplayClass37.<BeginInvokeActionMethodWithFilters>b__36(IAsyncResult asyncResult)
   at System.Web.Mvc.Async.AsyncResultWrapper.WrappedAsyncResult`1.End()
   at System.Web.Mvc.Async.AsyncControllerActionInvoker.EndInvokeActionMethodWithFilters(IAsyncResult asyncResult)
   at System.Web.Mvc.Async.AsyncControllerActionInvoker.<>c__DisplayClass25.<>c__DisplayClass2a.<BeginInvokeAction>b__20()
   at System.Web.Mvc.Async.AsyncControllerActionInvoker.<>c__DisplayClass25.<BeginInvokeAction>b__22(IAsyncResult asyncResult)
INFO 02:40:51 – ThemMoiHD/Create_HDDaiHan&Gioitinh_id=2&Quoctich_id=1&Nghenghiep_id=&ThoihanHD_id=3&Donvi_id=33&Chucdanh_id=7&Chucvu_id=&ThoigioLV_id=7&DSNLDCanTaoHD_id=105&LoaiHD_id=1&HSLuong_id=&Bac_id=&Ngach_id=&Nhom_id=&Bangluong_id=
INFO 02:40:52 – ThemMoiHD/Edit_HDDaiHan
INFO 02:40:53 – Message/Partial
INFO 02:40:59 – ThemMoiHD/Edit_HDDaiHan&Gioitinh_id=2&Donvi_id=33&LoaiHD_id=1&ThoihanHD_id=3&Chucdanh_id=7&Chucvu_id=&ThoigioLV_id=7&HSLuong_id=&Bac_id=&Ngach_id=&Nhom_id=&Bangluong_id=
INFO 02:41:00 – CreateWordHD/Details_DHCH
INFO 02:41:02 – Message/Partial
INFO 02:41:13 – ThemMoiHD/Edit_HDDaiHan
INFO 02:41:15 – Message/Partial
INFO 02:41:26 – ThemMoiHD/Edit_HDDaiHan&Gioitinh_id=2&Donvi_id=33&LoaiHD_id=1&ThoihanHD_id=3&Chucdanh_id=7&Chucvu_id=&ThoigioLV_id=7&HSLuong_id=&Bac_id=&Ngach_id=&Nhom_id=&Bangluong_id=
INFO 02:41:27 – CreateWordHD/Details_DHCH
INFO 02:41:27 – Message/Partial
INFO 02:41:40 – ThemMoiHD/View_BanHopDong&id=974
INFO 02:41:41 – Message/Partial&id=974
INFO 02:41:46 – ThemMoiHD/View_BanHopDong
INFO 02:41:47 – Message/Partial
INFO 02:41:50 – ThemMoiHD/View_BanHopDong
INFO 02:41:50 – Message/Partial
INFO 02:41:53 – ThemMoiHD/View_BanHopDong
INFO 02:41:53 – Message/Partial
INFO 02:42:22 – ThemMoiHD/Edit_HDDaiHan
INFO 02:42:23 – Message/Partial
INFO 02:44:27 – BaoCao/Index
INFO 02:44:30 – Message/Partial
INFO 02:44:53 – BaoCao/Index
INFO 02:44:56 – Message/Partial
INFO 02:47:11 – BaoCao/Index
INFO 02:47:15 – Message/Partial
