INFO 02:29:23 – Home/Index
INFO 02:29:23 – Login/Index
INFO 02:29:32 – Login/Index
INFO 02:29:32 – Home/Index
INFO 02:29:37 – TinhCong/Index
INFO 02:29:39 – TinhCong/CongThuc
INFO 02:29:44 – TinhCong/CongThuc
INFO 02:29:54 – TinhCong/Details&NV_id=51
INFO 02:34:35 – TinhCong/Details&NV_id=51
INFO 02:36:51 – TinhCong/Details&NV_id=51
INFO 02:37:25 – TinhCong/Details&NV_id=51
INFO 02:45:44 – TinhCong/Details&NV_id=91
INFO 11:18:15 – Home/Index
INFO 11:18:17 – Login/Index
INFO 11:19:20 – Login/Index
INFO 11:19:20 – Home/Index
INFO 11:19:25 – TinhCong/Index
INFO 11:19:28 – TinhCong/CongThuc
INFO 11:19:41 – TinhCong/CongThuc
INFO 11:20:40 – TinhCong/CongThuc
INFO 11:20:48 – TinhCong/CongThuc
