INFO 10:39:39 – Home/Index
INFO 10:39:40 – Login/Index
INFO 10:40:38 – Login/Index
INFO 10:40:38 – Home/Index
INFO 10:41:28 – HSNhanSu/Index
INFO 10:41:29 – NhanVien/IndexP
INFO 10:53:57 – NhanVien/CreateP
INFO 10:54:00 – NhanVien/CreateP
INFO 11:17:51 – HSNhanSu/Index
INFO 11:17:52 – NhanVien/IndexP
INFO 11:19:52 – HSNhanSu/Index
INFO 11:19:52 – NhanVien/IndexP
INFO 11:21:24 – HSNhanSu/Index
INFO 11:21:24 – NhanVien/IndexP
ERROR11:21:27 – Object reference not set to an instance of an object.
/controller=HSNhanSu/action=Index
   at HRM.Webpages.Filters.LogAttribute.OnActionExecuting(ActionExecutingContext filterContext) in C:\Workspace\HRMApplication\WebApplication\Filters\LogAttribute.cs:line 17
   at System.Web.Mvc.Async.AsyncControllerActionInvoker.InvokeActionMethodFilterAsynchronously(IActionFilter filter, ActionExecutingContext preContext, Func`1 nextInChain)
   at System.Web.Mvc.Async.AsyncControllerActionInvoker.<>c__DisplayClass37.<>c__DisplayClass39.<>c__DisplayClass3b.<BeginInvokeActionMethodWithFilters>b__35()
   at System.Web.Mvc.Async.AsyncControllerActionInvoker.InvokeActionMethodFilterAsynchronously(IActionFilter filter, ActionExecutingContext preContext, Func`1 nextInChain)
   at System.Web.Mvc.Async.AsyncControllerActionInvoker.<>c__DisplayClass37.<>c__DisplayClass39.<>c__DisplayClass3b.<BeginInvokeActionMethodWithFilters>b__35()
   at System.Web.Mvc.Async.AsyncControllerActionInvoker.<>c__DisplayClass37.<BeginInvokeActionMethodWithFilters>b__31(AsyncCallback asyncCallback, Object asyncState)
   at System.Web.Mvc.Async.AsyncResultWrapper.WrappedAsyncResult`1.Begin(AsyncCallback callback, Object state, Int32 timeout)
   at System.Web.Mvc.Async.AsyncControllerActionInvoker.BeginInvokeActionMethodWithFilters(ControllerContext controllerContext, IList`1 filters, ActionDescriptor actionDescriptor, IDictionary`2 parameters, AsyncCallback callback, Object state)
   at System.Web.Mvc.Async.AsyncControllerActionInvoker.<>c__DisplayClass25.<BeginInvokeAction>b__1e(AsyncCallback asyncCallback, Object asyncState)
INFO 11:21:48 – HSNhanSu/Index
INFO 11:21:48 – NhanVien/IndexP
INFO 11:22:38 – HSNhanSu/Index
INFO 11:22:38 – NhanVien/IndexP
INFO 11:23:41 – HSNhanSu/Index
INFO 11:23:41 – NhanVien/IndexP
INFO 11:23:48 – HSNhanSu/Index
INFO 11:23:48 – NhanVien/IndexP
INFO 11:23:58 – HSNhanSu/Index
INFO 11:23:58 – NhanVien/IndexP
INFO 11:25:17 – HSNhanSu/Index
INFO 11:25:17 – NhanVien/IndexP
INFO 11:25:29 – HSNhanSu/Index
INFO 11:25:29 – NhanVien/IndexP
INFO 11:25:45 – HSNhanSu/Index
INFO 11:25:45 – NhanVien/IndexP
INFO 11:25:54 – HSNhanSu/Index
INFO 11:25:54 – NhanVien/IndexP
INFO 11:25:56 – HSNhanSu/Index
INFO 11:25:56 – NhanVien/IndexP
INFO 11:25:59 – HSNhanSu/Index
INFO 11:25:59 – NhanVien/IndexP
INFO 11:26:56 – HSNhanSu/Index
INFO 11:26:57 – NhanVien/IndexP
INFO 11:27:00 – HSNhanSu/Index
INFO 11:27:00 – NhanVien/IndexP
INFO 11:27:02 – HSNhanSu/Index
INFO 11:27:02 – NhanVien/IndexP
INFO 11:32:30 – HSNhanSu/Index
INFO 11:32:30 – NhanVien/IndexP
INFO 11:32:50 – HSNhanSu/Index
INFO 11:32:51 – NhanVien/IndexP
INFO 11:33:00 – HSNhanSu/Index
INFO 11:33:00 – NhanVien/IndexP
INFO 11:33:56 – HSNhanSu/Index
INFO 11:33:56 – NhanVien/IndexP
INFO 11:33:57 – HSNhanSu/Index
INFO 11:33:57 – NhanVien/IndexP
INFO 11:33:57 – HSNhanSu/Index
INFO 11:33:57 – NhanVien/IndexP
INFO 11:33:57 – HSNhanSu/Index
INFO 11:33:57 – NhanVien/IndexP
INFO 11:33:59 – HSNhanSu/Index
INFO 11:33:59 – NhanVien/IndexP
INFO 11:34:00 – HSNhanSu/Index
INFO 11:34:00 – NhanVien/IndexP
INFO 11:34:23 – HSNhanSu/Index
INFO 11:34:23 – NhanVien/IndexP
INFO 11:35:08 – HSNhanSu/Index
INFO 11:35:08 – NhanVien/IndexP
INFO 11:35:12 – HSNhanSu/Index
INFO 11:35:12 – NhanVien/IndexP
INFO 11:35:14 – HSNhanSu/Index
INFO 11:35:14 – NhanVien/IndexP
INFO 11:35:16 – HSNhanSu/Index
INFO 11:35:16 – NhanVien/IndexP
INFO 11:35:29 – HSNhanSu/Index
INFO 11:35:33 – NhanVien/IndexP
INFO 11:35:52 – HSNhanSu/Index
INFO 11:35:52 – NhanVien/IndexP
INFO 11:35:56 – HSNhanSu/Index
INFO 11:35:56 – NhanVien/IndexP
INFO 11:36:02 – HSNhanSu/Index
INFO 11:36:02 – NhanVien/IndexP
INFO 11:36:11 – NhanVien/CreateP
INFO 11:36:45 – NhanVien/CreateS
INFO 11:36:45 – HSNhanSu/Index
INFO 11:36:45 – NhanVien/IndexP
INFO 11:38:59 – HSNhanSu/Index
INFO 11:38:59 – NhanVien/IndexP
INFO 11:39:59 – HSNhanSu/Details
INFO 11:40:02 – SoYeuLyLich/EditP
INFO 11:40:03 – TheDinhDanh/IndexP
INFO 11:41:17 – HSNhanSu/Details
INFO 11:41:17 – TTLienHe/EditP
INFO 11:41:18 – DiaChiNha/IndexP
INFO 11:41:25 – HSNhanSu/Details
INFO 11:41:25 – SoYeuLyLich/EditP
INFO 11:41:26 – TheDinhDanh/IndexP
INFO 11:41:35 – SoYeuLyLich/Update&id=666&nid=643&GioiTinh_id=&NoiSinh_TinhThanh_id=&NoiSinh_QuanHuyen_id=&NoiSinh_PhuongXa_id=&QueQuan_TinhThanh_id=&QueQuan_QuanHuyen_id=&QueQuan_PhuongXa_id=&DanToc_id=&TonGiao_id=&QuocTich_id=&ChungMinhNhanDan_id=&HoKhauThuongTru_id=&NoiOHienNay_id=&NgachVienChuc_id=&BacLuong_id=&TrinhDoHocVan_id=&HocVi_id=&HocHam_id=&LyLuanChinhTri_id=&QuanHamCaoNhat_id=&DanhHieuCaoNhat_id=&LaThuongBinhHang_id=&GiaDinhChinhSach_id=
INFO 11:41:35 – HSNhanSu/Details
INFO 11:41:35 – SoYeuLyLich/EditP
INFO 11:41:35 – TheDinhDanh/IndexP
INFO 11:41:48 – TheDinhDanh/EditP&NV_id=666
INFO 11:43:46 – TheDinhDanh/EditP&NV_id=666
INFO 11:43:50 – HSNhanSu/Details
INFO 11:43:50 – SoYeuLyLich/EditP
INFO 11:43:50 – TheDinhDanh/IndexP
INFO 11:44:02 – TheDinhDanh/EditP&NV_id=666
INFO 11:45:26 – TheDinhDanh/CreateS&id=&NV_id=666&LoaiThe_id=1&NoiCap_id=
INFO 11:45:26 – HSNhanSu/Details
INFO 11:45:26 – SoYeuLyLich/EditP
INFO 11:45:27 – TheDinhDanh/IndexP
INFO 11:45:32 – TheDinhDanh/EditP&id=789
INFO 11:45:39 – TheDinhDanh/UpdateS&id=789&NV_id=666&LoaiThe_id=1&NoiCap_id=24
INFO 11:45:39 – HSNhanSu/Details
INFO 11:45:39 – SoYeuLyLich/EditP
INFO 11:45:39 – TheDinhDanh/IndexP
INFO 11:45:49 – TheDinhDanh/EditP&id=789
