INFO 12:44:32 – Home/Index
INFO 12:44:34 – Login/Index
INFO 12:49:24 – Login/Index
INFO 12:49:24 – Home/Index
INFO 12:49:25 – HSNhanSu/Details
INFO 12:49:34 – CTDoanTheTruoc/IndexP
INFO 12:49:35 – CTDoanThe/IndexP
ERROR12:49:36 – 'column' argument cannot be null.
Parameter name: column
/NV_id=47/controller=CTDoanThe/action=IndexP/id=47/a37cf1ad-55b9-4447-b563-a9e07f6f5c6b=System.Web.Mvc.DictionaryValueProvider`1[System.Object]
   at System.Data.DataRow.CheckColumn(DataColumn column)
   at System.Data.DataRow.get_Item(DataColumn column)
   at HRM.Webpages.Helpers.DataTableExt.Display(HtmlHelper html, DataRow model, DataColumn field) in c:\Workspace\HRMApplication\HRMLibraries\Helpers\DataTable.cs:line 225
   at ASP._Page_Areas_QLHSNhanSu_Views_CTDoanThe_Index_cshtml.Execute() in c:\Workspace\HRMApplication\WebApplication\Areas\QLHSNhanSu\Views\CTDoanThe\Index.cshtml:line 39
   at System.Web.WebPages.WebPageBase.ExecutePageHierarchy()
   at System.Web.Mvc.WebViewPage.ExecutePageHierarchy()
   at System.Web.WebPages.WebPageBase.ExecutePageHierarchy(WebPageContext pageContext, TextWriter writer, WebPageRenderingBase startPage)
   at System.Web.Mvc.RazorView.RenderView(ViewContext viewContext, TextWriter writer, Object instance)
   at System.Web.Mvc.BuildManagerCompiledView.Render(ViewContext viewContext, TextWriter writer)
   at System.Web.Mvc.ViewResultBase.ExecuteResult(ControllerContext context)
   at System.Web.Mvc.ControllerActionInvoker.InvokeActionResult(ControllerContext controllerContext, ActionResult actionResult)
   at System.Web.Mvc.ControllerActionInvoker.<>c__DisplayClass1a.<InvokeActionResultWithFilters>b__17()
   at System.Web.Mvc.ControllerActionInvoker.InvokeActionResultFilter(IResultFilter filter, ResultExecutingContext preContext, Func`1 continuation)
   at System.Web.Mvc.ControllerActionInvoker.<>c__DisplayClass1a.<>c__DisplayClass1c.<InvokeActionResultWithFilters>b__19()
   at System.Web.Mvc.ControllerActionInvoker.InvokeActionResultFilter(IResultFilter filter, ResultExecutingContext preContext, Func`1 continuation)
   at System.Web.Mvc.ControllerActionInvoker.<>c__DisplayClass1a.<>c__DisplayClass1c.<InvokeActionResultWithFilters>b__19()
   at System.Web.Mvc.ControllerActionInvoker.InvokeActionResultFilter(IResultFilter filter, ResultExecutingContext preContext, Func`1 continuation)
   at System.Web.Mvc.ControllerActionInvoker.<>c__DisplayClass1a.<>c__DisplayClass1c.<InvokeActionResultWithFilters>b__19()
   at System.Web.Mvc.ControllerActionInvoker.InvokeActionResultWithFilters(ControllerContext controllerContext, IList`1 filters, ActionResult actionResult)
   at System.Web.Mvc.Async.AsyncControllerActionInvoker.<>c__DisplayClass25.<>c__DisplayClass2a.<BeginInvokeAction>b__20()
   at System.Web.Mvc.Async.AsyncControllerActionInvoker.<>c__DisplayClass25.<BeginInvokeAction>b__22(IAsyncResult asyncResult)
ERROR12:49:36 – Error executing child request for handler 'System.Web.Mvc.HttpHandlerUtil+ServerExecuteHttpHandlerAsyncWrapper'.
/controller=HSNhanSu/action=Details/id=47
   at System.Web.HttpServerUtility.ExecuteInternal(IHttpHandler handler, TextWriter writer, Boolean preserveForm, Boolean setPreviousPage, VirtualPath path, VirtualPath filePath, String physPath, Exception error, String queryStringOverride)
   at System.Web.HttpServerUtility.Execute(IHttpHandler handler, TextWriter writer, Boolean preserveForm, Boolean setPreviousPage)
   at System.Web.HttpServerUtility.Execute(IHttpHandler handler, TextWriter writer, Boolean preserveForm)
   at System.Web.HttpServerUtilityWrapper.Execute(IHttpHandler handler, TextWriter writer, Boolean preserveForm)
   at System.Web.Mvc.Html.ChildActionExtensions.ActionHelper(HtmlHelper htmlHelper, String actionName, String controllerName, RouteValueDictionary routeValues, TextWriter textWriter)
   at System.Web.Mvc.Html.ChildActionExtensions.Action(HtmlHelper htmlHelper, String actionName, String controllerName, RouteValueDictionary routeValues)
   at System.Web.Mvc.Html.ChildActionExtensions.Action(HtmlHelper htmlHelper, String actionName, String controllerName, Object routeValues)
   at ASP._Page_Areas_QLHSNhanSu_Views_HSNhanSu_Details_cshtml.Execute() in c:\Workspace\HRMApplication\WebApplication\Areas\QLHSNhanSu\Views\HSNhanSu\Details.cshtml:line 100
   at System.Web.WebPages.WebPageBase.ExecutePageHierarchy()
   at System.Web.Mvc.WebViewPage.ExecutePageHierarchy()
   at System.Web.WebPages.StartPage.RunPage()
   at System.Web.WebPages.StartPage.ExecutePageHierarchy()
   at System.Web.WebPages.WebPageBase.ExecutePageHierarchy(WebPageContext pageContext, TextWriter writer, WebPageRenderingBase startPage)
   at System.Web.Mvc.RazorView.RenderView(ViewContext viewContext, TextWriter writer, Object instance)
   at System.Web.Mvc.BuildManagerCompiledView.Render(ViewContext viewContext, TextWriter writer)
   at System.Web.Mvc.ViewResultBase.ExecuteResult(ControllerContext context)
   at System.Web.Mvc.ControllerActionInvoker.InvokeActionResult(ControllerContext controllerContext, ActionResult actionResult)
   at System.Web.Mvc.ControllerActionInvoker.<>c__DisplayClass1a.<InvokeActionResultWithFilters>b__17()
   at System.Web.Mvc.ControllerActionInvoker.InvokeActionResultFilter(IResultFilter filter, ResultExecutingContext preContext, Func`1 continuation)
   at System.Web.Mvc.ControllerActionInvoker.<>c__DisplayClass1a.<>c__DisplayClass1c.<InvokeActionResultWithFilters>b__19()
   at System.Web.Mvc.ControllerActionInvoker.InvokeActionResultFilter(IResultFilter filter, ResultExecutingContext preContext, Func`1 continuation)
   at System.Web.Mvc.ControllerActionInvoker.<>c__DisplayClass1a.<>c__DisplayClass1c.<InvokeActionResultWithFilters>b__19()
   at System.Web.Mvc.ControllerActionInvoker.InvokeActionResultFilter(IResultFilter filter, ResultExecutingContext preContext, Func`1 continuation)
   at System.Web.Mvc.ControllerActionInvoker.<>c__DisplayClass1a.<>c__DisplayClass1c.<InvokeActionResultWithFilters>b__19()
   at System.Web.Mvc.ControllerActionInvoker.InvokeActionResultWithFilters(ControllerContext controllerContext, IList`1 filters, ActionResult actionResult)
   at System.Web.Mvc.Async.AsyncControllerActionInvoker.<>c__DisplayClass25.<>c__DisplayClass2a.<BeginInvokeAction>b__20()
   at System.Web.Mvc.Async.AsyncControllerActionInvoker.<>c__DisplayClass25.<BeginInvokeAction>b__22(IAsyncResult asyncResult)
INFO 01:01:39 – HSNhanSu/Details
INFO 01:01:39 – CTDoanTheTruoc/IndexP
INFO 01:01:39 – CTDoanThe/IndexP
INFO 01:01:48 – CTDoanThe/EditP&NV_id=47
ERROR01:01:48 – Object reference not set to an instance of an object.
/controller=CTDoanThe/action=EditP
   at HRM.Webpages.Helpers.DataTableExt.Editor(HtmlHelper html, DataRow model, DataColumn field) in c:\Workspace\HRMApplication\HRMLibraries\Helpers\DataTable.cs:line 210
   at ASP._Page_Areas_QLHSNhanSu_Views_CTDoanThe_Edit_cshtml.Execute() in c:\Workspace\HRMApplication\WebApplication\Areas\QLHSNhanSu\Views\CTDoanThe\Edit.cshtml:line 31
   at System.Web.WebPages.WebPageBase.ExecutePageHierarchy()
   at System.Web.Mvc.WebViewPage.ExecutePageHierarchy()
   at System.Web.WebPages.WebPageBase.ExecutePageHierarchy(WebPageContext pageContext, TextWriter writer, WebPageRenderingBase startPage)
   at System.Web.Mvc.RazorView.RenderView(ViewContext viewContext, TextWriter writer, Object instance)
   at System.Web.Mvc.BuildManagerCompiledView.Render(ViewContext viewContext, TextWriter writer)
   at System.Web.Mvc.ViewResultBase.ExecuteResult(ControllerContext context)
   at System.Web.Mvc.ControllerActionInvoker.InvokeActionResult(ControllerContext controllerContext, ActionResult actionResult)
   at System.Web.Mvc.ControllerActionInvoker.<>c__DisplayClass1a.<InvokeActionResultWithFilters>b__17()
   at System.Web.Mvc.ControllerActionInvoker.InvokeActionResultFilter(IResultFilter filter, ResultExecutingContext preContext, Func`1 continuation)
   at System.Web.Mvc.ControllerActionInvoker.<>c__DisplayClass1a.<>c__DisplayClass1c.<InvokeActionResultWithFilters>b__19()
   at System.Web.Mvc.ControllerActionInvoker.InvokeActionResultFilter(IResultFilter filter, ResultExecutingContext preContext, Func`1 continuation)
   at System.Web.Mvc.ControllerActionInvoker.<>c__DisplayClass1a.<>c__DisplayClass1c.<InvokeActionResultWithFilters>b__19()
   at System.Web.Mvc.ControllerActionInvoker.InvokeActionResultFilter(IResultFilter filter, ResultExecutingContext preContext, Func`1 continuation)
   at System.Web.Mvc.ControllerActionInvoker.<>c__DisplayClass1a.<>c__DisplayClass1c.<InvokeActionResultWithFilters>b__19()
   at System.Web.Mvc.ControllerActionInvoker.InvokeActionResultWithFilters(ControllerContext controllerContext, IList`1 filters, ActionResult actionResult)
   at System.Web.Mvc.Async.AsyncControllerActionInvoker.<>c__DisplayClass25.<>c__DisplayClass2a.<BeginInvokeAction>b__20()
   at System.Web.Mvc.Async.AsyncControllerActionInvoker.<>c__DisplayClass25.<BeginInvokeAction>b__22(IAsyncResult asyncResult)
INFO 01:02:10 – CTDoanThe/EditP&NV_id=47
INFO 01:02:16 – CTDoanTheTruoc/EditP&NV_id=47
INFO 01:02:27 – HSNhanSu/Details
INFO 01:02:27 – SoYeuLyLich/EditP
INFO 01:02:29 – TheDinhDanh/IndexP
INFO 01:02:46 – SoYeuLyLich/Update&id=47&nid=20&GioiTinh_id=1&NoiSinh_TinhThanh_id=75&NoiSinh_QuanHuyen_id=734&NoiSinh_PhuongXa_id=26116&QueQuan_TinhThanh_id=77&QueQuan_QuanHuyen_id=&QueQuan_PhuongXa_id=&DanToc_id=1&TonGiao_id=&QuocTich_id=&ChungMinhNhanDan_id=745&HoKhauThuongTru_id=1387&NoiOHienNay_id=1387&NgachVienChuc_id=6&BacLuong_id=1&TrinhDoHocVan_id=21&HocVi_id=13&ChucDanhGiangVien_id=3&HocHam_id=&LyLuanChinhTri_id=&TrinhDoNgoaiNgu_id=&TrinhDoTinHoc_id=&QuanHamCaoNhat_id=&DanhHieuCaoNhat_id=&LaThuongBinhHang_id=&GiaDinhChinhSach_id=
INFO 01:02:46 – HSNhanSu/Details
INFO 01:02:46 – SoYeuLyLich/EditP
INFO 01:02:46 – TheDinhDanh/IndexP
INFO 01:06:49 – HSNhanSu/Details
INFO 01:06:49 – SoYeuLyLich/EditP
INFO 01:06:51 – TheDinhDanh/IndexP
INFO 01:07:02 – HSNhanSu/Details
INFO 01:07:03 – SoYeuLyLich/EditP
INFO 01:07:03 – TheDinhDanh/IndexP
INFO 01:09:21 – HSNhanSu/Details
INFO 01:09:21 – SoYeuLyLich/EditP
INFO 01:09:23 – TheDinhDanh/IndexP
INFO 01:09:29 – HSNhanSu/Details
INFO 01:09:29 – SoYeuLyLich/EditP
INFO 01:09:30 – TheDinhDanh/IndexP
INFO 01:16:12 – HSNhanSu/Details
INFO 01:16:12 – SoYeuLyLich/EditP
INFO 01:16:14 – TheDinhDanh/IndexP
INFO 01:17:22 – HSNhanSu/Details
INFO 01:17:22 – TTLienHe/EditP
INFO 01:17:23 – DiaChiNha/IndexP
INFO 01:17:30 – DiaChiNha/EditP&NV_id=47
INFO 01:17:37 – TTLienHe/Update&id=47&ttlhDTDiDong=45345345346&ttlhDCTamTruKT3_id=914
INFO 01:17:37 – HSNhanSu/Details
INFO 01:17:37 – TTLienHe/EditP
INFO 01:17:37 – DiaChiNha/IndexP
INFO 01:17:40 – TTLienHe/Update&id=47&ttlhDTDiDong=4534534534&ttlhDCTamTruKT3_id=914
INFO 01:17:40 – HSNhanSu/Details
INFO 01:17:40 – TTLienHe/EditP
INFO 01:17:40 – DiaChiNha/IndexP
INFO 01:17:42 – HSNhanSu/Details
INFO 01:17:42 – SoYeuLyLich/EditP
INFO 01:17:43 – TheDinhDanh/IndexP
INFO 01:17:47 – TheDinhDanh/EditP&NV_id=47
INFO 01:17:50 – HSNhanSu/Details
INFO 01:17:50 – QHGiaDinh/IndexP
INFO 01:17:55 – QHGiaDinh/EditP&NV_id=47
INFO 01:17:58 – QHGiaDinh/EditP&id=10
INFO 01:18:05 – QHGiaDinh/EditP&id=13
INFO 01:18:07 – HSNhanSu/Details
INFO 01:18:08 – nvBangCap/Index
INFO 01:18:09 – ChungChi/Index
INFO 01:18:42 – HSNhanSu/Details
INFO 01:18:43 – QTLamViecTruoc/IndexP
INFO 01:18:43 – QTLamViec/IndexP
INFO 01:18:44 – QTKiemNhiem/IndexP
INFO 01:18:50 – QTLamViec/EditP&NV_id=47
INFO 01:18:54 – QTLamViecTruoc/EditP&NV_id=47
INFO 01:19:04 – QTLamViec/CurrentS&CT_id=376
INFO 01:19:04 – HSNhanSu/Details
INFO 01:19:04 – QTLamViecTruoc/IndexP
INFO 01:19:04 – QTLamViec/IndexP
INFO 01:19:04 – QTKiemNhiem/IndexP
INFO 01:19:10 – QTLamViec/CurrentS&CT_id=377
INFO 01:19:10 – HSNhanSu/Details
INFO 01:19:10 – QTLamViecTruoc/IndexP
INFO 01:19:10 – QTLamViec/IndexP
INFO 01:19:11 – QTKiemNhiem/IndexP
INFO 01:19:19 – QTNghiNganHan/EditP&CT_id=376
INFO 01:19:30 – QTNghiNganHan/CreateS&id=&CT_id=376&LoaiNghi_id=1
INFO 01:19:30 – HSNhanSu/Details
INFO 01:19:30 – QTLamViecTruoc/IndexP
INFO 01:19:30 – QTLamViec/IndexP
ERROR01:19:30 – 'column' argument cannot be null.
Parameter name: column
/NV_id=47/controller=QTLamViec/action=IndexP/id=47/a37cf1ad-55b9-4447-b563-a9e07f6f5c6b=System.Web.Mvc.DictionaryValueProvider`1[System.Object]
   at System.Data.DataRow.CheckColumn(DataColumn column)
   at System.Data.DataRow.get_Item(DataColumn column)
   at HRM.Webpages.Helpers.DataTableExt.Display(HtmlHelper html, DataRow model, DataColumn field) in c:\Workspace\HRMApplication\HRMLibraries\Helpers\DataTable.cs:line 225
   at ASP._Page_Areas_QLHSNhanSu_Views_QTLamViec_Index_cshtml.Execute() in c:\Workspace\HRMApplication\WebApplication\Areas\QLHSNhanSu\Views\QTLamViec\Index.cshtml:line 96
   at System.Web.WebPages.WebPageBase.ExecutePageHierarchy()
   at System.Web.Mvc.WebViewPage.ExecutePageHierarchy()
   at System.Web.WebPages.WebPageBase.ExecutePageHierarchy(WebPageContext pageContext, TextWriter writer, WebPageRenderingBase startPage)
   at System.Web.Mvc.RazorView.RenderView(ViewContext viewContext, TextWriter writer, Object instance)
   at System.Web.Mvc.BuildManagerCompiledView.Render(ViewContext viewContext, TextWriter writer)
   at System.Web.Mvc.ViewResultBase.ExecuteResult(ControllerContext context)
   at System.Web.Mvc.ControllerActionInvoker.InvokeActionResult(ControllerContext controllerContext, ActionResult actionResult)
   at System.Web.Mvc.ControllerActionInvoker.<>c__DisplayClass1a.<InvokeActionResultWithFilters>b__17()
   at System.Web.Mvc.ControllerActionInvoker.InvokeActionResultFilter(IResultFilter filter, ResultExecutingContext preContext, Func`1 continuation)
   at System.Web.Mvc.ControllerActionInvoker.<>c__DisplayClass1a.<>c__DisplayClass1c.<InvokeActionResultWithFilters>b__19()
   at System.Web.Mvc.ControllerActionInvoker.InvokeActionResultFilter(IResultFilter filter, ResultExecutingContext preContext, Func`1 continuation)
   at System.Web.Mvc.ControllerActionInvoker.<>c__DisplayClass1a.<>c__DisplayClass1c.<InvokeActionResultWithFilters>b__19()
   at System.Web.Mvc.ControllerActionInvoker.InvokeActionResultFilter(IResultFilter filter, ResultExecutingContext preContext, Func`1 continuation)
   at System.Web.Mvc.ControllerActionInvoker.<>c__DisplayClass1a.<>c__DisplayClass1c.<InvokeActionResultWithFilters>b__19()
   at System.Web.Mvc.ControllerActionInvoker.InvokeActionResultWithFilters(ControllerContext controllerContext, IList`1 filters, ActionResult actionResult)
   at System.Web.Mvc.Async.AsyncControllerActionInvoker.<>c__DisplayClass25.<>c__DisplayClass2a.<BeginInvokeAction>b__20()
   at System.Web.Mvc.Async.AsyncControllerActionInvoker.<>c__DisplayClass25.<BeginInvokeAction>b__22(IAsyncResult asyncResult)
ERROR01:19:30 – Error executing child request for handler 'System.Web.Mvc.HttpHandlerUtil+ServerExecuteHttpHandlerAsyncWrapper'.
/controller=HSNhanSu/action=Details/id=47
   at System.Web.HttpServerUtility.ExecuteInternal(IHttpHandler handler, TextWriter writer, Boolean preserveForm, Boolean setPreviousPage, VirtualPath path, VirtualPath filePath, String physPath, Exception error, String queryStringOverride)
   at System.Web.HttpServerUtility.Execute(IHttpHandler handler, TextWriter writer, Boolean preserveForm, Boolean setPreviousPage)
   at System.Web.HttpServerUtility.Execute(IHttpHandler handler, TextWriter writer, Boolean preserveForm)
   at System.Web.HttpServerUtilityWrapper.Execute(IHttpHandler handler, TextWriter writer, Boolean preserveForm)
   at System.Web.Mvc.Html.ChildActionExtensions.ActionHelper(HtmlHelper htmlHelper, String actionName, String controllerName, RouteValueDictionary routeValues, TextWriter textWriter)
   at System.Web.Mvc.Html.ChildActionExtensions.Action(HtmlHelper htmlHelper, String actionName, String controllerName, RouteValueDictionary routeValues)
   at System.Web.Mvc.Html.ChildActionExtensions.Action(HtmlHelper htmlHelper, String actionName, String controllerName, Object routeValues)
   at ASP._Page_Areas_QLHSNhanSu_Views_HSNhanSu_Details_cshtml.Execute() in c:\Workspace\HRMApplication\WebApplication\Areas\QLHSNhanSu\Views\HSNhanSu\Details.cshtml:line 79
   at System.Web.WebPages.WebPageBase.ExecutePageHierarchy()
   at System.Web.Mvc.WebViewPage.ExecutePageHierarchy()
   at System.Web.WebPages.StartPage.RunPage()
   at System.Web.WebPages.StartPage.ExecutePageHierarchy()
   at System.Web.WebPages.WebPageBase.ExecutePageHierarchy(WebPageContext pageContext, TextWriter writer, WebPageRenderingBase startPage)
   at System.Web.Mvc.RazorView.RenderView(ViewContext viewContext, TextWriter writer, Object instance)
   at System.Web.Mvc.BuildManagerCompiledView.Render(ViewContext viewContext, TextWriter writer)
   at System.Web.Mvc.ViewResultBase.ExecuteResult(ControllerContext context)
   at System.Web.Mvc.ControllerActionInvoker.InvokeActionResult(ControllerContext controllerContext, ActionResult actionResult)
   at System.Web.Mvc.ControllerActionInvoker.<>c__DisplayClass1a.<InvokeActionResultWithFilters>b__17()
   at System.Web.Mvc.ControllerActionInvoker.InvokeActionResultFilter(IResultFilter filter, ResultExecutingContext preContext, Func`1 continuation)
   at System.Web.Mvc.ControllerActionInvoker.<>c__DisplayClass1a.<>c__DisplayClass1c.<InvokeActionResultWithFilters>b__19()
   at System.Web.Mvc.ControllerActionInvoker.InvokeActionResultFilter(IResultFilter filter, ResultExecutingContext preContext, Func`1 continuation)
   at System.Web.Mvc.ControllerActionInvoker.<>c__DisplayClass1a.<>c__DisplayClass1c.<InvokeActionResultWithFilters>b__19()
   at System.Web.Mvc.ControllerActionInvoker.InvokeActionResultFilter(IResultFilter filter, ResultExecutingContext preContext, Func`1 continuation)
   at System.Web.Mvc.ControllerActionInvoker.<>c__DisplayClass1a.<>c__DisplayClass1c.<InvokeActionResultWithFilters>b__19()
   at System.Web.Mvc.ControllerActionInvoker.InvokeActionResultWithFilters(ControllerContext controllerContext, IList`1 filters, ActionResult actionResult)
   at System.Web.Mvc.Async.AsyncControllerActionInvoker.<>c__DisplayClass25.<>c__DisplayClass2a.<BeginInvokeAction>b__20()
   at System.Web.Mvc.Async.AsyncControllerActionInvoker.<>c__DisplayClass25.<BeginInvokeAction>b__22(IAsyncResult asyncResult)
INFO 01:20:53 – HSNhanSu/Details
INFO 01:20:53 – QTLamViecTruoc/IndexP
INFO 01:20:53 – QTLamViec/IndexP
INFO 01:20:54 – QTKiemNhiem/IndexP
INFO 01:21:02 – QTNghiNganHan/EditP&CT_id=376
INFO 01:21:14 – QTNghiNganHan/CreateS&id=&CT_id=376&LoaiNghi_id=8
INFO 01:21:14 – HSNhanSu/Details
INFO 01:21:14 – QTLamViecTruoc/IndexP
INFO 01:21:14 – QTLamViec/IndexP
INFO 01:21:14 – QTKiemNhiem/IndexP
INFO 01:21:22 – QTNghiNganHan/EditP&id=82
INFO 01:21:24 – QTNghiNganHan/EditP&id=82
INFO 01:21:41 – QTLamViec/EditP&id=365
INFO 01:21:53 – QTLamViec/UpdateS&id=365&NV_id=47&DonVi_id=&ChucDanh_id=&ChucDanhChucVu_id=9&NgheNghiep_id=
INFO 01:21:53 – HSNhanSu/Details
INFO 01:21:53 – QTLamViecTruoc/IndexP
INFO 01:21:53 – QTLamViec/IndexP
INFO 01:21:53 – QTKiemNhiem/IndexP
INFO 01:23:24 – HSNhanSu/Details
INFO 01:23:24 – QTLamViecTruoc/IndexP
INFO 01:23:24 – QTLamViec/IndexP
INFO 01:23:24 – QTKiemNhiem/IndexP
INFO 01:23:39 – QLTapSu/CreateS&CT_id=365
INFO 01:23:41 – HSNhanSu/Details
INFO 01:23:41 – QTLamViecTruoc/IndexP
INFO 01:23:41 – QTLamViec/IndexP
INFO 01:23:41 – QTKiemNhiem/IndexP
INFO 01:23:48 – HSNhanSu/Details
INFO 01:23:49 – CTDoanTheTruoc/IndexP
INFO 01:23:49 – CTDoanThe/IndexP
INFO 01:23:51 – CTDoanThe/EditP&NV_id=47
INFO 01:23:54 – CTDoanTheTruoc/EditP&NV_id=47
INFO 01:23:55 – HSNhanSu/Details
INFO 01:23:56 – TTKhenThuongTruoc/IndexP
INFO 01:23:56 – TTKhenThuong/IndexP
INFO 01:23:59 – TTKhenThuong/EditP&NV_id=47
INFO 01:24:01 – TTKhenThuongTruoc/EditP&NV_id=47
INFO 01:24:02 – HSNhanSu/Details
INFO 01:24:02 – TTKyLuatTruoc/IndexP
INFO 01:24:03 – TTKyLuat/IndexP
INFO 01:24:05 – TTKyLuat/EditP&NV_id=47
INFO 01:24:10 – TTKyLuatTruoc/EditP&NV_id=47
INFO 01:24:11 – HSNhanSu/Details
INFO 01:24:11 – nvTapHuan/Index
INFO 01:24:12 – nvCTNganHan/Index
INFO 01:24:27 – Home/Index
INFO 01:24:31 – ThongKe/Index
INFO 01:24:38 – NganhGiangDay/List
INFO 01:25:33 – DuLieuGioGiang/Index
INFO 01:25:39 – DuLieuGioGiang/List
INFO 01:32:33 – ThongKe/Bieu51
ERROR01:32:34 – Invalid column name 'HocHam_id'.
/controller=ThongKe/action=Bieu51
   at System.Data.SqlClient.SqlConnection.OnError(SqlException exception, Boolean breakConnection, Action`1 wrapCloseInAction)
   at System.Data.SqlClient.SqlInternalConnection.OnError(SqlException exception, Boolean breakConnection, Action`1 wrapCloseInAction)
   at System.Data.SqlClient.TdsParser.ThrowExceptionAndWarning(TdsParserStateObject stateObj, Boolean callerHasConnectionLock, Boolean asyncClose)
   at System.Data.SqlClient.TdsParser.TryRun(RunBehavior runBehavior, SqlCommand cmdHandler, SqlDataReader dataStream, BulkCopySimpleResultSet bulkCopyHandler, TdsParserStateObject stateObj, Boolean& dataReady)
   at System.Data.SqlClient.SqlDataReader.TryConsumeMetaData()
   at System.Data.SqlClient.SqlDataReader.get_MetaData()
   at System.Data.SqlClient.SqlCommand.FinishExecuteReader(SqlDataReader ds, RunBehavior runBehavior, String resetOptionsString)
   at System.Data.SqlClient.SqlCommand.RunExecuteReaderTds(CommandBehavior cmdBehavior, RunBehavior runBehavior, Boolean returnStream, Boolean async, Int32 timeout, Task& task, Boolean asyncWrite, SqlDataReader ds)
   at System.Data.SqlClient.SqlCommand.RunExecuteReader(CommandBehavior cmdBehavior, RunBehavior runBehavior, Boolean returnStream, String method, TaskCompletionSource`1 completion, Int32 timeout, Task& task, Boolean asyncWrite)
   at System.Data.SqlClient.SqlCommand.RunExecuteReader(CommandBehavior cmdBehavior, RunBehavior runBehavior, Boolean returnStream, String method)
   at System.Data.SqlClient.SqlCommand.ExecuteReader(CommandBehavior behavior, String method)
   at System.Data.SqlClient.SqlCommand.ExecuteReader()
   at HRM.Webpages.Helpers.DataTableExt.SqlQuery(Database db, String sql, Object[] parameters) in c:\Workspace\HRMApplication\HRMLibraries\Helpers\DataTable.cs:line 35
   at HRM.Webpages.Helpers.DataTableExt.SqlQuery(HRMDBEntities db, String sql, Object[] parameters) in c:\Workspace\HRMApplication\HRMLibraries\Helpers\DataTable.cs:line 20
   at ASP._Page_Areas_TKBaoCao_Views_ThongKe_Bieu51_cshtml.Execute() in c:\Workspace\HRMApplication\WebApplication\Areas\TKBaoCao\Views\ThongKe\Bieu51.cshtml:line 9
   at System.Web.WebPages.WebPageBase.ExecutePageHierarchy()
   at System.Web.Mvc.WebViewPage.ExecutePageHierarchy()
   at System.Web.WebPages.StartPage.RunPage()
   at System.Web.WebPages.StartPage.ExecutePageHierarchy()
   at System.Web.WebPages.WebPageBase.ExecutePageHierarchy(WebPageContext pageContext, TextWriter writer, WebPageRenderingBase startPage)
   at System.Web.Mvc.RazorView.RenderView(ViewContext viewContext, TextWriter writer, Object instance)
   at System.Web.Mvc.BuildManagerCompiledView.Render(ViewContext viewContext, TextWriter writer)
   at System.Web.Mvc.ViewResultBase.ExecuteResult(ControllerContext context)
   at System.Web.Mvc.ControllerActionInvoker.InvokeActionResult(ControllerContext controllerContext, ActionResult actionResult)
   at System.Web.Mvc.ControllerActionInvoker.<>c__DisplayClass1a.<InvokeActionResultWithFilters>b__17()
   at System.Web.Mvc.ControllerActionInvoker.InvokeActionResultFilter(IResultFilter filter, ResultExecutingContext preContext, Func`1 continuation)
   at System.Web.Mvc.ControllerActionInvoker.<>c__DisplayClass1a.<>c__DisplayClass1c.<InvokeActionResultWithFilters>b__19()
   at System.Web.Mvc.ControllerActionInvoker.InvokeActionResultFilter(IResultFilter filter, ResultExecutingContext preContext, Func`1 continuation)
   at System.Web.Mvc.ControllerActionInvoker.<>c__DisplayClass1a.<>c__DisplayClass1c.<InvokeActionResultWithFilters>b__19()
   at System.Web.Mvc.ControllerActionInvoker.InvokeActionResultFilter(IResultFilter filter, ResultExecutingContext preContext, Func`1 continuation)
   at System.Web.Mvc.ControllerActionInvoker.<>c__DisplayClass1a.<>c__DisplayClass1c.<InvokeActionResultWithFilters>b__19()
   at System.Web.Mvc.ControllerActionInvoker.InvokeActionResultWithFilters(ControllerContext controllerContext, IList`1 filters, ActionResult actionResult)
   at System.Web.Mvc.Async.AsyncControllerActionInvoker.<>c__DisplayClass25.<>c__DisplayClass2a.<BeginInvokeAction>b__20()
   at System.Web.Mvc.Async.AsyncControllerActionInvoker.<>c__DisplayClass25.<BeginInvokeAction>b__22(IAsyncResult asyncResult)
INFO 03:22:29 – ThongKe/Bieu51
INFO 03:23:57 – ThongKe/Bieu51
INFO 03:24:02 – ThongKe/Bieu51
INFO 03:24:41 – ThongKe/Bieu52
ERROR03:24:42 – Invalid column name 'HocHam_id'.
/controller=ThongKe/action=Bieu52
   at System.Data.SqlClient.SqlConnection.OnError(SqlException exception, Boolean breakConnection, Action`1 wrapCloseInAction)
   at System.Data.SqlClient.SqlInternalConnection.OnError(SqlException exception, Boolean breakConnection, Action`1 wrapCloseInAction)
   at System.Data.SqlClient.TdsParser.ThrowExceptionAndWarning(TdsParserStateObject stateObj, Boolean callerHasConnectionLock, Boolean asyncClose)
   at System.Data.SqlClient.TdsParser.TryRun(RunBehavior runBehavior, SqlCommand cmdHandler, SqlDataReader dataStream, BulkCopySimpleResultSet bulkCopyHandler, TdsParserStateObject stateObj, Boolean& dataReady)
   at System.Data.SqlClient.SqlDataReader.TryConsumeMetaData()
   at System.Data.SqlClient.SqlDataReader.get_MetaData()
   at System.Data.SqlClient.SqlCommand.FinishExecuteReader(SqlDataReader ds, RunBehavior runBehavior, String resetOptionsString)
   at System.Data.SqlClient.SqlCommand.RunExecuteReaderTds(CommandBehavior cmdBehavior, RunBehavior runBehavior, Boolean returnStream, Boolean async, Int32 timeout, Task& task, Boolean asyncWrite, SqlDataReader ds)
   at System.Data.SqlClient.SqlCommand.RunExecuteReader(CommandBehavior cmdBehavior, RunBehavior runBehavior, Boolean returnStream, String method, TaskCompletionSource`1 completion, Int32 timeout, Task& task, Boolean asyncWrite)
   at System.Data.SqlClient.SqlCommand.RunExecuteReader(CommandBehavior cmdBehavior, RunBehavior runBehavior, Boolean returnStream, String method)
   at System.Data.SqlClient.SqlCommand.ExecuteReader(CommandBehavior behavior, String method)
   at System.Data.SqlClient.SqlCommand.ExecuteReader()
   at HRM.Webpages.Helpers.DataTableExt.SqlQuery(Database db, String sql, Object[] parameters) in c:\Workspace\HRMApplication\HRMLibraries\Helpers\DataTable.cs:line 35
   at HRM.Webpages.Helpers.DataTableExt.SqlQuery(HRMDBEntities db, String sql, Object[] parameters) in c:\Workspace\HRMApplication\HRMLibraries\Helpers\DataTable.cs:line 20
   at ASP._Page_Areas_TKBaoCao_Views_ThongKe_Bieu52_cshtml.Execute() in c:\Workspace\HRMApplication\WebApplication\Areas\TKBaoCao\Views\ThongKe\Bieu52.cshtml:line 9
   at System.Web.WebPages.WebPageBase.ExecutePageHierarchy()
   at System.Web.Mvc.WebViewPage.ExecutePageHierarchy()
   at System.Web.WebPages.StartPage.RunPage()
   at System.Web.WebPages.StartPage.ExecutePageHierarchy()
   at System.Web.WebPages.WebPageBase.ExecutePageHierarchy(WebPageContext pageContext, TextWriter writer, WebPageRenderingBase startPage)
   at System.Web.Mvc.RazorView.RenderView(ViewContext viewContext, TextWriter writer, Object instance)
   at System.Web.Mvc.BuildManagerCompiledView.Render(ViewContext viewContext, TextWriter writer)
   at System.Web.Mvc.ViewResultBase.ExecuteResult(ControllerContext context)
   at System.Web.Mvc.ControllerActionInvoker.InvokeActionResult(ControllerContext controllerContext, ActionResult actionResult)
   at System.Web.Mvc.ControllerActionInvoker.<>c__DisplayClass1a.<InvokeActionResultWithFilters>b__17()
   at System.Web.Mvc.ControllerActionInvoker.InvokeActionResultFilter(IResultFilter filter, ResultExecutingContext preContext, Func`1 continuation)
   at System.Web.Mvc.ControllerActionInvoker.<>c__DisplayClass1a.<>c__DisplayClass1c.<InvokeActionResultWithFilters>b__19()
   at System.Web.Mvc.ControllerActionInvoker.InvokeActionResultFilter(IResultFilter filter, ResultExecutingContext preContext, Func`1 continuation)
   at System.Web.Mvc.ControllerActionInvoker.<>c__DisplayClass1a.<>c__DisplayClass1c.<InvokeActionResultWithFilters>b__19()
   at System.Web.Mvc.ControllerActionInvoker.InvokeActionResultFilter(IResultFilter filter, ResultExecutingContext preContext, Func`1 continuation)
   at System.Web.Mvc.ControllerActionInvoker.<>c__DisplayClass1a.<>c__DisplayClass1c.<InvokeActionResultWithFilters>b__19()
   at System.Web.Mvc.ControllerActionInvoker.InvokeActionResultWithFilters(ControllerContext controllerContext, IList`1 filters, ActionResult actionResult)
   at System.Web.Mvc.Async.AsyncControllerActionInvoker.<>c__DisplayClass25.<>c__DisplayClass2a.<BeginInvokeAction>b__20()
   at System.Web.Mvc.Async.AsyncControllerActionInvoker.<>c__DisplayClass25.<BeginInvokeAction>b__22(IAsyncResult asyncResult)
INFO 03:34:49 – ThongKe/Bieu52
INFO 03:39:36 – ThongKe/TheoKhoa
ERROR03:39:38 – Invalid column name 'Ngay'.
Invalid column name 'Ngay'.
Invalid column name 'Ngay'.
/controller=ThongKe/action=TheoKhoa
   at System.Data.SqlClient.SqlConnection.OnError(SqlException exception, Boolean breakConnection, Action`1 wrapCloseInAction)
   at System.Data.SqlClient.SqlInternalConnection.OnError(SqlException exception, Boolean breakConnection, Action`1 wrapCloseInAction)
   at System.Data.SqlClient.TdsParser.ThrowExceptionAndWarning(TdsParserStateObject stateObj, Boolean callerHasConnectionLock, Boolean asyncClose)
   at System.Data.SqlClient.TdsParser.TryRun(RunBehavior runBehavior, SqlCommand cmdHandler, SqlDataReader dataStream, BulkCopySimpleResultSet bulkCopyHandler, TdsParserStateObject stateObj, Boolean& dataReady)
   at System.Data.SqlClient.SqlDataReader.TryConsumeMetaData()
   at System.Data.SqlClient.SqlDataReader.get_MetaData()
   at System.Data.SqlClient.SqlCommand.FinishExecuteReader(SqlDataReader ds, RunBehavior runBehavior, String resetOptionsString)
   at System.Data.SqlClient.SqlCommand.RunExecuteReaderTds(CommandBehavior cmdBehavior, RunBehavior runBehavior, Boolean returnStream, Boolean async, Int32 timeout, Task& task, Boolean asyncWrite, SqlDataReader ds)
   at System.Data.SqlClient.SqlCommand.RunExecuteReader(CommandBehavior cmdBehavior, RunBehavior runBehavior, Boolean returnStream, String method, TaskCompletionSource`1 completion, Int32 timeout, Task& task, Boolean asyncWrite)
   at System.Data.SqlClient.SqlCommand.RunExecuteReader(CommandBehavior cmdBehavior, RunBehavior runBehavior, Boolean returnStream, String method)
   at System.Data.SqlClient.SqlCommand.ExecuteReader(CommandBehavior behavior, String method)
   at System.Data.SqlClient.SqlCommand.ExecuteReader()
   at HRM.Webpages.Helpers.DataTableExt.SqlQuery(Database db, String sql, Object[] parameters) in c:\Workspace\HRMApplication\HRMLibraries\Helpers\DataTable.cs:line 35
   at HRM.Webpages.Helpers.DataTableExt.SqlQuery(HRMDBEntities db, String sql, Object[] parameters) in c:\Workspace\HRMApplication\HRMLibraries\Helpers\DataTable.cs:line 20
   at ASP._Page_Areas_TKBaoCao_Views_ThongKe_TheoKhoa_cshtml.Execute() in c:\Workspace\HRMApplication\WebApplication\Areas\TKBaoCao\Views\ThongKe\TheoKhoa.cshtml:line 9
   at System.Web.WebPages.WebPageBase.ExecutePageHierarchy()
   at System.Web.Mvc.WebViewPage.ExecutePageHierarchy()
   at System.Web.WebPages.StartPage.RunPage()
   at System.Web.WebPages.StartPage.ExecutePageHierarchy()
   at System.Web.WebPages.WebPageBase.ExecutePageHierarchy(WebPageContext pageContext, TextWriter writer, WebPageRenderingBase startPage)
   at System.Web.Mvc.RazorView.RenderView(ViewContext viewContext, TextWriter writer, Object instance)
   at System.Web.Mvc.BuildManagerCompiledView.Render(ViewContext viewContext, TextWriter writer)
   at System.Web.Mvc.ViewResultBase.ExecuteResult(ControllerContext context)
   at System.Web.Mvc.ControllerActionInvoker.InvokeActionResult(ControllerContext controllerContext, ActionResult actionResult)
   at System.Web.Mvc.ControllerActionInvoker.<>c__DisplayClass1a.<InvokeActionResultWithFilters>b__17()
   at System.Web.Mvc.ControllerActionInvoker.InvokeActionResultFilter(IResultFilter filter, ResultExecutingContext preContext, Func`1 continuation)
   at System.Web.Mvc.ControllerActionInvoker.<>c__DisplayClass1a.<>c__DisplayClass1c.<InvokeActionResultWithFilters>b__19()
   at System.Web.Mvc.ControllerActionInvoker.InvokeActionResultFilter(IResultFilter filter, ResultExecutingContext preContext, Func`1 continuation)
   at System.Web.Mvc.ControllerActionInvoker.<>c__DisplayClass1a.<>c__DisplayClass1c.<InvokeActionResultWithFilters>b__19()
   at System.Web.Mvc.ControllerActionInvoker.InvokeActionResultFilter(IResultFilter filter, ResultExecutingContext preContext, Func`1 continuation)
   at System.Web.Mvc.ControllerActionInvoker.<>c__DisplayClass1a.<>c__DisplayClass1c.<InvokeActionResultWithFilters>b__19()
   at System.Web.Mvc.ControllerActionInvoker.InvokeActionResultWithFilters(ControllerContext controllerContext, IList`1 filters, ActionResult actionResult)
   at System.Web.Mvc.Async.AsyncControllerActionInvoker.<>c__DisplayClass25.<>c__DisplayClass2a.<BeginInvokeAction>b__20()
   at System.Web.Mvc.Async.AsyncControllerActionInvoker.<>c__DisplayClass25.<BeginInvokeAction>b__22(IAsyncResult asyncResult)
INFO 08:49:06 – Home/Index
INFO 08:49:08 – Login/Index
INFO 08:49:18 – Login/Index
INFO 08:49:18 – Home/Index
INFO 08:49:21 – DanhMuc/List
INFO 08:49:30 – DanhMuc/Index
INFO 08:49:39 – DanhMuc/Edit
INFO 08:49:49 – DanhMuc/Edit
INFO 08:49:52 – DanhMuc/Edit
INFO 08:50:17 – DanhMuc/List
INFO 08:50:23 – DanhMuc/Index
INFO 08:50:29 – DanhMuc/Index
ERROR08:50:29 – Object reference not set to an instance of an object.
/controller=DanhMuc/action=Index/dm=DanToc
   at HRM.QLDanhMuc.Models.DanhMuc..ctor(String name, Object model) in C:\Workspace\HRMApplication\WebApplication\Areas\QLDanhMuc\Models\DanhMuc.cs:line 21
   at HRM.QLDanhMuc.Models.DanhMucExt.<>c__DisplayClass9.<loadDanhMuc>b__7(Object dm) in C:\Workspace\HRMApplication\WebApplication\Areas\QLDanhMuc\Models\DanhMuc.cs:line 87
   at System.Linq.Enumerable.WhereSelectListIterator`2.MoveNext()
   at System.Collections.Generic.List`1..ctor(IEnumerable`1 collection)
   at System.Linq.Enumerable.ToList[TSource](IEnumerable`1 source)
   at HRM.QLDanhMuc.Models.DanhMucExt.loadDanhMuc(HRMDBEntities db, String name) in C:\Workspace\HRMApplication\WebApplication\Areas\QLDanhMuc\Models\DanhMuc.cs:line 87
   at HRM.QLDanhMuc.Controllers.DanhMucController.Index(String dm) in C:\Workspace\HRMApplication\WebApplication\Areas\QLDanhMuc\Controllers\DanhMucController.cs:line 27
   at lambda_method(Closure , ControllerBase , Object[] )
   at System.Web.Mvc.ActionMethodDispatcher.Execute(ControllerBase controller, Object[] parameters)
   at System.Web.Mvc.ReflectedActionDescriptor.Execute(ControllerContext controllerContext, IDictionary`2 parameters)
   at System.Web.Mvc.ControllerActionInvoker.InvokeActionMethod(ControllerContext controllerContext, ActionDescriptor actionDescriptor, IDictionary`2 parameters)
   at System.Web.Mvc.Async.AsyncControllerActionInvoker.<>c__DisplayClass42.<BeginInvokeSynchronousActionMethod>b__41()
   at System.Web.Mvc.Async.AsyncResultWrapper.<>c__DisplayClass8`1.<BeginSynchronous>b__7(IAsyncResult _)
   at System.Web.Mvc.Async.AsyncResultWrapper.WrappedAsyncResult`1.End()
   at System.Web.Mvc.Async.AsyncControllerActionInvoker.EndInvokeActionMethod(IAsyncResult asyncResult)
   at System.Web.Mvc.Async.AsyncControllerActionInvoker.<>c__DisplayClass37.<>c__DisplayClass39.<BeginInvokeActionMethodWithFilters>b__33()
   at System.Web.Mvc.Async.AsyncControllerActionInvoker.<>c__DisplayClass4f.<InvokeActionMethodFilterAsynchronously>b__49()
   at System.Web.Mvc.Async.AsyncControllerActionInvoker.<>c__DisplayClass4f.<InvokeActionMethodFilterAsynchronously>b__49()
   at System.Web.Mvc.Async.AsyncControllerActionInvoker.<>c__DisplayClass4f.<InvokeActionMethodFilterAsynchronously>b__49()
   at System.Web.Mvc.Async.AsyncControllerActionInvoker.<>c__DisplayClass37.<BeginInvokeActionMethodWithFilters>b__36(IAsyncResult asyncResult)
   at System.Web.Mvc.Async.AsyncResultWrapper.WrappedAsyncResult`1.End()
   at System.Web.Mvc.Async.AsyncControllerActionInvoker.EndInvokeActionMethodWithFilters(IAsyncResult asyncResult)
   at System.Web.Mvc.Async.AsyncControllerActionInvoker.<>c__DisplayClass25.<>c__DisplayClass2a.<BeginInvokeAction>b__20()
   at System.Web.Mvc.Async.AsyncControllerActionInvoker.<>c__DisplayClass25.<BeginInvokeAction>b__22(IAsyncResult asyncResult)
INFO 08:50:48 – DanhMuc/Index
INFO 08:50:50 – DanhMuc/List
INFO 08:50:57 – DanhMuc/List
INFO 08:51:02 – DanhMuc/Index
INFO 08:51:05 – DanhMuc/Edit
INFO 08:51:08 – DanhMuc/Edit
INFO 08:51:22 – DanhMuc/Index
INFO 08:53:10 – DanhMuc/List
INFO 08:53:14 – DanhMuc/Index
INFO 08:56:22 – DanhMuc/List
INFO 08:56:24 – DanhMuc/List
INFO 08:56:25 – DanhMuc/List
INFO 08:56:26 – DanhMuc/Index
INFO 08:57:53 – DanhMuc/List
INFO 08:57:56 – DanhMuc/List
INFO 08:58:01 – DanhMuc/Index
INFO 09:01:29 – DanhMuc/List
INFO 09:01:32 – DanhMuc/List
INFO 09:01:56 – DanhMuc/List
INFO 09:01:58 – DanhMuc/List
INFO 09:01:59 – DanhMuc/Index
INFO 09:07:10 – DanhMuc/List
INFO 09:07:12 – DanhMuc/List
INFO 09:07:15 – DanhMuc/Index
INFO 09:09:16 – DanhMuc/List
INFO 09:09:25 – DanhMuc/Index
INFO 09:09:27 – DanhMuc/Edit
INFO 09:09:34 – DanhMuc/Edit
INFO 09:09:47 – DanhMuc/Edit
INFO 09:09:57 – DanhMuc/Edit&id=51
INFO 09:09:57 – DanhMuc/Index
INFO 09:10:11 – DanhMuc/Edit
INFO 09:10:11 – DanhMuc/Edit
INFO 09:10:11 – DanhMuc/Edit
INFO 09:10:11 – DanhMuc/Edit
INFO 09:12:27 – DanhMuc/Index
INFO 09:12:28 – DanhMuc/Index
INFO 09:12:31 – DanhMuc/Create
INFO 09:12:40 – DanhMuc/Index
INFO 09:13:26 – DanhMuc/List
INFO 09:13:29 – DanhMuc/Index
INFO 09:13:30 – DanhMuc/Create
INFO 09:13:40 – DanhMuc/Edit
INFO 09:13:46 – DanhMuc/Edit
INFO 09:13:51 – DanhMuc/Edit
INFO 09:14:21 – DanhMuc/Edit
INFO 09:28:23 – ThongKe/Index
INFO 09:28:29 – ThongKe/TheoKhoa
ERROR09:28:29 – Invalid column name 'Ngay'.
Invalid column name 'Ngay'.
Invalid column name 'Ngay'.
/controller=ThongKe/action=TheoKhoa
   at System.Data.SqlClient.SqlConnection.OnError(SqlException exception, Boolean breakConnection, Action`1 wrapCloseInAction)
   at System.Data.SqlClient.SqlInternalConnection.OnError(SqlException exception, Boolean breakConnection, Action`1 wrapCloseInAction)
   at System.Data.SqlClient.TdsParser.ThrowExceptionAndWarning(TdsParserStateObject stateObj, Boolean callerHasConnectionLock, Boolean asyncClose)
   at System.Data.SqlClient.TdsParser.TryRun(RunBehavior runBehavior, SqlCommand cmdHandler, SqlDataReader dataStream, BulkCopySimpleResultSet bulkCopyHandler, TdsParserStateObject stateObj, Boolean& dataReady)
   at System.Data.SqlClient.SqlDataReader.TryConsumeMetaData()
   at System.Data.SqlClient.SqlDataReader.get_MetaData()
   at System.Data.SqlClient.SqlCommand.FinishExecuteReader(SqlDataReader ds, RunBehavior runBehavior, String resetOptionsString)
   at System.Data.SqlClient.SqlCommand.RunExecuteReaderTds(CommandBehavior cmdBehavior, RunBehavior runBehavior, Boolean returnStream, Boolean async, Int32 timeout, Task& task, Boolean asyncWrite, SqlDataReader ds)
   at System.Data.SqlClient.SqlCommand.RunExecuteReader(CommandBehavior cmdBehavior, RunBehavior runBehavior, Boolean returnStream, String method, TaskCompletionSource`1 completion, Int32 timeout, Task& task, Boolean asyncWrite)
   at System.Data.SqlClient.SqlCommand.RunExecuteReader(CommandBehavior cmdBehavior, RunBehavior runBehavior, Boolean returnStream, String method)
   at System.Data.SqlClient.SqlCommand.ExecuteReader(CommandBehavior behavior, String method)
   at System.Data.SqlClient.SqlCommand.ExecuteReader()
   at HRM.Webpages.Helpers.DataTableExt.SqlQuery(Database db, String sql, Object[] parameters) in c:\Workspace\HRMApplication\HRMLibraries\Helpers\DataTable.cs:line 35
   at HRM.Webpages.Helpers.DataTableExt.SqlQuery(HRMDBEntities db, String sql, Object[] parameters) in c:\Workspace\HRMApplication\HRMLibraries\Helpers\DataTable.cs:line 20
   at ASP._Page_Areas_TKBaoCao_Views_ThongKe_TheoKhoa_cshtml.Execute() in c:\Workspace\HRMApplication\WebApplication\Areas\TKBaoCao\Views\ThongKe\TheoKhoa.cshtml:line 9
   at System.Web.WebPages.WebPageBase.ExecutePageHierarchy()
   at System.Web.Mvc.WebViewPage.ExecutePageHierarchy()
   at System.Web.WebPages.StartPage.RunPage()
   at System.Web.WebPages.StartPage.ExecutePageHierarchy()
   at System.Web.WebPages.WebPageBase.ExecutePageHierarchy(WebPageContext pageContext, TextWriter writer, WebPageRenderingBase startPage)
   at System.Web.Mvc.RazorView.RenderView(ViewContext viewContext, TextWriter writer, Object instance)
   at System.Web.Mvc.BuildManagerCompiledView.Render(ViewContext viewContext, TextWriter writer)
   at System.Web.Mvc.ViewResultBase.ExecuteResult(ControllerContext context)
   at System.Web.Mvc.ControllerActionInvoker.InvokeActionResult(ControllerContext controllerContext, ActionResult actionResult)
   at System.Web.Mvc.ControllerActionInvoker.<>c__DisplayClass1a.<InvokeActionResultWithFilters>b__17()
   at System.Web.Mvc.ControllerActionInvoker.InvokeActionResultFilter(IResultFilter filter, ResultExecutingContext preContext, Func`1 continuation)
   at System.Web.Mvc.ControllerActionInvoker.<>c__DisplayClass1a.<>c__DisplayClass1c.<InvokeActionResultWithFilters>b__19()
   at System.Web.Mvc.ControllerActionInvoker.InvokeActionResultFilter(IResultFilter filter, ResultExecutingContext preContext, Func`1 continuation)
   at System.Web.Mvc.ControllerActionInvoker.<>c__DisplayClass1a.<>c__DisplayClass1c.<InvokeActionResultWithFilters>b__19()
   at System.Web.Mvc.ControllerActionInvoker.InvokeActionResultFilter(IResultFilter filter, ResultExecutingContext preContext, Func`1 continuation)
   at System.Web.Mvc.ControllerActionInvoker.<>c__DisplayClass1a.<>c__DisplayClass1c.<InvokeActionResultWithFilters>b__19()
   at System.Web.Mvc.ControllerActionInvoker.InvokeActionResultWithFilters(ControllerContext controllerContext, IList`1 filters, ActionResult actionResult)
   at System.Web.Mvc.Async.AsyncControllerActionInvoker.<>c__DisplayClass25.<>c__DisplayClass2a.<BeginInvokeAction>b__20()
   at System.Web.Mvc.Async.AsyncControllerActionInvoker.<>c__DisplayClass25.<BeginInvokeAction>b__22(IAsyncResult asyncResult)
INFO 09:31:02 – ThongKe/Bieu51
INFO 09:31:03 – ThongKe/Bieu52
INFO 09:31:14 – ThongKe/TheoKhoa
ERROR09:31:14 – Invalid column name 'Ngay'.
Invalid column name 'Ngay'.
Invalid column name 'Ngay'.
/controller=ThongKe/action=TheoKhoa
   at System.Data.SqlClient.SqlConnection.OnError(SqlException exception, Boolean breakConnection, Action`1 wrapCloseInAction)
   at System.Data.SqlClient.SqlInternalConnection.OnError(SqlException exception, Boolean breakConnection, Action`1 wrapCloseInAction)
   at System.Data.SqlClient.TdsParser.ThrowExceptionAndWarning(TdsParserStateObject stateObj, Boolean callerHasConnectionLock, Boolean asyncClose)
   at System.Data.SqlClient.TdsParser.TryRun(RunBehavior runBehavior, SqlCommand cmdHandler, SqlDataReader dataStream, BulkCopySimpleResultSet bulkCopyHandler, TdsParserStateObject stateObj, Boolean& dataReady)
   at System.Data.SqlClient.SqlDataReader.TryConsumeMetaData()
   at System.Data.SqlClient.SqlDataReader.get_MetaData()
   at System.Data.SqlClient.SqlCommand.FinishExecuteReader(SqlDataReader ds, RunBehavior runBehavior, String resetOptionsString)
   at System.Data.SqlClient.SqlCommand.RunExecuteReaderTds(CommandBehavior cmdBehavior, RunBehavior runBehavior, Boolean returnStream, Boolean async, Int32 timeout, Task& task, Boolean asyncWrite, SqlDataReader ds)
   at System.Data.SqlClient.SqlCommand.RunExecuteReader(CommandBehavior cmdBehavior, RunBehavior runBehavior, Boolean returnStream, String method, TaskCompletionSource`1 completion, Int32 timeout, Task& task, Boolean asyncWrite)
   at System.Data.SqlClient.SqlCommand.RunExecuteReader(CommandBehavior cmdBehavior, RunBehavior runBehavior, Boolean returnStream, String method)
   at System.Data.SqlClient.SqlCommand.ExecuteReader(CommandBehavior behavior, String method)
   at System.Data.SqlClient.SqlCommand.ExecuteReader()
   at HRM.Webpages.Helpers.DataTableExt.SqlQuery(Database db, String sql, Object[] parameters) in c:\Workspace\HRMApplication\HRMLibraries\Helpers\DataTable.cs:line 35
   at HRM.Webpages.Helpers.DataTableExt.SqlQuery(HRMDBEntities db, String sql, Object[] parameters) in c:\Workspace\HRMApplication\HRMLibraries\Helpers\DataTable.cs:line 20
   at ASP._Page_Areas_TKBaoCao_Views_ThongKe_TheoKhoa_cshtml.Execute() in c:\Workspace\HRMApplication\WebApplication\Areas\TKBaoCao\Views\ThongKe\TheoKhoa.cshtml:line 9
   at System.Web.WebPages.WebPageBase.ExecutePageHierarchy()
   at System.Web.Mvc.WebViewPage.ExecutePageHierarchy()
   at System.Web.WebPages.StartPage.RunPage()
   at System.Web.WebPages.StartPage.ExecutePageHierarchy()
   at System.Web.WebPages.WebPageBase.ExecutePageHierarchy(WebPageContext pageContext, TextWriter writer, WebPageRenderingBase startPage)
   at System.Web.Mvc.RazorView.RenderView(ViewContext viewContext, TextWriter writer, Object instance)
   at System.Web.Mvc.BuildManagerCompiledView.Render(ViewContext viewContext, TextWriter writer)
   at System.Web.Mvc.ViewResultBase.ExecuteResult(ControllerContext context)
   at System.Web.Mvc.ControllerActionInvoker.InvokeActionResult(ControllerContext controllerContext, ActionResult actionResult)
   at System.Web.Mvc.ControllerActionInvoker.<>c__DisplayClass1a.<InvokeActionResultWithFilters>b__17()
   at System.Web.Mvc.ControllerActionInvoker.InvokeActionResultFilter(IResultFilter filter, ResultExecutingContext preContext, Func`1 continuation)
   at System.Web.Mvc.ControllerActionInvoker.<>c__DisplayClass1a.<>c__DisplayClass1c.<InvokeActionResultWithFilters>b__19()
   at System.Web.Mvc.ControllerActionInvoker.InvokeActionResultFilter(IResultFilter filter, ResultExecutingContext preContext, Func`1 continuation)
   at System.Web.Mvc.ControllerActionInvoker.<>c__DisplayClass1a.<>c__DisplayClass1c.<InvokeActionResultWithFilters>b__19()
   at System.Web.Mvc.ControllerActionInvoker.InvokeActionResultFilter(IResultFilter filter, ResultExecutingContext preContext, Func`1 continuation)
   at System.Web.Mvc.ControllerActionInvoker.<>c__DisplayClass1a.<>c__DisplayClass1c.<InvokeActionResultWithFilters>b__19()
   at System.Web.Mvc.ControllerActionInvoker.InvokeActionResultWithFilters(ControllerContext controllerContext, IList`1 filters, ActionResult actionResult)
   at System.Web.Mvc.Async.AsyncControllerActionInvoker.<>c__DisplayClass25.<>c__DisplayClass2a.<BeginInvokeAction>b__20()
   at System.Web.Mvc.Async.AsyncControllerActionInvoker.<>c__DisplayClass25.<BeginInvokeAction>b__22(IAsyncResult asyncResult)
INFO 10:11:55 – ThongKe/TheoKhoa
ERROR10:11:56 – Incorrect syntax near 'go'.
/controller=ThongKe/action=TheoKhoa
   at System.Data.SqlClient.SqlConnection.OnError(SqlException exception, Boolean breakConnection, Action`1 wrapCloseInAction)
   at System.Data.SqlClient.SqlInternalConnection.OnError(SqlException exception, Boolean breakConnection, Action`1 wrapCloseInAction)
   at System.Data.SqlClient.TdsParser.ThrowExceptionAndWarning(TdsParserStateObject stateObj, Boolean callerHasConnectionLock, Boolean asyncClose)
   at System.Data.SqlClient.TdsParser.TryRun(RunBehavior runBehavior, SqlCommand cmdHandler, SqlDataReader dataStream, BulkCopySimpleResultSet bulkCopyHandler, TdsParserStateObject stateObj, Boolean& dataReady)
   at System.Data.SqlClient.SqlDataReader.TryConsumeMetaData()
   at System.Data.SqlClient.SqlDataReader.get_MetaData()
   at System.Data.SqlClient.SqlCommand.FinishExecuteReader(SqlDataReader ds, RunBehavior runBehavior, String resetOptionsString)
   at System.Data.SqlClient.SqlCommand.RunExecuteReaderTds(CommandBehavior cmdBehavior, RunBehavior runBehavior, Boolean returnStream, Boolean async, Int32 timeout, Task& task, Boolean asyncWrite, SqlDataReader ds)
   at System.Data.SqlClient.SqlCommand.RunExecuteReader(CommandBehavior cmdBehavior, RunBehavior runBehavior, Boolean returnStream, String method, TaskCompletionSource`1 completion, Int32 timeout, Task& task, Boolean asyncWrite)
   at System.Data.SqlClient.SqlCommand.RunExecuteReader(CommandBehavior cmdBehavior, RunBehavior runBehavior, Boolean returnStream, String method)
   at System.Data.SqlClient.SqlCommand.ExecuteReader(CommandBehavior behavior, String method)
   at System.Data.SqlClient.SqlCommand.ExecuteReader()
   at HRM.Webpages.Helpers.DataTableExt.SqlQuery(Database db, String sql, Object[] parameters) in c:\Workspace\HRMApplication\HRMLibraries\Helpers\DataTable.cs:line 35
   at HRM.Webpages.Helpers.DataTableExt.SqlQuery(HRMDBEntities db, String sql, Object[] parameters) in c:\Workspace\HRMApplication\HRMLibraries\Helpers\DataTable.cs:line 20
   at ASP._Page_Areas_TKBaoCao_Views_ThongKe_TheoKhoa_cshtml.Execute() in c:\Workspace\HRMApplication\WebApplication\Areas\TKBaoCao\Views\ThongKe\TheoKhoa.cshtml:line 9
   at System.Web.WebPages.WebPageBase.ExecutePageHierarchy()
   at System.Web.Mvc.WebViewPage.ExecutePageHierarchy()
   at System.Web.WebPages.StartPage.RunPage()
   at System.Web.WebPages.StartPage.ExecutePageHierarchy()
   at System.Web.WebPages.WebPageBase.ExecutePageHierarchy(WebPageContext pageContext, TextWriter writer, WebPageRenderingBase startPage)
   at System.Web.Mvc.RazorView.RenderView(ViewContext viewContext, TextWriter writer, Object instance)
   at System.Web.Mvc.BuildManagerCompiledView.Render(ViewContext viewContext, TextWriter writer)
   at System.Web.Mvc.ViewResultBase.ExecuteResult(ControllerContext context)
   at System.Web.Mvc.ControllerActionInvoker.InvokeActionResult(ControllerContext controllerContext, ActionResult actionResult)
   at System.Web.Mvc.ControllerActionInvoker.<>c__DisplayClass1a.<InvokeActionResultWithFilters>b__17()
   at System.Web.Mvc.ControllerActionInvoker.InvokeActionResultFilter(IResultFilter filter, ResultExecutingContext preContext, Func`1 continuation)
   at System.Web.Mvc.ControllerActionInvoker.<>c__DisplayClass1a.<>c__DisplayClass1c.<InvokeActionResultWithFilters>b__19()
   at System.Web.Mvc.ControllerActionInvoker.InvokeActionResultFilter(IResultFilter filter, ResultExecutingContext preContext, Func`1 continuation)
   at System.Web.Mvc.ControllerActionInvoker.<>c__DisplayClass1a.<>c__DisplayClass1c.<InvokeActionResultWithFilters>b__19()
   at System.Web.Mvc.ControllerActionInvoker.InvokeActionResultFilter(IResultFilter filter, ResultExecutingContext preContext, Func`1 continuation)
   at System.Web.Mvc.ControllerActionInvoker.<>c__DisplayClass1a.<>c__DisplayClass1c.<InvokeActionResultWithFilters>b__19()
   at System.Web.Mvc.ControllerActionInvoker.InvokeActionResultWithFilters(ControllerContext controllerContext, IList`1 filters, ActionResult actionResult)
   at System.Web.Mvc.Async.AsyncControllerActionInvoker.<>c__DisplayClass25.<>c__DisplayClass2a.<BeginInvokeAction>b__20()
   at System.Web.Mvc.Async.AsyncControllerActionInvoker.<>c__DisplayClass25.<BeginInvokeAction>b__22(IAsyncResult asyncResult)
INFO 10:12:04 – ThongKe/TheoKhoa
ERROR10:12:05 – The column prefix 'lv' does not match with a table name or alias name used in the query.
The column prefix 'dmDonVi' does not match with a table name or alias name used in the query.
/controller=ThongKe/action=TheoKhoa
   at System.Data.SqlClient.SqlConnection.OnError(SqlException exception, Boolean breakConnection, Action`1 wrapCloseInAction)
   at System.Data.SqlClient.SqlInternalConnection.OnError(SqlException exception, Boolean breakConnection, Action`1 wrapCloseInAction)
   at System.Data.SqlClient.TdsParser.ThrowExceptionAndWarning(TdsParserStateObject stateObj, Boolean callerHasConnectionLock, Boolean asyncClose)
   at System.Data.SqlClient.TdsParser.TryRun(RunBehavior runBehavior, SqlCommand cmdHandler, SqlDataReader dataStream, BulkCopySimpleResultSet bulkCopyHandler, TdsParserStateObject stateObj, Boolean& dataReady)
   at System.Data.SqlClient.SqlDataReader.TryConsumeMetaData()
   at System.Data.SqlClient.SqlDataReader.get_MetaData()
   at System.Data.SqlClient.SqlCommand.FinishExecuteReader(SqlDataReader ds, RunBehavior runBehavior, String resetOptionsString)
   at System.Data.SqlClient.SqlCommand.RunExecuteReaderTds(CommandBehavior cmdBehavior, RunBehavior runBehavior, Boolean returnStream, Boolean async, Int32 timeout, Task& task, Boolean asyncWrite, SqlDataReader ds)
   at System.Data.SqlClient.SqlCommand.RunExecuteReader(CommandBehavior cmdBehavior, RunBehavior runBehavior, Boolean returnStream, String method, TaskCompletionSource`1 completion, Int32 timeout, Task& task, Boolean asyncWrite)
   at System.Data.SqlClient.SqlCommand.RunExecuteReader(CommandBehavior cmdBehavior, RunBehavior runBehavior, Boolean returnStream, String method)
   at System.Data.SqlClient.SqlCommand.ExecuteReader(CommandBehavior behavior, String method)
   at System.Data.SqlClient.SqlCommand.ExecuteReader()
   at HRM.Webpages.Helpers.DataTableExt.SqlQuery(Database db, String sql, Object[] parameters) in c:\Workspace\HRMApplication\HRMLibraries\Helpers\DataTable.cs:line 35
   at HRM.Webpages.Helpers.DataTableExt.SqlQuery(HRMDBEntities db, String sql, Object[] parameters) in c:\Workspace\HRMApplication\HRMLibraries\Helpers\DataTable.cs:line 20
   at ASP._Page_Areas_TKBaoCao_Views_ThongKe_TheoKhoa_cshtml.Execute() in c:\Workspace\HRMApplication\WebApplication\Areas\TKBaoCao\Views\ThongKe\TheoKhoa.cshtml:line 9
   at System.Web.WebPages.WebPageBase.ExecutePageHierarchy()
   at System.Web.Mvc.WebViewPage.ExecutePageHierarchy()
   at System.Web.WebPages.StartPage.RunPage()
   at System.Web.WebPages.StartPage.ExecutePageHierarchy()
   at System.Web.WebPages.WebPageBase.ExecutePageHierarchy(WebPageContext pageContext, TextWriter writer, WebPageRenderingBase startPage)
   at System.Web.Mvc.RazorView.RenderView(ViewContext viewContext, TextWriter writer, Object instance)
   at System.Web.Mvc.BuildManagerCompiledView.Render(ViewContext viewContext, TextWriter writer)
   at System.Web.Mvc.ViewResultBase.ExecuteResult(ControllerContext context)
   at System.Web.Mvc.ControllerActionInvoker.InvokeActionResult(ControllerContext controllerContext, ActionResult actionResult)
   at System.Web.Mvc.ControllerActionInvoker.<>c__DisplayClass1a.<InvokeActionResultWithFilters>b__17()
   at System.Web.Mvc.ControllerActionInvoker.InvokeActionResultFilter(IResultFilter filter, ResultExecutingContext preContext, Func`1 continuation)
   at System.Web.Mvc.ControllerActionInvoker.<>c__DisplayClass1a.<>c__DisplayClass1c.<InvokeActionResultWithFilters>b__19()
   at System.Web.Mvc.ControllerActionInvoker.InvokeActionResultFilter(IResultFilter filter, ResultExecutingContext preContext, Func`1 continuation)
   at System.Web.Mvc.ControllerActionInvoker.<>c__DisplayClass1a.<>c__DisplayClass1c.<InvokeActionResultWithFilters>b__19()
   at System.Web.Mvc.ControllerActionInvoker.InvokeActionResultFilter(IResultFilter filter, ResultExecutingContext preContext, Func`1 continuation)
   at System.Web.Mvc.ControllerActionInvoker.<>c__DisplayClass1a.<>c__DisplayClass1c.<InvokeActionResultWithFilters>b__19()
   at System.Web.Mvc.ControllerActionInvoker.InvokeActionResultWithFilters(ControllerContext controllerContext, IList`1 filters, ActionResult actionResult)
   at System.Web.Mvc.Async.AsyncControllerActionInvoker.<>c__DisplayClass25.<>c__DisplayClass2a.<BeginInvokeAction>b__20()
   at System.Web.Mvc.Async.AsyncControllerActionInvoker.<>c__DisplayClass25.<BeginInvokeAction>b__22(IAsyncResult asyncResult)
INFO 10:12:33 – ThongKe/TheoKhoa
ERROR10:12:35 – Column 'id' does not belong to table .
/controller=ThongKe/action=TheoKhoa
   at System.Data.DataRow.GetDataColumn(String columnName)
   at System.Data.DataRow.get_Item(String columnName)
   at ASP._Page_Areas_TKBaoCao_Views_ThongKe_TheoKhoa_cshtml.<>c__DisplayClass4.<Mark>b__2(TextWriter __razor_helper_writer) in c:\Workspace\HRMApplication\WebApplication\Areas\TKBaoCao\Views\ThongKe\TheoKhoa.cshtml:line 52
   at System.Web.WebPages.HelperResult.WriteTo(TextWriter writer)
   at System.Web.WebPages.WebPageBase.Write(HelperResult result)
   at ASP._Page_Areas_TKBaoCao_Views_ThongKe_TheoKhoa_cshtml.Execute() in c:\Workspace\HRMApplication\WebApplication\Areas\TKBaoCao\Views\ThongKe\TheoKhoa.cshtml:line 85
   at System.Web.WebPages.WebPageBase.ExecutePageHierarchy()
   at System.Web.Mvc.WebViewPage.ExecutePageHierarchy()
   at System.Web.WebPages.StartPage.RunPage()
   at System.Web.WebPages.StartPage.ExecutePageHierarchy()
   at System.Web.WebPages.WebPageBase.ExecutePageHierarchy(WebPageContext pageContext, TextWriter writer, WebPageRenderingBase startPage)
   at System.Web.Mvc.RazorView.RenderView(ViewContext viewContext, TextWriter writer, Object instance)
   at System.Web.Mvc.BuildManagerCompiledView.Render(ViewContext viewContext, TextWriter writer)
   at System.Web.Mvc.ViewResultBase.ExecuteResult(ControllerContext context)
   at System.Web.Mvc.ControllerActionInvoker.InvokeActionResult(ControllerContext controllerContext, ActionResult actionResult)
   at System.Web.Mvc.ControllerActionInvoker.<>c__DisplayClass1a.<InvokeActionResultWithFilters>b__17()
   at System.Web.Mvc.ControllerActionInvoker.InvokeActionResultFilter(IResultFilter filter, ResultExecutingContext preContext, Func`1 continuation)
   at System.Web.Mvc.ControllerActionInvoker.<>c__DisplayClass1a.<>c__DisplayClass1c.<InvokeActionResultWithFilters>b__19()
   at System.Web.Mvc.ControllerActionInvoker.InvokeActionResultFilter(IResultFilter filter, ResultExecutingContext preContext, Func`1 continuation)
   at System.Web.Mvc.ControllerActionInvoker.<>c__DisplayClass1a.<>c__DisplayClass1c.<InvokeActionResultWithFilters>b__19()
   at System.Web.Mvc.ControllerActionInvoker.InvokeActionResultFilter(IResultFilter filter, ResultExecutingContext preContext, Func`1 continuation)
   at System.Web.Mvc.ControllerActionInvoker.<>c__DisplayClass1a.<>c__DisplayClass1c.<InvokeActionResultWithFilters>b__19()
   at System.Web.Mvc.ControllerActionInvoker.InvokeActionResultWithFilters(ControllerContext controllerContext, IList`1 filters, ActionResult actionResult)
   at System.Web.Mvc.Async.AsyncControllerActionInvoker.<>c__DisplayClass25.<>c__DisplayClass2a.<BeginInvokeAction>b__20()
   at System.Web.Mvc.Async.AsyncControllerActionInvoker.<>c__DisplayClass25.<BeginInvokeAction>b__22(IAsyncResult asyncResult)
INFO 10:12:54 – ThongKe/TheoKhoa
ERROR10:12:56 – Column 'tenDonVi' does not belong to table .
/controller=ThongKe/action=TheoKhoa
   at System.Data.DataRow.GetDataColumn(String columnName)
   at System.Data.DataRow.get_Item(String columnName)
   at ASP._Page_Areas_TKBaoCao_Views_ThongKe_TheoKhoa_cshtml.<>c__DisplayClass4.<Mark>b__2(TextWriter __razor_helper_writer) in c:\Workspace\HRMApplication\WebApplication\Areas\TKBaoCao\Views\ThongKe\TheoKhoa.cshtml:line 54
   at System.Web.WebPages.HelperResult.WriteTo(TextWriter writer)
   at System.Web.WebPages.WebPageBase.Write(HelperResult result)
   at ASP._Page_Areas_TKBaoCao_Views_ThongKe_TheoKhoa_cshtml.Execute() in c:\Workspace\HRMApplication\WebApplication\Areas\TKBaoCao\Views\ThongKe\TheoKhoa.cshtml:line 85
   at System.Web.WebPages.WebPageBase.ExecutePageHierarchy()
   at System.Web.Mvc.WebViewPage.ExecutePageHierarchy()
   at System.Web.WebPages.StartPage.RunPage()
   at System.Web.WebPages.StartPage.ExecutePageHierarchy()
   at System.Web.WebPages.WebPageBase.ExecutePageHierarchy(WebPageContext pageContext, TextWriter writer, WebPageRenderingBase startPage)
   at System.Web.Mvc.RazorView.RenderView(ViewContext viewContext, TextWriter writer, Object instance)
   at System.Web.Mvc.BuildManagerCompiledView.Render(ViewContext viewContext, TextWriter writer)
   at System.Web.Mvc.ViewResultBase.ExecuteResult(ControllerContext context)
   at System.Web.Mvc.ControllerActionInvoker.InvokeActionResult(ControllerContext controllerContext, ActionResult actionResult)
   at System.Web.Mvc.ControllerActionInvoker.<>c__DisplayClass1a.<InvokeActionResultWithFilters>b__17()
   at System.Web.Mvc.ControllerActionInvoker.InvokeActionResultFilter(IResultFilter filter, ResultExecutingContext preContext, Func`1 continuation)
   at System.Web.Mvc.ControllerActionInvoker.<>c__DisplayClass1a.<>c__DisplayClass1c.<InvokeActionResultWithFilters>b__19()
   at System.Web.Mvc.ControllerActionInvoker.InvokeActionResultFilter(IResultFilter filter, ResultExecutingContext preContext, Func`1 continuation)
   at System.Web.Mvc.ControllerActionInvoker.<>c__DisplayClass1a.<>c__DisplayClass1c.<InvokeActionResultWithFilters>b__19()
   at System.Web.Mvc.ControllerActionInvoker.InvokeActionResultFilter(IResultFilter filter, ResultExecutingContext preContext, Func`1 continuation)
   at System.Web.Mvc.ControllerActionInvoker.<>c__DisplayClass1a.<>c__DisplayClass1c.<InvokeActionResultWithFilters>b__19()
   at System.Web.Mvc.ControllerActionInvoker.InvokeActionResultWithFilters(ControllerContext controllerContext, IList`1 filters, ActionResult actionResult)
   at System.Web.Mvc.Async.AsyncControllerActionInvoker.<>c__DisplayClass25.<>c__DisplayClass2a.<BeginInvokeAction>b__20()
   at System.Web.Mvc.Async.AsyncControllerActionInvoker.<>c__DisplayClass25.<BeginInvokeAction>b__22(IAsyncResult asyncResult)
INFO 11:15:33 – ThongKe/TheoKhoa
INFO 11:18:08 – ThongKe/TheoKhoa
INFO 11:18:24 – ThongKe/TheoKhoa
INFO 11:19:55 – ThongKe/TheoNganh
INFO 11:20:33 – NganhGiangDay/Index&NV_id=187
ERROR11:20:34 – c:\Workspace\HRMApplication\WebApplication\Areas\TKBaoCao\Views\NganhGiangDay\Index.cshtml(71): error CS1061: 'HRM.Databases.Models.bcKhoaGiangDay' does not contain a definition for 'Ngay' and no extension method 'Ngay' accepting a first argument of type 'HRM.Databases.Models.bcKhoaGiangDay' could be found (are you missing a using directive or an assembly reference?)
/controller=NganhGiangDay/action=Index
   at System.Web.Compilation.AssemblyBuilder.Compile()
   at System.Web.Compilation.BuildProvidersCompiler.PerformBuild()
   at System.Web.Compilation.BuildManager.CompileWebFile(VirtualPath virtualPath)
   at System.Web.Compilation.BuildManager.GetVPathBuildResultInternal(VirtualPath virtualPath, Boolean noBuild, Boolean allowCrossApp, Boolean allowBuildInPrecompile, Boolean throwIfNotFound, Boolean ensureIsUpToDate)
   at System.Web.Compilation.BuildManager.GetVPathBuildResultWithNoAssert(HttpContext context, VirtualPath virtualPath, Boolean noBuild, Boolean allowCrossApp, Boolean allowBuildInPrecompile, Boolean throwIfNotFound, Boolean ensureIsUpToDate)
   at System.Web.Compilation.BuildManager.GetVirtualPathObjectFactory(VirtualPath virtualPath, HttpContext context, Boolean allowCrossApp, Boolean throwIfNotFound)
   at System.Web.Compilation.BuildManager.GetObjectFactory(String virtualPath, Boolean throwIfNotFound)
   at System.Web.Mvc.BuildManagerWrapper.System.Web.Mvc.IBuildManager.FileExists(String virtualPath)
   at System.Web.Mvc.BuildManagerViewEngine.FileExists(ControllerContext controllerContext, String virtualPath)
   at System.Web.Mvc.VirtualPathProviderViewEngine.<>c__DisplayClass4.<GetPathFromGeneralName>b__0(String path)
   at System.Web.WebPages.DefaultDisplayMode.GetDisplayInfo(HttpContextBase httpContext, String virtualPath, Func`2 virtualPathExists)
   at System.Web.WebPages.DisplayModeProvider.<>c__DisplayClassb.<GetDisplayInfoForVirtualPath>b__8(IDisplayMode mode)
   at System.Linq.Enumerable.WhereSelectListIterator`2.MoveNext()
   at System.Linq.Enumerable.FirstOrDefault[TSource](IEnumerable`1 source, Func`2 predicate)
   at System.Web.WebPages.DisplayModeProvider.GetDisplayInfoForVirtualPath(String virtualPath, HttpContextBase httpContext, Func`2 virtualPathExists, IDisplayMode currentDisplayMode, Boolean requireConsistentDisplayMode)
   at System.Web.Mvc.VirtualPathProviderViewEngine.GetPathFromGeneralName(ControllerContext controllerContext, List`1 locations, String name, String controllerName, String areaName, String cacheKey, String[]& searchedLocations)
   at System.Web.Mvc.VirtualPathProviderViewEngine.GetPath(ControllerContext controllerContext, String[] locations, String[] areaLocations, String locationsPropertyName, String name, String controllerName, String cacheKeyPrefix, Boolean useCache, String[]& searchedLocations)
   at System.Web.Mvc.VirtualPathProviderViewEngine.FindView(ControllerContext controllerContext, String viewName, String masterName, Boolean useCache)
   at System.Web.Mvc.ViewEngineCollection.<>c__DisplayClassc.<FindView>b__b(IViewEngine e)
   at System.Web.Mvc.ViewEngineCollection.Find(Func`2 lookup, Boolean trackSearchedPaths)
   at System.Web.Mvc.ViewEngineCollection.FindView(ControllerContext controllerContext, String viewName, String masterName)
   at System.Web.Mvc.ViewResult.FindView(ControllerContext context)
   at System.Web.Mvc.ViewResultBase.ExecuteResult(ControllerContext context)
   at System.Web.Mvc.ControllerActionInvoker.InvokeActionResult(ControllerContext controllerContext, ActionResult actionResult)
   at System.Web.Mvc.ControllerActionInvoker.<>c__DisplayClass1a.<InvokeActionResultWithFilters>b__17()
   at System.Web.Mvc.ControllerActionInvoker.InvokeActionResultFilter(IResultFilter filter, ResultExecutingContext preContext, Func`1 continuation)
   at System.Web.Mvc.ControllerActionInvoker.<>c__DisplayClass1a.<>c__DisplayClass1c.<InvokeActionResultWithFilters>b__19()
   at System.Web.Mvc.ControllerActionInvoker.InvokeActionResultFilter(IResultFilter filter, ResultExecutingContext preContext, Func`1 continuation)
   at System.Web.Mvc.ControllerActionInvoker.<>c__DisplayClass1a.<>c__DisplayClass1c.<InvokeActionResultWithFilters>b__19()
   at System.Web.Mvc.ControllerActionInvoker.InvokeActionResultFilter(IResultFilter filter, ResultExecutingContext preContext, Func`1 continuation)
   at System.Web.Mvc.ControllerActionInvoker.<>c__DisplayClass1a.<>c__DisplayClass1c.<InvokeActionResultWithFilters>b__19()
   at System.Web.Mvc.ControllerActionInvoker.InvokeActionResultWithFilters(ControllerContext controllerContext, IList`1 filters, ActionResult actionResult)
   at System.Web.Mvc.Async.AsyncControllerActionInvoker.<>c__DisplayClass25.<>c__DisplayClass2a.<BeginInvokeAction>b__20()
   at System.Web.Mvc.Async.AsyncControllerActionInvoker.<>c__DisplayClass25.<BeginInvokeAction>b__22(IAsyncResult asyncResult)
INFO 11:21:10 – NganhGiangDay/Index&NV_id=187
ERROR11:21:11 – There is no row at position 0.
/controller=NganhGiangDay/action=Index
   at System.Data.RBTree`1.GetNodeByIndex(Int32 userIndex)
   at System.Data.DataRowCollection.get_Item(Int32 index)
   at ASP._Page_Areas_TKBaoCao_Views_NganhGiangDay_Index_cshtml.Execute() in c:\Workspace\HRMApplication\WebApplication\Areas\TKBaoCao\Views\NganhGiangDay\Index.cshtml:line 13
   at System.Web.WebPages.WebPageBase.ExecutePageHierarchy()
   at System.Web.Mvc.WebViewPage.ExecutePageHierarchy()
   at System.Web.WebPages.StartPage.RunPage()
   at System.Web.WebPages.StartPage.ExecutePageHierarchy()
   at System.Web.WebPages.WebPageBase.ExecutePageHierarchy(WebPageContext pageContext, TextWriter writer, WebPageRenderingBase startPage)
   at System.Web.Mvc.RazorView.RenderView(ViewContext viewContext, TextWriter writer, Object instance)
   at System.Web.Mvc.BuildManagerCompiledView.Render(ViewContext viewContext, TextWriter writer)
   at System.Web.Mvc.ViewResultBase.ExecuteResult(ControllerContext context)
   at System.Web.Mvc.ControllerActionInvoker.InvokeActionResult(ControllerContext controllerContext, ActionResult actionResult)
   at System.Web.Mvc.ControllerActionInvoker.<>c__DisplayClass1a.<InvokeActionResultWithFilters>b__17()
   at System.Web.Mvc.ControllerActionInvoker.InvokeActionResultFilter(IResultFilter filter, ResultExecutingContext preContext, Func`1 continuation)
   at System.Web.Mvc.ControllerActionInvoker.<>c__DisplayClass1a.<>c__DisplayClass1c.<InvokeActionResultWithFilters>b__19()
   at System.Web.Mvc.ControllerActionInvoker.InvokeActionResultFilter(IResultFilter filter, ResultExecutingContext preContext, Func`1 continuation)
   at System.Web.Mvc.ControllerActionInvoker.<>c__DisplayClass1a.<>c__DisplayClass1c.<InvokeActionResultWithFilters>b__19()
   at System.Web.Mvc.ControllerActionInvoker.InvokeActionResultFilter(IResultFilter filter, ResultExecutingContext preContext, Func`1 continuation)
   at System.Web.Mvc.ControllerActionInvoker.<>c__DisplayClass1a.<>c__DisplayClass1c.<InvokeActionResultWithFilters>b__19()
   at System.Web.Mvc.ControllerActionInvoker.InvokeActionResultWithFilters(ControllerContext controllerContext, IList`1 filters, ActionResult actionResult)
   at System.Web.Mvc.Async.AsyncControllerActionInvoker.<>c__DisplayClass25.<>c__DisplayClass2a.<BeginInvokeAction>b__20()
   at System.Web.Mvc.Async.AsyncControllerActionInvoker.<>c__DisplayClass25.<BeginInvokeAction>b__22(IAsyncResult asyncResult)
INFO 11:26:30 – NganhGiangDay/Index&NV_id=187
ERROR11:26:31 – Column 'idNganhGiangDay' does not belong to table .
/controller=NganhGiangDay/action=Index
   at System.Data.DataRow.GetDataColumn(String columnName)
   at System.Data.DataRow.get_Item(String columnName)
   at ASP._Page_Areas_TKBaoCao_Views_NganhGiangDay_Index_cshtml.Execute() in c:\Workspace\HRMApplication\WebApplication\Areas\TKBaoCao\Views\NganhGiangDay\Index.cshtml:line 35
   at System.Web.WebPages.WebPageBase.ExecutePageHierarchy()
   at System.Web.Mvc.WebViewPage.ExecutePageHierarchy()
   at System.Web.WebPages.StartPage.RunPage()
   at System.Web.WebPages.StartPage.ExecutePageHierarchy()
   at System.Web.WebPages.WebPageBase.ExecutePageHierarchy(WebPageContext pageContext, TextWriter writer, WebPageRenderingBase startPage)
   at System.Web.Mvc.RazorView.RenderView(ViewContext viewContext, TextWriter writer, Object instance)
   at System.Web.Mvc.BuildManagerCompiledView.Render(ViewContext viewContext, TextWriter writer)
   at System.Web.Mvc.ViewResultBase.ExecuteResult(ControllerContext context)
   at System.Web.Mvc.ControllerActionInvoker.InvokeActionResult(ControllerContext controllerContext, ActionResult actionResult)
   at System.Web.Mvc.ControllerActionInvoker.<>c__DisplayClass1a.<InvokeActionResultWithFilters>b__17()
   at System.Web.Mvc.ControllerActionInvoker.InvokeActionResultFilter(IResultFilter filter, ResultExecutingContext preContext, Func`1 continuation)
   at System.Web.Mvc.ControllerActionInvoker.<>c__DisplayClass1a.<>c__DisplayClass1c.<InvokeActionResultWithFilters>b__19()
   at System.Web.Mvc.ControllerActionInvoker.InvokeActionResultFilter(IResultFilter filter, ResultExecutingContext preContext, Func`1 continuation)
   at System.Web.Mvc.ControllerActionInvoker.<>c__DisplayClass1a.<>c__DisplayClass1c.<InvokeActionResultWithFilters>b__19()
   at System.Web.Mvc.ControllerActionInvoker.InvokeActionResultFilter(IResultFilter filter, ResultExecutingContext preContext, Func`1 continuation)
   at System.Web.Mvc.ControllerActionInvoker.<>c__DisplayClass1a.<>c__DisplayClass1c.<InvokeActionResultWithFilters>b__19()
   at System.Web.Mvc.ControllerActionInvoker.InvokeActionResultWithFilters(ControllerContext controllerContext, IList`1 filters, ActionResult actionResult)
   at System.Web.Mvc.Async.AsyncControllerActionInvoker.<>c__DisplayClass25.<>c__DisplayClass2a.<BeginInvokeAction>b__20()
   at System.Web.Mvc.Async.AsyncControllerActionInvoker.<>c__DisplayClass25.<BeginInvokeAction>b__22(IAsyncResult asyncResult)
INFO 11:29:02 – NganhGiangDay/Index&NV_id=187
ERROR11:29:03 – Column 'HienTai' does not belong to table .
/controller=NganhGiangDay/action=Index
   at System.Data.DataRow.GetDataColumn(String columnName)
   at System.Data.DataRow.get_Item(String columnName)
   at ASP._Page_Areas_TKBaoCao_Views_NganhGiangDay_Index_cshtml.Execute() in c:\Workspace\HRMApplication\WebApplication\Areas\TKBaoCao\Views\NganhGiangDay\Index.cshtml:line 35
   at System.Web.WebPages.WebPageBase.ExecutePageHierarchy()
   at System.Web.Mvc.WebViewPage.ExecutePageHierarchy()
   at System.Web.WebPages.StartPage.RunPage()
   at System.Web.WebPages.StartPage.ExecutePageHierarchy()
   at System.Web.WebPages.WebPageBase.ExecutePageHierarchy(WebPageContext pageContext, TextWriter writer, WebPageRenderingBase startPage)
   at System.Web.Mvc.RazorView.RenderView(ViewContext viewContext, TextWriter writer, Object instance)
   at System.Web.Mvc.BuildManagerCompiledView.Render(ViewContext viewContext, TextWriter writer)
   at System.Web.Mvc.ViewResultBase.ExecuteResult(ControllerContext context)
   at System.Web.Mvc.ControllerActionInvoker.InvokeActionResult(ControllerContext controllerContext, ActionResult actionResult)
   at System.Web.Mvc.ControllerActionInvoker.<>c__DisplayClass1a.<InvokeActionResultWithFilters>b__17()
   at System.Web.Mvc.ControllerActionInvoker.InvokeActionResultFilter(IResultFilter filter, ResultExecutingContext preContext, Func`1 continuation)
   at System.Web.Mvc.ControllerActionInvoker.<>c__DisplayClass1a.<>c__DisplayClass1c.<InvokeActionResultWithFilters>b__19()
   at System.Web.Mvc.ControllerActionInvoker.InvokeActionResultFilter(IResultFilter filter, ResultExecutingContext preContext, Func`1 continuation)
   at System.Web.Mvc.ControllerActionInvoker.<>c__DisplayClass1a.<>c__DisplayClass1c.<InvokeActionResultWithFilters>b__19()
   at System.Web.Mvc.ControllerActionInvoker.InvokeActionResultFilter(IResultFilter filter, ResultExecutingContext preContext, Func`1 continuation)
   at System.Web.Mvc.ControllerActionInvoker.<>c__DisplayClass1a.<>c__DisplayClass1c.<InvokeActionResultWithFilters>b__19()
   at System.Web.Mvc.ControllerActionInvoker.InvokeActionResultWithFilters(ControllerContext controllerContext, IList`1 filters, ActionResult actionResult)
   at System.Web.Mvc.Async.AsyncControllerActionInvoker.<>c__DisplayClass25.<>c__DisplayClass2a.<BeginInvokeAction>b__20()
   at System.Web.Mvc.Async.AsyncControllerActionInvoker.<>c__DisplayClass25.<BeginInvokeAction>b__22(IAsyncResult asyncResult)
INFO 11:29:39 – NganhGiangDay/Index&NV_id=187
INFO 11:30:48 – NganhGiangDay/Index&NV_id=187
INFO 11:33:06 – ThongKe/TheoNganh
INFO 11:34:28 – ThongKe/TheoNganh
