INFO 02:12:13 – Home/Index
INFO 02:12:15 – Login/Index
INFO 02:12:26 – Login/Index
INFO 02:12:26 – Home/Index
INFO 02:12:40 – TuyenDung/Index
INFO 02:13:22 – TuyenDung/Create&UV_id=-1
INFO 02:13:22 – ThongTinChung/Create&UV_id=-1
INFO 02:13:51 – ThongTinChung/Create&UV_id=-1&GioiTinh_id=1&TinhThanh_id=&QuocGia_id=1&LoaiThe_id=1&NoiCap_id=79&DanToc_id=1&TonGiao_id=&QuocTich_id=1
INFO 02:13:52 – TuyenDung/Create&UV_id=373
INFO 02:13:52 – ThongTinBangCap/Create&UV_id=373
INFO 02:13:59 – TuyenDung/Create&UV_id=373
INFO 02:13:59 – ThongTinLienHe/Create&UV_id=373
INFO 02:14:11 – ThongTinLienHe/Create&UngVien_id=373&id=950&DTDiDong1=&DTDiDong2=&hkPhuongXa_id=&hkQuanHuyen_id=&hkTinhThanh_id=&llPhuongXa_id=&llQuanHuyen_id=&llTinhThanh_id=
INFO 02:14:11 – TuyenDung/Create&UV_id=373
INFO 02:14:11 – ThongTinUngTuyen/Create&UV_id=373
INFO 02:14:23 – ThongTinUngTuyen/Create&UngVien_id=373&id=360&ViTriUngTuyen_id=22&DonViUngTuyen_id=4
INFO 02:14:23 – TuyenDung/Index
INFO 02:42:29 – TuyenDung/Index
INFO 03:55:04 – TuyenDung/Index
INFO 03:55:15 – TuyenDung/Index
INFO 03:55:33 – TuyenDung/Index
