INFO 09:35:05 – Home/Index
INFO 09:35:06 – Login/Index
INFO 09:35:22 – Login/Index
INFO 09:35:22 – Home/Index
INFO 09:35:35 – TinhCong/Index
INFO 09:36:22 – Home/Index
INFO 09:36:22 – Login/Index
INFO 09:36:34 – Login/Index
INFO 09:36:34 – Home/Index
INFO 09:36:37 – TinhCong/Index
INFO 09:36:54 – TinhCong/Summary
INFO 09:37:19 – TinhCong/Summary
INFO 09:40:42 – TinhCong/Details&NV_id=743
INFO 09:41:18 – TinhCong/Details&NV_id=47
INFO 09:49:01 – TinhCong/Summary
INFO 09:50:44 – TinhCong/Summary
INFO 09:51:56 – TinhCong/Index
INFO 09:52:02 – TinhCong/Summary
INFO 10:12:58 – TinhCong/Details&NV_id=422
INFO 10:13:10 – TinhCong/Summary
INFO 10:16:34 – TinhCong/Summary
INFO 10:17:49 – TinhCong/Summary
INFO 10:18:02 – TinhCong/Summary
INFO 10:24:41 – TinhCong/Summary
INFO 10:27:01 – TinhCong/Summary
INFO 10:27:53 – TinhCong/Details&NV_id=422
INFO 10:31:30 – TinhCong/Summary
INFO 10:33:23 – TinhCong/Details&NV_id=16
INFO 10:35:35 – TinhCong/Details&NV_id=16
INFO 10:37:39 – TinhCong/Details&NV_id=16
INFO 10:38:34 – TinhCong/Details&NV_id=16
INFO 10:38:49 – TinhCong/Summary
INFO 10:39:22 – TinhCong/Details&NV_id=666
INFO 10:56:33 – TinhCong/Summary
INFO 10:59:13 – TinhCong/Summary
INFO 11:00:05 – TinhCong/Summary
INFO 11:01:24 – TinhCong/Summary
INFO 11:03:02 – TinhCong/Summary
INFO 11:04:47 – TinhCong/Summary
INFO 11:05:57 – TinhCong/Summary
INFO 11:55:21 – TinhCong/Summary
INFO 11:55:59 – TinhCong/Details&NV_id=14
INFO 11:56:21 – TinhCong/Details&NV_id=60
INFO 11:58:32 – TinhCong/Summary
INFO 11:59:33 – TinhCong/Summary
INFO 12:00:27 – TinhCong/Summary
INFO 12:01:27 – TinhCong/Summary
INFO 12:09:58 – TinhCong/Details&NV_id=43
INFO 12:10:12 – TinhCong/Details&NV_id=238
INFO 12:11:16 – TinhCong/Details&NV_id=238
