INFO 10:23:16 – Home/Index
INFO 10:23:17 – Login/Index
INFO 10:23:28 – Login/Index
INFO 10:23:28 – Home/Index
INFO 10:24:40 – HSNhanSu/Index
INFO 10:24:42 – NhanVien/IndexP
INFO 10:28:06 – HSNhanSu/Index
INFO 10:28:06 – NhanVien/IndexP
INFO 10:28:13 – HSNhanSu/Index
INFO 10:28:13 – NhanVien/IndexP
INFO 10:40:48 – HSNhanSu/Details
INFO 10:40:52 – QTLamViecTruoc/IndexP
INFO 10:40:52 – QTLamViec/IndexP
INFO 10:41:17 – HSNhanSu/Details
INFO 10:41:18 – TTKhenThuongTruoc/IndexP
INFO 10:41:18 – TTKhenThuong/IndexP
INFO 10:41:22 – HSNhanSu/Details
INFO 10:41:22 – QTLamViecTruoc/IndexP
INFO 10:41:22 – QTLamViec/IndexP
INFO 10:41:24 – HSNhanSu/Details
INFO 10:41:24 – TTKyLuatTruoc/IndexP
INFO 10:41:25 – TTKyLuat/IndexP
INFO 10:41:30 – HSNhanSu/Details
INFO 10:41:30 – nvTapHuan/Index
INFO 10:41:31 – nvCTNganHan/Index
INFO 10:41:36 – HSNhanSu/Details
INFO 10:41:37 – SoYeuLyLich/EditP
INFO 10:41:38 – TheDinhDanh/IndexP
INFO 10:42:05 – HSNhanSu/Details
INFO 10:42:05 – TTLienHe/EditP
INFO 10:42:05 – DiaChiNha/IndexP
INFO 10:42:16 – HSNhanSu/Details
INFO 10:42:16 – QHGiaDinh/IndexP
INFO 10:42:28 – HSNhanSu/Details
INFO 10:42:28 – nvBangCap/Index
INFO 10:42:29 – ChungChi/Index
INFO 10:43:01 – HSNhanSu/Details
INFO 10:43:01 – QTLamViecTruoc/IndexP
INFO 10:43:01 – QTLamViec/IndexP
INFO 10:46:31 – HSNhanSu/Details
INFO 10:46:31 – SoYeuLyLich/EditP
INFO 10:46:31 – TheDinhDanh/IndexP
INFO 10:46:47 – HSNhanSu/Details
INFO 10:46:47 – QTLamViecTruoc/IndexP
INFO 10:46:47 – QTLamViec/IndexP
INFO 10:47:56 – HSNhanSu/Details
INFO 10:47:56 – SoYeuLyLich/EditP
INFO 10:47:56 – TheDinhDanh/IndexP
INFO 10:48:39 – HSNhanSu/Details
INFO 10:48:39 – nvBangCap/Index
INFO 10:48:39 – ChungChi/Index
INFO 10:51:03 – HSNhanSu/Details
INFO 10:51:03 – QTLamViecTruoc/IndexP
INFO 10:51:03 – QTLamViec/IndexP
INFO 01:38:44 – HSNhanSu/Details
INFO 01:38:44 – TTLienHe/EditP
INFO 01:38:44 – DiaChiNha/IndexP
INFO 01:40:03 – HSNhanSu/Details
INFO 01:40:03 – SoYeuLyLich/EditP
INFO 01:40:03 – TheDinhDanh/IndexP
INFO 01:40:07 – HSNhanSu/Details
INFO 01:40:07 – TTLienHe/EditP
INFO 01:40:07 – DiaChiNha/IndexP
INFO 01:40:10 – HSNhanSu/Details
INFO 01:40:10 – QHGiaDinh/IndexP
INFO 01:40:19 – HSNhanSu/Details
INFO 01:40:19 – nvBangCap/Index
INFO 01:40:19 – ChungChi/Index
INFO 01:40:25 – HSNhanSu/Details
INFO 01:40:25 – QTLamViecTruoc/IndexP
INFO 01:40:25 – QTLamViec/IndexP
INFO 01:40:37 – HSNhanSu/Details
INFO 01:40:37 – CTDoanTheTruoc/IndexP
INFO 01:40:38 – CTDoanThe/IndexP
INFO 01:40:40 – HSNhanSu/Details
INFO 01:40:41 – TTKhenThuongTruoc/IndexP
INFO 01:40:41 – TTKhenThuong/IndexP
INFO 01:40:42 – HSNhanSu/Details
INFO 01:40:42 – SoYeuLyLich/EditP
INFO 01:40:43 – TheDinhDanh/IndexP
INFO 01:41:44 – HSNhanSu/Details
INFO 01:41:44 – SoYeuLyLich/EditP
INFO 01:41:44 – TheDinhDanh/IndexP
INFO 01:42:08 – HSNhanSu/Details
INFO 01:42:08 – TTLienHe/EditP
INFO 01:42:08 – DiaChiNha/IndexP
INFO 01:42:10 – HSNhanSu/Details
INFO 01:42:10 – QHGiaDinh/IndexP
INFO 01:42:34 – HSNhanSu/Details
INFO 01:42:35 – nvBangCap/Index
INFO 01:42:35 – ChungChi/Index
INFO 01:42:51 – HSNhanSu/Details
INFO 01:42:51 – QTLamViecTruoc/IndexP
INFO 01:42:51 – QTLamViec/IndexP
INFO 01:43:01 – HSNhanSu/Details
INFO 01:43:01 – SoYeuLyLich/EditP
INFO 01:43:01 – TheDinhDanh/IndexP
INFO 01:43:30 – HSNhanSu/Details
INFO 01:43:30 – SoYeuLyLich/EditP
INFO 01:43:30 – TheDinhDanh/IndexP
INFO 01:43:57 – HSNhanSu/Details
INFO 01:43:57 – QHGiaDinh/IndexP
INFO 01:44:10 – HSNhanSu/Details
INFO 01:44:10 – SoYeuLyLich/EditP
INFO 01:44:10 – TheDinhDanh/IndexP
INFO 01:44:24 – HSNhanSu/Details
INFO 01:44:24 – TTLienHe/EditP
INFO 01:44:24 – DiaChiNha/IndexP
INFO 01:44:26 – HSNhanSu/Details
INFO 01:44:26 – QHGiaDinh/IndexP
INFO 01:44:28 – HSNhanSu/Details
INFO 01:44:28 – nvBangCap/Index
INFO 01:44:28 – ChungChi/Index
INFO 01:44:50 – HSNhanSu/Details
INFO 01:44:50 – QTLamViecTruoc/IndexP
INFO 01:44:51 – QTLamViec/IndexP
INFO 01:44:54 – HSNhanSu/Details
INFO 01:44:54 – CTDoanTheTruoc/IndexP
INFO 01:44:54 – CTDoanThe/IndexP
INFO 01:44:57 – HSNhanSu/Details
INFO 01:44:57 – SoYeuLyLich/EditP
INFO 01:44:57 – TheDinhDanh/IndexP
INFO 02:16:44 – HSNhanSu/Details
INFO 02:16:44 – nvBangCap/Index
INFO 02:16:45 – ChungChi/Index
