INFO 10:59:44 – Home/Index
INFO 10:59:44 – Login/Index
INFO 10:59:54 – Login/Index
INFO 10:59:54 – Home/Index
INFO 10:59:56 – DanhMuc/List
INFO 10:59:59 – DanhMuc/Index
INFO 10:59:59 – ChucDanhChuyenMon/Index
INFO 11:00:06 – ChucDanhChuyenMon/Edit&id=13
INFO 11:00:12 – ChucDanhChuyenMon/Edit&id=13&id=13&idChucDanh=1
INFO 11:00:12 – DanhMuc/Index
INFO 11:00:12 – ChucDanhChuyenMon/Index
INFO 11:00:15 – ChucDanhChuyenMon/Edit&id=13
INFO 11:00:59 – Home/Index
INFO 11:00:59 – Login/Index
INFO 11:01:06 – Login/Index
INFO 11:01:06 – Home/Index
INFO 11:01:10 – ChucDanhChuyenMon/Edit&id=13
INFO 11:01:17 – ChucDanhChuyenMon/Edit&id=13&id=13&idChucDanh=1
INFO 11:01:47 – DanhMuc/Index
INFO 11:01:48 – ChucDanhChuyenMon/Index
INFO 11:02:44 – DanhMuc/List
INFO 11:03:00 – DanhMuc/Index
INFO 11:03:00 – ChucDanhChuyenMon/Index
INFO 11:03:06 – ChucDanhChuyenMon/Edit&id=13
INFO 11:03:12 – ChucDanhChuyenMon/Edit&id=13&id=13
INFO 11:03:12 – DanhMuc/Index
INFO 11:03:12 – ChucDanhChuyenMon/Index
INFO 11:03:18 – ChucDanhChuyenMon/Edit&id=14
INFO 11:03:21 – ChucDanhChuyenMon/Edit&id=14&id=14
INFO 11:03:21 – DanhMuc/Index
INFO 11:03:21 – ChucDanhChuyenMon/Index
INFO 11:03:22 – ChucDanhChuyenMon/Edit&id=13
INFO 11:03:25 – ChucDanhChuyenMon/Edit&id=13&id=13
INFO 11:03:25 – DanhMuc/Index
INFO 11:03:25 – ChucDanhChuyenMon/Index
INFO 11:03:26 – ChucDanhChuyenMon/Edit&id=13
INFO 11:03:29 – ChucDanhChuyenMon/Edit&id=13&id=13
INFO 11:03:29 – DanhMuc/Index
INFO 11:03:29 – ChucDanhChuyenMon/Index
INFO 11:03:34 – ChucDanhChuyenMon/Edit&id=6
INFO 11:03:38 – ChucDanhChuyenMon/Edit&id=34
INFO 11:05:08 – DanhMuc/Index
INFO 11:05:08 – ChucDanhChuyenMon/Index
INFO 11:05:11 – ChucDanhChuyenMon/Edit&id=10
INFO 11:05:22 – ChucDanhChuyenMon/Edit&id=13
INFO 11:06:07 – ChucDanhChuyenMon/Create
ERROR11:06:07 – There is no ViewData item of type 'IEnumerable<SelectListItem>' that has the key 'loaiDonViChuQuan'.
/controller=ChucDanhChuyenMon/action=Create
   at System.Web.Mvc.Html.SelectExtensions.GetSelectData(HtmlHelper htmlHelper, String name)
   at System.Web.Mvc.Html.SelectExtensions.SelectInternal(HtmlHelper htmlHelper, ModelMetadata metadata, String optionLabel, String name, IEnumerable`1 selectList, Boolean allowMultiple, IDictionary`2 htmlAttributes)
   at System.Web.Mvc.Html.SelectExtensions.DropDownListHelper(HtmlHelper htmlHelper, ModelMetadata metadata, String expression, IEnumerable`1 selectList, String optionLabel, IDictionary`2 htmlAttributes)
   at System.Web.Mvc.Html.SelectExtensions.DropDownList(HtmlHelper htmlHelper, String name, IEnumerable`1 selectList, String optionLabel, IDictionary`2 htmlAttributes)
   at System.Web.Mvc.Html.SelectExtensions.DropDownList(HtmlHelper htmlHelper, String name, String optionLabel)
   at ASP._Page_Areas_QLDanhMuc_Views_ChucDanhChuyenMon_Create_cshtml.Execute() in c:\Workspace\HRMApplication\WebApplication\Areas\QLDanhMuc\Views\ChucDanhChuyenMon\Create.cshtml:line 39
   at System.Web.WebPages.WebPageBase.ExecutePageHierarchy()
   at System.Web.Mvc.WebViewPage.ExecutePageHierarchy()
   at System.Web.WebPages.WebPageBase.ExecutePageHierarchy(WebPageContext pageContext, TextWriter writer, WebPageRenderingBase startPage)
   at System.Web.Mvc.RazorView.RenderView(ViewContext viewContext, TextWriter writer, Object instance)
   at System.Web.Mvc.BuildManagerCompiledView.Render(ViewContext viewContext, TextWriter writer)
   at System.Web.Mvc.ViewResultBase.ExecuteResult(ControllerContext context)
   at System.Web.Mvc.ControllerActionInvoker.InvokeActionResult(ControllerContext controllerContext, ActionResult actionResult)
   at System.Web.Mvc.ControllerActionInvoker.<>c__DisplayClass1a.<InvokeActionResultWithFilters>b__17()
   at System.Web.Mvc.ControllerActionInvoker.InvokeActionResultFilter(IResultFilter filter, ResultExecutingContext preContext, Func`1 continuation)
   at System.Web.Mvc.ControllerActionInvoker.<>c__DisplayClass1a.<>c__DisplayClass1c.<InvokeActionResultWithFilters>b__19()
   at System.Web.Mvc.ControllerActionInvoker.InvokeActionResultFilter(IResultFilter filter, ResultExecutingContext preContext, Func`1 continuation)
   at System.Web.Mvc.ControllerActionInvoker.<>c__DisplayClass1a.<>c__DisplayClass1c.<InvokeActionResultWithFilters>b__19()
   at System.Web.Mvc.ControllerActionInvoker.InvokeActionResultFilter(IResultFilter filter, ResultExecutingContext preContext, Func`1 continuation)
   at System.Web.Mvc.ControllerActionInvoker.<>c__DisplayClass1a.<>c__DisplayClass1c.<InvokeActionResultWithFilters>b__19()
   at System.Web.Mvc.ControllerActionInvoker.InvokeActionResultWithFilters(ControllerContext controllerContext, IList`1 filters, ActionResult actionResult)
   at System.Web.Mvc.Async.AsyncControllerActionInvoker.<>c__DisplayClass25.<>c__DisplayClass2a.<BeginInvokeAction>b__20()
   at System.Web.Mvc.Async.AsyncControllerActionInvoker.<>c__DisplayClass25.<BeginInvokeAction>b__22(IAsyncResult asyncResult)
INFO 11:06:16 – ChucDanhChuyenMon/Create
ERROR11:06:16 – There is no ViewData item of type 'IEnumerable<SelectListItem>' that has the key 'loaiDonViChuQuan'.
/controller=ChucDanhChuyenMon/action=Create
   at System.Web.Mvc.Html.SelectExtensions.GetSelectData(HtmlHelper htmlHelper, String name)
   at System.Web.Mvc.Html.SelectExtensions.SelectInternal(HtmlHelper htmlHelper, ModelMetadata metadata, String optionLabel, String name, IEnumerable`1 selectList, Boolean allowMultiple, IDictionary`2 htmlAttributes)
   at System.Web.Mvc.Html.SelectExtensions.DropDownListHelper(HtmlHelper htmlHelper, ModelMetadata metadata, String expression, IEnumerable`1 selectList, String optionLabel, IDictionary`2 htmlAttributes)
   at System.Web.Mvc.Html.SelectExtensions.DropDownList(HtmlHelper htmlHelper, String name, IEnumerable`1 selectList, String optionLabel, IDictionary`2 htmlAttributes)
   at System.Web.Mvc.Html.SelectExtensions.DropDownList(HtmlHelper htmlHelper, String name, String optionLabel)
   at ASP._Page_Areas_QLDanhMuc_Views_ChucDanhChuyenMon_Create_cshtml.Execute() in c:\Workspace\HRMApplication\WebApplication\Areas\QLDanhMuc\Views\ChucDanhChuyenMon\Create.cshtml:line 39
   at System.Web.WebPages.WebPageBase.ExecutePageHierarchy()
   at System.Web.Mvc.WebViewPage.ExecutePageHierarchy()
   at System.Web.WebPages.WebPageBase.ExecutePageHierarchy(WebPageContext pageContext, TextWriter writer, WebPageRenderingBase startPage)
   at System.Web.Mvc.RazorView.RenderView(ViewContext viewContext, TextWriter writer, Object instance)
   at System.Web.Mvc.BuildManagerCompiledView.Render(ViewContext viewContext, TextWriter writer)
   at System.Web.Mvc.ViewResultBase.ExecuteResult(ControllerContext context)
   at System.Web.Mvc.ControllerActionInvoker.InvokeActionResult(ControllerContext controllerContext, ActionResult actionResult)
   at System.Web.Mvc.ControllerActionInvoker.<>c__DisplayClass1a.<InvokeActionResultWithFilters>b__17()
   at System.Web.Mvc.ControllerActionInvoker.InvokeActionResultFilter(IResultFilter filter, ResultExecutingContext preContext, Func`1 continuation)
   at System.Web.Mvc.ControllerActionInvoker.<>c__DisplayClass1a.<>c__DisplayClass1c.<InvokeActionResultWithFilters>b__19()
   at System.Web.Mvc.ControllerActionInvoker.InvokeActionResultFilter(IResultFilter filter, ResultExecutingContext preContext, Func`1 continuation)
   at System.Web.Mvc.ControllerActionInvoker.<>c__DisplayClass1a.<>c__DisplayClass1c.<InvokeActionResultWithFilters>b__19()
   at System.Web.Mvc.ControllerActionInvoker.InvokeActionResultFilter(IResultFilter filter, ResultExecutingContext preContext, Func`1 continuation)
   at System.Web.Mvc.ControllerActionInvoker.<>c__DisplayClass1a.<>c__DisplayClass1c.<InvokeActionResultWithFilters>b__19()
   at System.Web.Mvc.ControllerActionInvoker.InvokeActionResultWithFilters(ControllerContext controllerContext, IList`1 filters, ActionResult actionResult)
   at System.Web.Mvc.Async.AsyncControllerActionInvoker.<>c__DisplayClass25.<>c__DisplayClass2a.<BeginInvokeAction>b__20()
   at System.Web.Mvc.Async.AsyncControllerActionInvoker.<>c__DisplayClass25.<BeginInvokeAction>b__22(IAsyncResult asyncResult)
INFO 11:06:20 – DanhMuc/List
INFO 11:06:21 – ChucDanhChuyenMon/Create
ERROR11:06:21 – There is no ViewData item of type 'IEnumerable<SelectListItem>' that has the key 'loaiDonViChuQuan'.
/controller=ChucDanhChuyenMon/action=Create
   at System.Web.Mvc.Html.SelectExtensions.GetSelectData(HtmlHelper htmlHelper, String name)
   at System.Web.Mvc.Html.SelectExtensions.SelectInternal(HtmlHelper htmlHelper, ModelMetadata metadata, String optionLabel, String name, IEnumerable`1 selectList, Boolean allowMultiple, IDictionary`2 htmlAttributes)
   at System.Web.Mvc.Html.SelectExtensions.DropDownListHelper(HtmlHelper htmlHelper, ModelMetadata metadata, String expression, IEnumerable`1 selectList, String optionLabel, IDictionary`2 htmlAttributes)
   at System.Web.Mvc.Html.SelectExtensions.DropDownList(HtmlHelper htmlHelper, String name, IEnumerable`1 selectList, String optionLabel, IDictionary`2 htmlAttributes)
   at System.Web.Mvc.Html.SelectExtensions.DropDownList(HtmlHelper htmlHelper, String name, String optionLabel)
   at ASP._Page_Areas_QLDanhMuc_Views_ChucDanhChuyenMon_Create_cshtml.Execute() in c:\Workspace\HRMApplication\WebApplication\Areas\QLDanhMuc\Views\ChucDanhChuyenMon\Create.cshtml:line 39
   at System.Web.WebPages.WebPageBase.ExecutePageHierarchy()
   at System.Web.Mvc.WebViewPage.ExecutePageHierarchy()
   at System.Web.WebPages.WebPageBase.ExecutePageHierarchy(WebPageContext pageContext, TextWriter writer, WebPageRenderingBase startPage)
   at System.Web.Mvc.RazorView.RenderView(ViewContext viewContext, TextWriter writer, Object instance)
   at System.Web.Mvc.BuildManagerCompiledView.Render(ViewContext viewContext, TextWriter writer)
   at System.Web.Mvc.ViewResultBase.ExecuteResult(ControllerContext context)
   at System.Web.Mvc.ControllerActionInvoker.InvokeActionResult(ControllerContext controllerContext, ActionResult actionResult)
   at System.Web.Mvc.ControllerActionInvoker.<>c__DisplayClass1a.<InvokeActionResultWithFilters>b__17()
   at System.Web.Mvc.ControllerActionInvoker.InvokeActionResultFilter(IResultFilter filter, ResultExecutingContext preContext, Func`1 continuation)
   at System.Web.Mvc.ControllerActionInvoker.<>c__DisplayClass1a.<>c__DisplayClass1c.<InvokeActionResultWithFilters>b__19()
   at System.Web.Mvc.ControllerActionInvoker.InvokeActionResultFilter(IResultFilter filter, ResultExecutingContext preContext, Func`1 continuation)
   at System.Web.Mvc.ControllerActionInvoker.<>c__DisplayClass1a.<>c__DisplayClass1c.<InvokeActionResultWithFilters>b__19()
   at System.Web.Mvc.ControllerActionInvoker.InvokeActionResultFilter(IResultFilter filter, ResultExecutingContext preContext, Func`1 continuation)
   at System.Web.Mvc.ControllerActionInvoker.<>c__DisplayClass1a.<>c__DisplayClass1c.<InvokeActionResultWithFilters>b__19()
   at System.Web.Mvc.ControllerActionInvoker.InvokeActionResultWithFilters(ControllerContext controllerContext, IList`1 filters, ActionResult actionResult)
   at System.Web.Mvc.Async.AsyncControllerActionInvoker.<>c__DisplayClass25.<>c__DisplayClass2a.<BeginInvokeAction>b__20()
   at System.Web.Mvc.Async.AsyncControllerActionInvoker.<>c__DisplayClass25.<BeginInvokeAction>b__22(IAsyncResult asyncResult)
INFO 11:06:28 – DanhMuc/List
INFO 11:06:29 – DanhMuc/List
INFO 11:06:32 – DanhMuc/Index
INFO 11:06:32 – ChucDanhChuyenMon/Index
INFO 11:06:33 – ChucDanhChuyenMon/Create
ERROR11:06:34 – There is no ViewData item of type 'IEnumerable<SelectListItem>' that has the key 'loaiDonViChuQuan'.
/controller=ChucDanhChuyenMon/action=Create
   at System.Web.Mvc.Html.SelectExtensions.GetSelectData(HtmlHelper htmlHelper, String name)
   at System.Web.Mvc.Html.SelectExtensions.SelectInternal(HtmlHelper htmlHelper, ModelMetadata metadata, String optionLabel, String name, IEnumerable`1 selectList, Boolean allowMultiple, IDictionary`2 htmlAttributes)
   at System.Web.Mvc.Html.SelectExtensions.DropDownListHelper(HtmlHelper htmlHelper, ModelMetadata metadata, String expression, IEnumerable`1 selectList, String optionLabel, IDictionary`2 htmlAttributes)
   at System.Web.Mvc.Html.SelectExtensions.DropDownList(HtmlHelper htmlHelper, String name, IEnumerable`1 selectList, String optionLabel, IDictionary`2 htmlAttributes)
   at System.Web.Mvc.Html.SelectExtensions.DropDownList(HtmlHelper htmlHelper, String name, String optionLabel)
   at ASP._Page_Areas_QLDanhMuc_Views_ChucDanhChuyenMon_Create_cshtml.Execute() in c:\Workspace\HRMApplication\WebApplication\Areas\QLDanhMuc\Views\ChucDanhChuyenMon\Create.cshtml:line 39
   at System.Web.WebPages.WebPageBase.ExecutePageHierarchy()
   at System.Web.Mvc.WebViewPage.ExecutePageHierarchy()
   at System.Web.WebPages.WebPageBase.ExecutePageHierarchy(WebPageContext pageContext, TextWriter writer, WebPageRenderingBase startPage)
   at System.Web.Mvc.RazorView.RenderView(ViewContext viewContext, TextWriter writer, Object instance)
   at System.Web.Mvc.BuildManagerCompiledView.Render(ViewContext viewContext, TextWriter writer)
   at System.Web.Mvc.ViewResultBase.ExecuteResult(ControllerContext context)
   at System.Web.Mvc.ControllerActionInvoker.InvokeActionResult(ControllerContext controllerContext, ActionResult actionResult)
   at System.Web.Mvc.ControllerActionInvoker.<>c__DisplayClass1a.<InvokeActionResultWithFilters>b__17()
   at System.Web.Mvc.ControllerActionInvoker.InvokeActionResultFilter(IResultFilter filter, ResultExecutingContext preContext, Func`1 continuation)
   at System.Web.Mvc.ControllerActionInvoker.<>c__DisplayClass1a.<>c__DisplayClass1c.<InvokeActionResultWithFilters>b__19()
   at System.Web.Mvc.ControllerActionInvoker.InvokeActionResultFilter(IResultFilter filter, ResultExecutingContext preContext, Func`1 continuation)
   at System.Web.Mvc.ControllerActionInvoker.<>c__DisplayClass1a.<>c__DisplayClass1c.<InvokeActionResultWithFilters>b__19()
   at System.Web.Mvc.ControllerActionInvoker.InvokeActionResultFilter(IResultFilter filter, ResultExecutingContext preContext, Func`1 continuation)
   at System.Web.Mvc.ControllerActionInvoker.<>c__DisplayClass1a.<>c__DisplayClass1c.<InvokeActionResultWithFilters>b__19()
   at System.Web.Mvc.ControllerActionInvoker.InvokeActionResultWithFilters(ControllerContext controllerContext, IList`1 filters, ActionResult actionResult)
   at System.Web.Mvc.Async.AsyncControllerActionInvoker.<>c__DisplayClass25.<>c__DisplayClass2a.<BeginInvokeAction>b__20()
   at System.Web.Mvc.Async.AsyncControllerActionInvoker.<>c__DisplayClass25.<BeginInvokeAction>b__22(IAsyncResult asyncResult)
INFO 11:07:01 – ChucDanhChuyenMon/Create
ERROR11:07:02 – There is no ViewData item of type 'IEnumerable<SelectListItem>' that has the key 'loaiChucDanhChuyenMon'.
/controller=ChucDanhChuyenMon/action=Create
   at System.Web.Mvc.Html.SelectExtensions.GetSelectData(HtmlHelper htmlHelper, String name)
   at System.Web.Mvc.Html.SelectExtensions.SelectInternal(HtmlHelper htmlHelper, ModelMetadata metadata, String optionLabel, String name, IEnumerable`1 selectList, Boolean allowMultiple, IDictionary`2 htmlAttributes)
   at System.Web.Mvc.Html.SelectExtensions.DropDownListHelper(HtmlHelper htmlHelper, ModelMetadata metadata, String expression, IEnumerable`1 selectList, String optionLabel, IDictionary`2 htmlAttributes)
   at System.Web.Mvc.Html.SelectExtensions.DropDownList(HtmlHelper htmlHelper, String name, IEnumerable`1 selectList, String optionLabel, IDictionary`2 htmlAttributes)
   at System.Web.Mvc.Html.SelectExtensions.DropDownList(HtmlHelper htmlHelper, String name, String optionLabel)
   at ASP._Page_Areas_QLDanhMuc_Views_ChucDanhChuyenMon_Create_cshtml.Execute() in c:\Workspace\HRMApplication\WebApplication\Areas\QLDanhMuc\Views\ChucDanhChuyenMon\Create.cshtml:line 39
   at System.Web.WebPages.WebPageBase.ExecutePageHierarchy()
   at System.Web.Mvc.WebViewPage.ExecutePageHierarchy()
   at System.Web.WebPages.WebPageBase.ExecutePageHierarchy(WebPageContext pageContext, TextWriter writer, WebPageRenderingBase startPage)
   at System.Web.Mvc.RazorView.RenderView(ViewContext viewContext, TextWriter writer, Object instance)
   at System.Web.Mvc.BuildManagerCompiledView.Render(ViewContext viewContext, TextWriter writer)
   at System.Web.Mvc.ViewResultBase.ExecuteResult(ControllerContext context)
   at System.Web.Mvc.ControllerActionInvoker.InvokeActionResult(ControllerContext controllerContext, ActionResult actionResult)
   at System.Web.Mvc.ControllerActionInvoker.<>c__DisplayClass1a.<InvokeActionResultWithFilters>b__17()
   at System.Web.Mvc.ControllerActionInvoker.InvokeActionResultFilter(IResultFilter filter, ResultExecutingContext preContext, Func`1 continuation)
   at System.Web.Mvc.ControllerActionInvoker.<>c__DisplayClass1a.<>c__DisplayClass1c.<InvokeActionResultWithFilters>b__19()
   at System.Web.Mvc.ControllerActionInvoker.InvokeActionResultFilter(IResultFilter filter, ResultExecutingContext preContext, Func`1 continuation)
   at System.Web.Mvc.ControllerActionInvoker.<>c__DisplayClass1a.<>c__DisplayClass1c.<InvokeActionResultWithFilters>b__19()
   at System.Web.Mvc.ControllerActionInvoker.InvokeActionResultFilter(IResultFilter filter, ResultExecutingContext preContext, Func`1 continuation)
   at System.Web.Mvc.ControllerActionInvoker.<>c__DisplayClass1a.<>c__DisplayClass1c.<InvokeActionResultWithFilters>b__19()
   at System.Web.Mvc.ControllerActionInvoker.InvokeActionResultWithFilters(ControllerContext controllerContext, IList`1 filters, ActionResult actionResult)
   at System.Web.Mvc.Async.AsyncControllerActionInvoker.<>c__DisplayClass25.<>c__DisplayClass2a.<BeginInvokeAction>b__20()
   at System.Web.Mvc.Async.AsyncControllerActionInvoker.<>c__DisplayClass25.<BeginInvokeAction>b__22(IAsyncResult asyncResult)
INFO 11:07:30 – ChucDanhChuyenMon/Create
INFO 11:09:10 – Home/Index
INFO 11:09:11 – Login/Index
INFO 11:09:21 – Login/Index
INFO 11:09:21 – Home/Index
INFO 11:09:25 – ChucDanhChuyenMon/Create
INFO 11:09:36 – ChucDanhChuyenMon/Create
INFO 11:09:36 – DanhMuc/Index
INFO 11:09:36 – ChucDanhChuyenMon/Index
INFO 11:09:49 – ChucDanhChuyenMon/Edit&id=47
INFO 11:09:53 – ChucDanhChuyenMon/Delete&id=47
INFO 11:09:53 – DanhMuc/Index
INFO 11:09:53 – ChucDanhChuyenMon/Index
INFO 11:15:02 – DanhMuc/Index
INFO 11:15:33 – DanhMuc/Index
INFO 11:15:33 – ChucDanhChuyenMon/Index
INFO 11:15:40 – ChucDanhChuyenMon/Edit&id=35
INFO 11:15:44 – ChucDanhChuyenMon/Edit&id=35&id=35
INFO 11:15:47 – ChucDanhChuyenMon/Edit&id=35
INFO 11:15:50 – DanhMuc/Index
INFO 11:15:50 – ChucDanhChuyenMon/Index
INFO 11:16:01 – DanhMuc/Index
INFO 11:16:01 – ChucDanhChuyenMon/Index
INFO 11:16:09 – ChucDanhChuyenMon/Edit&id=23
INFO 11:16:15 – ChucDanhChuyenMon/Edit&id=38
INFO 11:16:16 – ChucDanhChuyenMon/Edit&id=40
INFO 11:16:21 – ChucDanhChuyenMon/Edit&id=23&id=23
INFO 11:16:25 – ChucDanhChuyenMon/Edit&id=38&id=38
INFO 11:16:28 – ChucDanhChuyenMon/Edit&id=40&id=40
INFO 11:16:34 – DanhMuc/Index
INFO 11:16:34 – ChucDanhChuyenMon/Index
INFO 11:16:55 – TuyenDung/Index
INFO 11:17:12 – TuyenDung/Details
INFO 11:17:12 – ThongTinChung/Edit
INFO 11:17:16 – TuyenDung/Details
INFO 11:17:16 – ThongTinUngTuyen/Edit
INFO 11:17:26 – ThongTinUngTuyen/Edit&UngVien_id=375&id=362&ViTriUngTuyen_id=35&DonViUngTuyen_id=34
INFO 11:17:26 – TuyenDung/Details
INFO 11:17:26 – ThongTinUngTuyen/Edit
INFO 11:17:30 – TuyenDung/Index
INFO 11:17:53 – TuyenDung/UpdateKQTuyenDung&id=375
INFO 11:18:00 – TuyenDung/Index
INFO 11:18:07 – HSNhanSu/Index
INFO 11:18:08 – NhanVien/IndexP
INFO 11:18:13 – QLThuViec/Index
INFO 11:18:24 – QLThuViec/DeleteS&id=31
INFO 11:18:24 – QLThuViec/Index
INFO 11:19:45 – TuyenDung/Index
INFO 11:20:04 – TuyenDung/UpdateKQTuyenDung&id=363
INFO 11:20:04 – TuyenDung/Index
INFO 11:21:07 – Home/Index
INFO 11:21:08 – Login/Index
INFO 11:21:17 – Login/Index
INFO 11:21:18 – Home/Index
INFO 11:21:25 – TuyenDung/UpdateKQTuyenDung&id=362
INFO 11:22:33 – TuyenDung/Index
INFO 11:22:46 – ChucDanhChuyenMon/Edit&id=27
INFO 11:22:52 – ChucDanhChuyenMon/Edit&id=27&id=27
INFO 11:23:07 – TuyenDung/UpdateKQTuyenDung&id=361
INFO 11:23:07 – TuyenDung/Index
INFO 11:23:14 – DanhMuc/Index
INFO 11:23:14 – ChucDanhChuyenMon/Index
INFO 11:23:31 – Home/Index
INFO 11:23:47 – TuyenDung/UpdateKQTuyenDung&id=360
INFO 11:24:12 – TuyenDung/Index
INFO 11:25:51 – TuyenDung/Index
INFO 11:26:07 – TuyenDung/UpdateKQTuyenDung&id=359
INFO 11:26:07 – TuyenDung/CreateNV&UV_id=359
INFO 11:35:25 – TuyenDung/CreateNV&UV_id=359
INFO 11:35:43 – TuyenDung/CreateNV&UV_id=359&UV_id=359
ERROR11:35:46 – Exception has been thrown by the target of an invocation.
/controller=TuyenDung/action=CreateNV
/UV_id=359/NhanVien.MaHS=/NhanVien.MaNV=123456
   at System.RuntimeMethodHandle.InvokeMethod(Object target, Object[] arguments, Signature sig, Boolean constructor)
   at System.Reflection.RuntimeMethodInfo.UnsafeInvokeInternal(Object obj, Object[] parameters, Object[] arguments)
   at System.Reflection.RuntimeMethodInfo.Invoke(Object obj, BindingFlags invokeAttr, Binder binder, Object[] parameters, CultureInfo culture)
   at System.Reflection.MethodBase.Invoke(Object obj, Object[] parameters)
   at HRM.Services.QLTTNhanSu.taoNhanVienMoi_Ten(String maHS, String maNV, String HoTen) in C:\Workspace\HRMApplication\HRMServices\QLTTNhanSu.cs:line 73
   at HRM.TuyenDung.Controllers.TuyenDungController.CreateNV(Int32 UV_id, NhanVien model) in C:\Workspace\HRMApplication\WebApplication\Areas\TuyenDung\Controllers\TuyenDungController.cs:line 275
   at lambda_method(Closure , ControllerBase , Object[] )
   at System.Web.Mvc.ActionMethodDispatcher.Execute(ControllerBase controller, Object[] parameters)
   at System.Web.Mvc.ReflectedActionDescriptor.Execute(ControllerContext controllerContext, IDictionary`2 parameters)
   at System.Web.Mvc.ControllerActionInvoker.InvokeActionMethod(ControllerContext controllerContext, ActionDescriptor actionDescriptor, IDictionary`2 parameters)
   at System.Web.Mvc.Async.AsyncControllerActionInvoker.InvokeSynchronousActionMethod(ControllerContext controllerContext, ActionDescriptor actionDescriptor, IDictionary`2 parameters)
   at System.Web.Mvc.Async.AsyncControllerActionInvoker.<>c__DisplayClass42.<BeginInvokeSynchronousActionMethod>b__41()
   at System.Web.Mvc.Async.AsyncResultWrapper.<>c__DisplayClass8`1.<BeginSynchronous>b__7(IAsyncResult _)
   at System.Web.Mvc.Async.AsyncResultWrapper.WrappedAsyncResult`1.End()
   at System.Web.Mvc.Async.AsyncResultWrapper.End[TResult](IAsyncResult asyncResult, Object tag)
   at System.Web.Mvc.Async.AsyncControllerActionInvoker.EndInvokeActionMethod(IAsyncResult asyncResult)
   at System.Web.Mvc.Async.AsyncControllerActionInvoker.<>c__DisplayClass37.<>c__DisplayClass39.<BeginInvokeActionMethodWithFilters>b__33()
   at System.Web.Mvc.Async.AsyncControllerActionInvoker.<>c__DisplayClass4f.<InvokeActionMethodFilterAsynchronously>b__49()
   at System.Web.Mvc.Async.AsyncControllerActionInvoker.<>c__DisplayClass4f.<InvokeActionMethodFilterAsynchronously>b__49()
   at System.Web.Mvc.Async.AsyncControllerActionInvoker.<>c__DisplayClass4f.<InvokeActionMethodFilterAsynchronously>b__49()
   at System.Web.Mvc.Async.AsyncControllerActionInvoker.<>c__DisplayClass37.<BeginInvokeActionMethodWithFilters>b__36(IAsyncResult asyncResult)
   at System.Web.Mvc.Async.AsyncResultWrapper.WrappedAsyncResult`1.End()
   at System.Web.Mvc.Async.AsyncResultWrapper.End[TResult](IAsyncResult asyncResult, Object tag)
   at System.Web.Mvc.Async.AsyncControllerActionInvoker.EndInvokeActionMethodWithFilters(IAsyncResult asyncResult)
   at System.Web.Mvc.Async.AsyncControllerActionInvoker.<>c__DisplayClass25.<>c__DisplayClass2a.<BeginInvokeAction>b__20()
   at System.Web.Mvc.Async.AsyncControllerActionInvoker.<>c__DisplayClass25.<BeginInvokeAction>b__22(IAsyncResult asyncResult)
INFO 11:35:58 – TuyenDung/CreateNV&UV_id=359&UV_id=359
ERROR11:35:58 – Exception has been thrown by the target of an invocation.
/controller=TuyenDung/action=CreateNV
/UV_id=359/NhanVien.MaHS=/NhanVien.MaNV=1234567
   at System.RuntimeMethodHandle.InvokeMethod(Object target, Object[] arguments, Signature sig, Boolean constructor)
   at System.Reflection.RuntimeMethodInfo.UnsafeInvokeInternal(Object obj, Object[] parameters, Object[] arguments)
   at System.Reflection.RuntimeMethodInfo.Invoke(Object obj, BindingFlags invokeAttr, Binder binder, Object[] parameters, CultureInfo culture)
   at System.Reflection.MethodBase.Invoke(Object obj, Object[] parameters)
   at HRM.Services.QLTTNhanSu.taoNhanVienMoi_Ten(String maHS, String maNV, String HoTen) in C:\Workspace\HRMApplication\HRMServices\QLTTNhanSu.cs:line 73
   at HRM.TuyenDung.Controllers.TuyenDungController.CreateNV(Int32 UV_id, NhanVien model) in C:\Workspace\HRMApplication\WebApplication\Areas\TuyenDung\Controllers\TuyenDungController.cs:line 275
   at lambda_method(Closure , ControllerBase , Object[] )
   at System.Web.Mvc.ActionMethodDispatcher.Execute(ControllerBase controller, Object[] parameters)
   at System.Web.Mvc.ReflectedActionDescriptor.Execute(ControllerContext controllerContext, IDictionary`2 parameters)
   at System.Web.Mvc.ControllerActionInvoker.InvokeActionMethod(ControllerContext controllerContext, ActionDescriptor actionDescriptor, IDictionary`2 parameters)
   at System.Web.Mvc.Async.AsyncControllerActionInvoker.InvokeSynchronousActionMethod(ControllerContext controllerContext, ActionDescriptor actionDescriptor, IDictionary`2 parameters)
   at System.Web.Mvc.Async.AsyncControllerActionInvoker.<>c__DisplayClass42.<BeginInvokeSynchronousActionMethod>b__41()
   at System.Web.Mvc.Async.AsyncResultWrapper.<>c__DisplayClass8`1.<BeginSynchronous>b__7(IAsyncResult _)
   at System.Web.Mvc.Async.AsyncResultWrapper.WrappedAsyncResult`1.End()
   at System.Web.Mvc.Async.AsyncResultWrapper.End[TResult](IAsyncResult asyncResult, Object tag)
   at System.Web.Mvc.Async.AsyncControllerActionInvoker.EndInvokeActionMethod(IAsyncResult asyncResult)
   at System.Web.Mvc.Async.AsyncControllerActionInvoker.<>c__DisplayClass37.<>c__DisplayClass39.<BeginInvokeActionMethodWithFilters>b__33()
   at System.Web.Mvc.Async.AsyncControllerActionInvoker.<>c__DisplayClass4f.<InvokeActionMethodFilterAsynchronously>b__49()
   at System.Web.Mvc.Async.AsyncControllerActionInvoker.<>c__DisplayClass4f.<InvokeActionMethodFilterAsynchronously>b__49()
   at System.Web.Mvc.Async.AsyncControllerActionInvoker.<>c__DisplayClass4f.<InvokeActionMethodFilterAsynchronously>b__49()
   at System.Web.Mvc.Async.AsyncControllerActionInvoker.<>c__DisplayClass37.<BeginInvokeActionMethodWithFilters>b__36(IAsyncResult asyncResult)
   at System.Web.Mvc.Async.AsyncResultWrapper.WrappedAsyncResult`1.End()
   at System.Web.Mvc.Async.AsyncResultWrapper.End[TResult](IAsyncResult asyncResult, Object tag)
   at System.Web.Mvc.Async.AsyncControllerActionInvoker.EndInvokeActionMethodWithFilters(IAsyncResult asyncResult)
   at System.Web.Mvc.Async.AsyncControllerActionInvoker.<>c__DisplayClass25.<>c__DisplayClass2a.<BeginInvokeAction>b__20()
   at System.Web.Mvc.Async.AsyncControllerActionInvoker.<>c__DisplayClass25.<BeginInvokeAction>b__22(IAsyncResult asyncResult)
INFO 11:36:35 – Home/Index
INFO 11:36:43 – TuyenDung/CreateNV&UV_id=359&UV_id=359
ERROR11:37:25 – Exception has been thrown by the target of an invocation.
/controller=TuyenDung/action=CreateNV
/UV_id=359/NhanVien.MaHS=/NhanVien.MaNV=1234567
   at System.RuntimeMethodHandle.InvokeMethod(Object target, Object[] arguments, Signature sig, Boolean constructor)
   at System.Reflection.RuntimeMethodInfo.UnsafeInvokeInternal(Object obj, Object[] parameters, Object[] arguments)
   at System.Reflection.RuntimeMethodInfo.Invoke(Object obj, BindingFlags invokeAttr, Binder binder, Object[] parameters, CultureInfo culture)
   at System.Reflection.MethodBase.Invoke(Object obj, Object[] parameters)
   at HRM.Services.QLTTNhanSu.taoNhanVienMoi_Ten(String maHS, String maNV, String HoTen) in C:\Workspace\HRMApplication\HRMServices\QLTTNhanSu.cs:line 73
   at HRM.TuyenDung.Controllers.TuyenDungController.CreateNV(Int32 UV_id, NhanVien model) in C:\Workspace\HRMApplication\WebApplication\Areas\TuyenDung\Controllers\TuyenDungController.cs:line 275
   at lambda_method(Closure , ControllerBase , Object[] )
   at System.Web.Mvc.ActionMethodDispatcher.Execute(ControllerBase controller, Object[] parameters)
   at System.Web.Mvc.ReflectedActionDescriptor.Execute(ControllerContext controllerContext, IDictionary`2 parameters)
   at System.Web.Mvc.ControllerActionInvoker.InvokeActionMethod(ControllerContext controllerContext, ActionDescriptor actionDescriptor, IDictionary`2 parameters)
   at System.Web.Mvc.Async.AsyncControllerActionInvoker.InvokeSynchronousActionMethod(ControllerContext controllerContext, ActionDescriptor actionDescriptor, IDictionary`2 parameters)
   at System.Web.Mvc.Async.AsyncControllerActionInvoker.<>c__DisplayClass42.<BeginInvokeSynchronousActionMethod>b__41()
   at System.Web.Mvc.Async.AsyncResultWrapper.<>c__DisplayClass8`1.<BeginSynchronous>b__7(IAsyncResult _)
   at System.Web.Mvc.Async.AsyncResultWrapper.WrappedAsyncResult`1.End()
   at System.Web.Mvc.Async.AsyncResultWrapper.End[TResult](IAsyncResult asyncResult, Object tag)
   at System.Web.Mvc.Async.AsyncControllerActionInvoker.EndInvokeActionMethod(IAsyncResult asyncResult)
   at System.Web.Mvc.Async.AsyncControllerActionInvoker.<>c__DisplayClass37.<>c__DisplayClass39.<BeginInvokeActionMethodWithFilters>b__33()
   at System.Web.Mvc.Async.AsyncControllerActionInvoker.<>c__DisplayClass4f.<InvokeActionMethodFilterAsynchronously>b__49()
   at System.Web.Mvc.Async.AsyncControllerActionInvoker.<>c__DisplayClass4f.<InvokeActionMethodFilterAsynchronously>b__49()
   at System.Web.Mvc.Async.AsyncControllerActionInvoker.<>c__DisplayClass4f.<InvokeActionMethodFilterAsynchronously>b__49()
   at System.Web.Mvc.Async.AsyncControllerActionInvoker.<>c__DisplayClass37.<BeginInvokeActionMethodWithFilters>b__36(IAsyncResult asyncResult)
   at System.Web.Mvc.Async.AsyncResultWrapper.WrappedAsyncResult`1.End()
   at System.Web.Mvc.Async.AsyncResultWrapper.End[TResult](IAsyncResult asyncResult, Object tag)
   at System.Web.Mvc.Async.AsyncControllerActionInvoker.EndInvokeActionMethodWithFilters(IAsyncResult asyncResult)
   at System.Web.Mvc.Async.AsyncControllerActionInvoker.<>c__DisplayClass25.<>c__DisplayClass2a.<BeginInvokeAction>b__20()
   at System.Web.Mvc.Async.AsyncControllerActionInvoker.<>c__DisplayClass25.<BeginInvokeAction>b__22(IAsyncResult asyncResult)
INFO 11:37:52 – Home/Index
INFO 11:38:15 – Home/Index
INFO 11:38:22 – TuyenDung/CreateNV&UV_id=359&UV_id=359
ERROR11:40:11 – Exception has been thrown by the target of an invocation.
/controller=TuyenDung/action=CreateNV
/UV_id=359/NhanVien.MaHS=/NhanVien.MaNV=1234567
   at HRM.TuyenDung.Controllers.TuyenDungController.CreateNV(Int32 UV_id, NhanVien model) in C:\Workspace\HRMApplication\WebApplication\Areas\TuyenDung\Controllers\TuyenDungController.cs:line 281
   at lambda_method(Closure , ControllerBase , Object[] )
   at System.Web.Mvc.ActionMethodDispatcher.Execute(ControllerBase controller, Object[] parameters)
   at System.Web.Mvc.ReflectedActionDescriptor.Execute(ControllerContext controllerContext, IDictionary`2 parameters)
   at System.Web.Mvc.ControllerActionInvoker.InvokeActionMethod(ControllerContext controllerContext, ActionDescriptor actionDescriptor, IDictionary`2 parameters)
   at System.Web.Mvc.Async.AsyncControllerActionInvoker.InvokeSynchronousActionMethod(ControllerContext controllerContext, ActionDescriptor actionDescriptor, IDictionary`2 parameters)
   at System.Web.Mvc.Async.AsyncControllerActionInvoker.<>c__DisplayClass42.<BeginInvokeSynchronousActionMethod>b__41()
   at System.Web.Mvc.Async.AsyncResultWrapper.<>c__DisplayClass8`1.<BeginSynchronous>b__7(IAsyncResult _)
   at System.Web.Mvc.Async.AsyncResultWrapper.WrappedAsyncResult`1.End()
   at System.Web.Mvc.Async.AsyncResultWrapper.End[TResult](IAsyncResult asyncResult, Object tag)
   at System.Web.Mvc.Async.AsyncControllerActionInvoker.EndInvokeActionMethod(IAsyncResult asyncResult)
   at System.Web.Mvc.Async.AsyncControllerActionInvoker.<>c__DisplayClass37.<>c__DisplayClass39.<BeginInvokeActionMethodWithFilters>b__33()
   at System.Web.Mvc.Async.AsyncControllerActionInvoker.<>c__DisplayClass4f.<InvokeActionMethodFilterAsynchronously>b__49()
   at System.Web.Mvc.Async.AsyncControllerActionInvoker.<>c__DisplayClass4f.<InvokeActionMethodFilterAsynchronously>b__49()
   at System.Web.Mvc.Async.AsyncControllerActionInvoker.<>c__DisplayClass4f.<InvokeActionMethodFilterAsynchronously>b__49()
   at System.Web.Mvc.Async.AsyncControllerActionInvoker.<>c__DisplayClass37.<BeginInvokeActionMethodWithFilters>b__36(IAsyncResult asyncResult)
   at System.Web.Mvc.Async.AsyncResultWrapper.WrappedAsyncResult`1.End()
   at System.Web.Mvc.Async.AsyncResultWrapper.End[TResult](IAsyncResult asyncResult, Object tag)
   at System.Web.Mvc.Async.AsyncControllerActionInvoker.EndInvokeActionMethodWithFilters(IAsyncResult asyncResult)
   at System.Web.Mvc.Async.AsyncControllerActionInvoker.<>c__DisplayClass25.<>c__DisplayClass2a.<BeginInvokeAction>b__20()
   at System.Web.Mvc.Async.AsyncControllerActionInvoker.<>c__DisplayClass25.<BeginInvokeAction>b__22(IAsyncResult asyncResult)
INFO 11:40:51 – Home/Index
INFO 11:41:02 – TuyenDung/CreateNV&UV_id=359&UV_id=359
INFO 11:41:08 – TuyenDung/Index
INFO 11:41:32 – HSNhanSu/Index
INFO 11:41:33 – NhanVien/IndexP
INFO 11:41:59 – TuyenDung/UpdateKQTuyenDung&id=358
INFO 11:41:59 – TuyenDung/CreateNV&UV_id=358
INFO 11:42:08 – TuyenDung/CreateNV&UV_id=358&UV_id=358
INFO 11:42:08 – TuyenDung/Index
INFO 11:42:11 – HSNhanSu/Index
INFO 11:42:11 – NhanVien/IndexP
INFO 11:48:04 – QLThuViec/Index
INFO 11:48:16 – QLThuViec/EditOKP&id=30
INFO 11:48:24 – QLThuViec/UpdateS&id=30
INFO 11:49:25 – Home/Index
INFO 11:49:33 – QLThuViec/UpdateS&id=30
INFO 11:51:25 – TuyenDung/Index
INFO 11:51:54 – QLThuViec/UpdateS&id=30
INFO 11:51:57 – QLThuViec/Index
INFO 11:52:06 – HSNhanSu/Index
INFO 11:52:06 – NhanVien/IndexP
INFO 11:55:30 – QLThuViec/Index
INFO 11:55:49 – QLThuViec/Index
INFO 11:56:15 – QLThuViec/Index
INFO 11:57:54 – QLThuViec/Index
INFO 12:00:14 – QLThuViec/Index
INFO 12:04:43 – QLThuViec/Index
INFO 12:06:25 – QLThuViec/Index
INFO 12:06:29 – QLThuViec/Index
INFO 12:06:49 – QLThuViec/Index
INFO 12:07:27 – QLThuViec/Index
INFO 12:08:25 – QLThuViec/Index
INFO 12:08:58 – QLThuViec/Index
INFO 12:09:03 – QLThuViec/Index
INFO 12:09:06 – QLThuViec/Index
INFO 12:09:07 – QLThuViec/Index
INFO 12:09:13 – QLThuViec/Index
INFO 12:09:15 – QLThuViec/Index
INFO 12:09:16 – QLThuViec/Index
INFO 12:09:18 – QLThuViec/Index
INFO 12:09:19 – QLThuViec/Index
INFO 12:11:27 – QLThuViec/Index
INFO 12:11:31 – QLThuViec/Index
INFO 12:15:17 – QLThuViec/Index
INFO 12:15:53 – QLThuViec/Index
INFO 12:17:03 – QLThuViec/Index
INFO 12:17:10 – QLThuViec/Index
INFO 12:17:30 – QLThuViec/Index
INFO 12:18:24 – QLThuViec/Index
INFO 12:18:57 – QLThuViec/Index
INFO 12:19:34 – QLThuViec/Index
ERROR12:19:35 – c:\Workspace\HRMApplication\WebApplication\Areas\QLHSNhanSu\Views\QLThuViec\Index.cshtml(57): error CS1525: Invalid expression term '['
/controller=QLThuViec/action=Index
   at System.Web.Compilation.AssemblyBuilder.Compile()
   at System.Web.Compilation.BuildProvidersCompiler.PerformBuild()
   at System.Web.Compilation.BuildManager.CompileWebFile(VirtualPath virtualPath)
   at System.Web.Compilation.BuildManager.GetVPathBuildResultInternal(VirtualPath virtualPath, Boolean noBuild, Boolean allowCrossApp, Boolean allowBuildInPrecompile, Boolean throwIfNotFound, Boolean ensureIsUpToDate)
   at System.Web.Compilation.BuildManager.GetVPathBuildResultWithNoAssert(HttpContext context, VirtualPath virtualPath, Boolean noBuild, Boolean allowCrossApp, Boolean allowBuildInPrecompile, Boolean throwIfNotFound, Boolean ensureIsUpToDate)
   at System.Web.Compilation.BuildManager.GetVirtualPathObjectFactory(VirtualPath virtualPath, HttpContext context, Boolean allowCrossApp, Boolean throwIfNotFound)
   at System.Web.Compilation.BuildManager.GetObjectFactory(String virtualPath, Boolean throwIfNotFound)
   at System.Web.Mvc.BuildManagerWrapper.System.Web.Mvc.IBuildManager.FileExists(String virtualPath)
   at System.Web.Mvc.BuildManagerViewEngine.FileExists(ControllerContext controllerContext, String virtualPath)
   at System.Web.Mvc.VirtualPathProviderViewEngine.<>c__DisplayClass4.<GetPathFromGeneralName>b__0(String path)
   at System.Web.WebPages.DefaultDisplayMode.GetDisplayInfo(HttpContextBase httpContext, String virtualPath, Func`2 virtualPathExists)
   at System.Web.WebPages.DisplayModeProvider.<>c__DisplayClassb.<GetDisplayInfoForVirtualPath>b__8(IDisplayMode mode)
   at System.Linq.Enumerable.WhereSelectListIterator`2.MoveNext()
   at System.Linq.Enumerable.FirstOrDefault[TSource](IEnumerable`1 source, Func`2 predicate)
   at System.Web.WebPages.DisplayModeProvider.GetDisplayInfoForVirtualPath(String virtualPath, HttpContextBase httpContext, Func`2 virtualPathExists, IDisplayMode currentDisplayMode, Boolean requireConsistentDisplayMode)
   at System.Web.WebPages.DisplayModeProvider.GetDisplayInfoForVirtualPath(String virtualPath, HttpContextBase httpContext, Func`2 virtualPathExists, IDisplayMode currentDisplayMode)
   at System.Web.Mvc.VirtualPathProviderViewEngine.GetPathFromGeneralName(ControllerContext controllerContext, List`1 locations, String name, String controllerName, String areaName, String cacheKey, String[]& searchedLocations)
   at System.Web.Mvc.VirtualPathProviderViewEngine.GetPath(ControllerContext controllerContext, String[] locations, String[] areaLocations, String locationsPropertyName, String name, String controllerName, String cacheKeyPrefix, Boolean useCache, String[]& searchedLocations)
   at System.Web.Mvc.VirtualPathProviderViewEngine.FindView(ControllerContext controllerContext, String viewName, String masterName, Boolean useCache)
   at System.Web.Mvc.ViewEngineCollection.<>c__DisplayClassc.<FindView>b__b(IViewEngine e)
   at System.Web.Mvc.ViewEngineCollection.Find(Func`2 lookup, Boolean trackSearchedPaths)
   at System.Web.Mvc.ViewEngineCollection.Find(Func`2 cacheLocator, Func`2 locator)
   at System.Web.Mvc.ViewEngineCollection.FindView(ControllerContext controllerContext, String viewName, String masterName)
   at System.Web.Mvc.ViewResult.FindView(ControllerContext context)
   at System.Web.Mvc.ViewResultBase.ExecuteResult(ControllerContext context)
   at System.Web.Mvc.ControllerActionInvoker.InvokeActionResult(ControllerContext controllerContext, ActionResult actionResult)
   at System.Web.Mvc.ControllerActionInvoker.<>c__DisplayClass1a.<InvokeActionResultWithFilters>b__17()
   at System.Web.Mvc.ControllerActionInvoker.InvokeActionResultFilter(IResultFilter filter, ResultExecutingContext preContext, Func`1 continuation)
   at System.Web.Mvc.ControllerActionInvoker.<>c__DisplayClass1a.<>c__DisplayClass1c.<InvokeActionResultWithFilters>b__19()
   at System.Web.Mvc.ControllerActionInvoker.InvokeActionResultFilter(IResultFilter filter, ResultExecutingContext preContext, Func`1 continuation)
   at System.Web.Mvc.ControllerActionInvoker.<>c__DisplayClass1a.<>c__DisplayClass1c.<InvokeActionResultWithFilters>b__19()
   at System.Web.Mvc.ControllerActionInvoker.InvokeActionResultFilter(IResultFilter filter, ResultExecutingContext preContext, Func`1 continuation)
   at System.Web.Mvc.ControllerActionInvoker.<>c__DisplayClass1a.<>c__DisplayClass1c.<InvokeActionResultWithFilters>b__19()
   at System.Web.Mvc.ControllerActionInvoker.InvokeActionResultWithFilters(ControllerContext controllerContext, IList`1 filters, ActionResult actionResult)
   at System.Web.Mvc.Async.AsyncControllerActionInvoker.<>c__DisplayClass25.<>c__DisplayClass2a.<BeginInvokeAction>b__20()
   at System.Web.Mvc.Async.AsyncControllerActionInvoker.<>c__DisplayClass25.<BeginInvokeAction>b__22(IAsyncResult asyncResult)
INFO 12:19:40 – QLThuViec/Index
INFO 12:19:56 – QLThuViec/Index
INFO 12:20:00 – QLThuViec/Index
INFO 12:21:06 – QLThuViec/Index
INFO 12:21:25 – QLThuViec/Index
INFO 12:21:39 – QLThuViec/Index
INFO 12:21:58 – QLThuViec/EditOKP&id=29
INFO 12:22:03 – QLThuViec/Index
INFO 12:22:21 – QLThuViec/Index
