INFO 01:16:18 – Home/Index
INFO 01:16:19 – Login/Index
INFO 01:16:24 – Message/Partial
INFO 01:16:45 – Login/Index
INFO 01:16:46 – Home/Index
INFO 01:16:46 – Message/Partial
INFO 01:17:01 – HSNhanSu/Menu
INFO 01:17:03 – Message/Partial
INFO 01:17:09 – Home/Index
INFO 01:17:09 – Message/Partial
INFO 01:17:13 – HeSoLuong/Index
INFO 01:17:16 – Message/Partial
INFO 01:17:45 – HeSoLuong/Upgrade&HSL_id=1797,1642,,,
INFO 01:17:46 – QLHoSoHSL/Index
INFO 01:17:47 – Message/Partial
INFO 01:18:39 – QLHoSoHSL/Index
INFO 01:18:39 – Message/Partial
INFO 01:18:40 – HeSoLuong/Index
INFO 01:18:40 – Message/Partial
INFO 01:18:46 – QLHoSoHSL/Index
INFO 01:18:46 – Message/Partial
INFO 01:18:50 – QLHoSoHSL/DeleteS&id=1676
INFO 01:18:50 – QLHoSoHSL/Index
INFO 01:18:50 – Message/Partial
INFO 01:18:55 – QLHoSoHSL/DeleteS&id=1677
INFO 01:18:55 – QLHoSoHSL/Index
INFO 01:18:56 – Message/Partial
INFO 01:18:59 – QLHoSoHSL/DeleteS&id=1678
INFO 01:18:59 – QLHoSoHSL/Index
INFO 01:18:59 – Message/Partial
INFO 01:19:02 – QLHoSoHSL/DeleteS&id=1679
INFO 01:19:02 – QLHoSoHSL/Index
INFO 01:19:03 – Message/Partial
INFO 01:19:06 – QLHoSoHSL/DeleteS&id=1680
INFO 01:19:06 – QLHoSoHSL/Index
INFO 01:19:06 – Message/Partial
INFO 01:19:08 – HeSoLuong/Index
INFO 01:19:08 – Message/Partial
INFO 01:19:12 – HeSoLuong/Upgrade&HSL_id=1797,1642,,,
INFO 01:19:12 – QLHoSoHSL/Index
INFO 01:19:12 – Message/Partial
INFO 01:29:49 – QLHoSoHSL/Upgrade&HoSo_id=,1682&HeSo_id=,1642&User_id=1
INFO 01:29:49 – QLHoSoHSL/Index
INFO 01:29:49 – Message/Partial
INFO 01:29:58 – QLHoSoHSL/Upgrade&HoSo_id=&HeSo_id=&User_id=1
INFO 01:29:58 – QLHoSoHSL/Index
INFO 01:29:58 – Message/Partial
INFO 01:30:01 – QLHoSoHSL/Upgrade&HoSo_id=1681&HeSo_id=1797&User_id=1
INFO 01:30:02 – QLHoSoHSL/Index
INFO 01:30:02 – Message/Partial
INFO 01:30:07 – HeSoLuong/Index
INFO 01:30:07 – Message/Partial
INFO 01:30:55 – QLHoSoHSL/Index
INFO 01:30:55 – Message/Partial
INFO 01:31:03 – HeSoLuong/Index
INFO 01:31:03 – Message/Partial
INFO 02:36:53 – HeSoLuong/Index
INFO 02:36:54 – Message/Partial
INFO 02:36:59 – HeSoLuong/Index
INFO 02:36:59 – Message/Partial
INFO 02:37:11 – HeSoLuong/Index
INFO 02:37:12 – Message/Partial
INFO 02:37:49 – HeSoLuong/Index
INFO 02:37:51 – Message/Partial
INFO 02:38:06 – HeSoLuong/Details&NV_id=
ERROR02:38:06 – The parameters dictionary contains a null entry for parameter 'NV_id' of non-nullable type 'System.Int32' for method 'System.Web.Mvc.ActionResult Details(Int32)' in 'HRM.QLTinhLuong.Controllers.HeSoLuongController'. An optional parameter must be a reference type, a nullable type, or be declared as an optional parameter.
Parameter name: parameters
/controller=HeSoLuong/action=Details
   at System.Web.Mvc.ActionDescriptor.ExtractParameterFromDictionary(ParameterInfo parameterInfo, IDictionary`2 parameters, MethodInfo methodInfo)
   at System.Web.Mvc.ReflectedActionDescriptor.<>c__DisplayClass1.<Execute>b__0(ParameterInfo parameterInfo)
   at System.Linq.Enumerable.WhereSelectArrayIterator`2.MoveNext()
   at System.Linq.Buffer`1..ctor(IEnumerable`1 source)
   at System.Linq.Enumerable.ToArray[TSource](IEnumerable`1 source)
   at System.Web.Mvc.ReflectedActionDescriptor.Execute(ControllerContext controllerContext, IDictionary`2 parameters)
   at System.Web.Mvc.ControllerActionInvoker.InvokeActionMethod(ControllerContext controllerContext, ActionDescriptor actionDescriptor, IDictionary`2 parameters)
   at System.Web.Mvc.Async.AsyncControllerActionInvoker.<>c__DisplayClass42.<BeginInvokeSynchronousActionMethod>b__41()
   at System.Web.Mvc.Async.AsyncResultWrapper.<>c__DisplayClass8`1.<BeginSynchronous>b__7(IAsyncResult _)
   at System.Web.Mvc.Async.AsyncResultWrapper.WrappedAsyncResult`1.End()
   at System.Web.Mvc.Async.AsyncControllerActionInvoker.EndInvokeActionMethod(IAsyncResult asyncResult)
   at System.Web.Mvc.Async.AsyncControllerActionInvoker.<>c__DisplayClass37.<>c__DisplayClass39.<BeginInvokeActionMethodWithFilters>b__33()
   at System.Web.Mvc.Async.AsyncControllerActionInvoker.<>c__DisplayClass4f.<InvokeActionMethodFilterAsynchronously>b__49()
   at System.Web.Mvc.Async.AsyncControllerActionInvoker.<>c__DisplayClass4f.<InvokeActionMethodFilterAsynchronously>b__49()
   at System.Web.Mvc.Async.AsyncControllerActionInvoker.<>c__DisplayClass4f.<InvokeActionMethodFilterAsynchronously>b__49()
   at System.Web.Mvc.Async.AsyncControllerActionInvoker.<>c__DisplayClass37.<BeginInvokeActionMethodWithFilters>b__36(IAsyncResult asyncResult)
   at System.Web.Mvc.Async.AsyncResultWrapper.WrappedAsyncResult`1.End()
   at System.Web.Mvc.Async.AsyncControllerActionInvoker.EndInvokeActionMethodWithFilters(IAsyncResult asyncResult)
   at System.Web.Mvc.Async.AsyncControllerActionInvoker.<>c__DisplayClass25.<>c__DisplayClass2a.<BeginInvokeAction>b__20()
   at System.Web.Mvc.Async.AsyncControllerActionInvoker.<>c__DisplayClass25.<BeginInvokeAction>b__22(IAsyncResult asyncResult)
INFO 02:39:36 – HeSoLuong/Index
INFO 02:39:37 – Message/Partial
INFO 02:47:05 – HeSoLuong/Index
INFO 02:47:06 – Message/Partial
INFO 02:50:19 – HeSoLuong/Index
INFO 02:50:20 – Message/Partial
INFO 02:50:52 – HeSoLuong/Index
INFO 02:50:53 – Message/Partial
INFO 02:51:06 – HeSoLuong/Index
INFO 02:51:07 – Message/Partial
INFO 02:52:40 – HeSoLuong/Index
INFO 02:52:41 – Message/Partial
INFO 02:52:52 – HeSoLuong/Index
INFO 02:52:53 – Message/Partial
INFO 02:53:31 – HeSoLuong/Details&NV_id=127
INFO 02:53:36 – Message/Partial&NV_id=127
INFO 02:53:57 – HeSoLuong/Details&NV_id=137
INFO 02:53:57 – Message/Partial&NV_id=137
INFO 03:00:41 – HeSoLuong/Index
INFO 03:00:42 – Message/Partial
INFO 03:02:18 – HeSoLuong/Index
INFO 03:02:20 – Message/Partial
INFO 03:02:47 – HeSoLuong/Index
INFO 03:02:48 – Message/Partial
INFO 03:02:58 – HeSoLuong/Upgrade&HSL_id=,,,,,,,,,,,,,,,,,,,,,,,,,,,,,,,,,,,,,,,,,,,,,,,,,,,,,,,,,,,,,,,,,,,,,,,,,,,,,,,,,,,,,,,,,,,,,,,,,,,,,,,,,,,,,,,,,,,,,,,,,,,,,,,,,,,,,,,,,,,,,,,,,,,,
INFO 03:02:59 – QLHoSoHSL/Index
INFO 03:02:59 – Message/Partial
INFO 03:03:50 – HeSoLuong/Index
INFO 03:03:51 – Message/Partial
INFO 03:04:41 – HeSoLuong/Index
INFO 03:04:42 – Message/Partial
INFO 03:06:01 – HeSoLuong/Index
INFO 03:06:05 – Message/Partial
INFO 03:11:22 – HeSoLuong/Index
INFO 03:11:23 – Message/Partial
INFO 03:13:28 – HeSoLuong/Index
INFO 03:13:30 – Message/Partial
INFO 03:13:33 – HeSoLuong/Index
INFO 03:13:34 – Message/Partial
INFO 03:14:06 – HeSoLuong/Index
INFO 03:14:07 – Message/Partial
INFO 03:14:10 – HeSoLuong/Index
INFO 03:14:10 – Message/Partial
INFO 03:14:14 – HeSoLuong/Index
INFO 03:14:14 – Message/Partial
INFO 03:15:13 – HeSoLuong/Index
INFO 03:15:14 – Message/Partial
INFO 03:16:39 – HeSoLuong/Index
INFO 03:16:42 – Message/Partial
INFO 03:17:14 – HeSoLuong/Index
INFO 03:17:16 – Message/Partial
INFO 03:17:32 – HeSoLuong/Index
INFO 03:17:35 – Message/Partial
INFO 03:17:44 – HeSoLuong/Index
INFO 03:17:46 – Message/Partial
INFO 03:17:52 – HeSoLuong/Index
INFO 03:17:53 – Message/Partial
INFO 03:18:00 – HeSoLuong/Index
INFO 03:18:01 – Message/Partial
INFO 03:18:35 – HeSoLuong/Index
ERROR03:18:36 – c:\Workspace\HRMApplication\WebApplication\Areas\QLTinhLuong\Views\HeSoLuong\Index.cshtml(31): error CS0165: Use of unassigned local variable 'NKL'
/controller=HeSoLuong/action=Index
   at System.Web.Compilation.AssemblyBuilder.Compile()
   at System.Web.Compilation.BuildProvidersCompiler.PerformBuild()
   at System.Web.Compilation.BuildManager.CompileWebFile(VirtualPath virtualPath)
   at System.Web.Compilation.BuildManager.GetVPathBuildResultInternal(VirtualPath virtualPath, Boolean noBuild, Boolean allowCrossApp, Boolean allowBuildInPrecompile, Boolean throwIfNotFound, Boolean ensureIsUpToDate)
   at System.Web.Compilation.BuildManager.GetVPathBuildResultWithNoAssert(HttpContext context, VirtualPath virtualPath, Boolean noBuild, Boolean allowCrossApp, Boolean allowBuildInPrecompile, Boolean throwIfNotFound, Boolean ensureIsUpToDate)
   at System.Web.Compilation.BuildManager.GetVirtualPathObjectFactory(VirtualPath virtualPath, HttpContext context, Boolean allowCrossApp, Boolean throwIfNotFound)
   at System.Web.Compilation.BuildManager.GetObjectFactory(String virtualPath, Boolean throwIfNotFound)
   at System.Web.Mvc.BuildManagerWrapper.System.Web.Mvc.IBuildManager.FileExists(String virtualPath)
   at System.Web.Mvc.BuildManagerViewEngine.FileExists(ControllerContext controllerContext, String virtualPath)
   at System.Web.Mvc.VirtualPathProviderViewEngine.<>c__DisplayClass4.<GetPathFromGeneralName>b__0(String path)
   at System.Web.WebPages.DefaultDisplayMode.GetDisplayInfo(HttpContextBase httpContext, String virtualPath, Func`2 virtualPathExists)
   at System.Web.WebPages.DisplayModeProvider.<>c__DisplayClassb.<GetDisplayInfoForVirtualPath>b__8(IDisplayMode mode)
   at System.Linq.Enumerable.WhereSelectListIterator`2.MoveNext()
   at System.Linq.Enumerable.FirstOrDefault[TSource](IEnumerable`1 source, Func`2 predicate)
   at System.Web.WebPages.DisplayModeProvider.GetDisplayInfoForVirtualPath(String virtualPath, HttpContextBase httpContext, Func`2 virtualPathExists, IDisplayMode currentDisplayMode, Boolean requireConsistentDisplayMode)
   at System.Web.Mvc.VirtualPathProviderViewEngine.GetPathFromGeneralName(ControllerContext controllerContext, List`1 locations, String name, String controllerName, String areaName, String cacheKey, String[]& searchedLocations)
   at System.Web.Mvc.VirtualPathProviderViewEngine.GetPath(ControllerContext controllerContext, String[] locations, String[] areaLocations, String locationsPropertyName, String name, String controllerName, String cacheKeyPrefix, Boolean useCache, String[]& searchedLocations)
   at System.Web.Mvc.VirtualPathProviderViewEngine.FindView(ControllerContext controllerContext, String viewName, String masterName, Boolean useCache)
   at System.Web.Mvc.ViewEngineCollection.<>c__DisplayClassc.<FindView>b__b(IViewEngine e)
   at System.Web.Mvc.ViewEngineCollection.Find(Func`2 lookup, Boolean trackSearchedPaths)
   at System.Web.Mvc.ViewEngineCollection.FindView(ControllerContext controllerContext, String viewName, String masterName)
   at System.Web.Mvc.ViewResult.FindView(ControllerContext context)
   at System.Web.Mvc.ViewResultBase.ExecuteResult(ControllerContext context)
   at System.Web.Mvc.ControllerActionInvoker.InvokeActionResult(ControllerContext controllerContext, ActionResult actionResult)
   at System.Web.Mvc.ControllerActionInvoker.<>c__DisplayClass1a.<InvokeActionResultWithFilters>b__17()
   at System.Web.Mvc.ControllerActionInvoker.InvokeActionResultFilter(IResultFilter filter, ResultExecutingContext preContext, Func`1 continuation)
   at System.Web.Mvc.ControllerActionInvoker.<>c__DisplayClass1a.<>c__DisplayClass1c.<InvokeActionResultWithFilters>b__19()
   at System.Web.Mvc.ControllerActionInvoker.InvokeActionResultFilter(IResultFilter filter, ResultExecutingContext preContext, Func`1 continuation)
   at System.Web.Mvc.ControllerActionInvoker.<>c__DisplayClass1a.<>c__DisplayClass1c.<InvokeActionResultWithFilters>b__19()
   at System.Web.Mvc.ControllerActionInvoker.InvokeActionResultFilter(IResultFilter filter, ResultExecutingContext preContext, Func`1 continuation)
   at System.Web.Mvc.ControllerActionInvoker.<>c__DisplayClass1a.<>c__DisplayClass1c.<InvokeActionResultWithFilters>b__19()
   at System.Web.Mvc.ControllerActionInvoker.InvokeActionResultWithFilters(ControllerContext controllerContext, IList`1 filters, ActionResult actionResult)
   at System.Web.Mvc.Async.AsyncControllerActionInvoker.<>c__DisplayClass25.<>c__DisplayClass2a.<BeginInvokeAction>b__20()
   at System.Web.Mvc.Async.AsyncControllerActionInvoker.<>c__DisplayClass25.<BeginInvokeAction>b__22(IAsyncResult asyncResult)
INFO 03:18:56 – HeSoLuong/Index
ERROR03:18:58 – c:\Workspace\HRMApplication\WebApplication\Areas\QLTinhLuong\Views\HeSoLuong\Index.cshtml(31): error CS0165: Use of unassigned local variable 'NKL'
/controller=HeSoLuong/action=Index
   at System.Web.Compilation.AssemblyBuilder.Compile()
   at System.Web.Compilation.BuildProvidersCompiler.PerformBuild()
   at System.Web.Compilation.BuildManager.CompileWebFile(VirtualPath virtualPath)
   at System.Web.Compilation.BuildManager.GetVPathBuildResultInternal(VirtualPath virtualPath, Boolean noBuild, Boolean allowCrossApp, Boolean allowBuildInPrecompile, Boolean throwIfNotFound, Boolean ensureIsUpToDate)
   at System.Web.Compilation.BuildManager.GetVPathBuildResultWithNoAssert(HttpContext context, VirtualPath virtualPath, Boolean noBuild, Boolean allowCrossApp, Boolean allowBuildInPrecompile, Boolean throwIfNotFound, Boolean ensureIsUpToDate)
   at System.Web.Compilation.BuildManager.GetVirtualPathObjectFactory(VirtualPath virtualPath, HttpContext context, Boolean allowCrossApp, Boolean throwIfNotFound)
   at System.Web.Compilation.BuildManager.GetObjectFactory(String virtualPath, Boolean throwIfNotFound)
   at System.Web.Mvc.BuildManagerWrapper.System.Web.Mvc.IBuildManager.FileExists(String virtualPath)
   at System.Web.Mvc.BuildManagerViewEngine.FileExists(ControllerContext controllerContext, String virtualPath)
   at System.Web.Mvc.VirtualPathProviderViewEngine.<>c__DisplayClass4.<GetPathFromGeneralName>b__0(String path)
   at System.Web.WebPages.DefaultDisplayMode.GetDisplayInfo(HttpContextBase httpContext, String virtualPath, Func`2 virtualPathExists)
   at System.Web.WebPages.DisplayModeProvider.<>c__DisplayClassb.<GetDisplayInfoForVirtualPath>b__8(IDisplayMode mode)
   at System.Linq.Enumerable.WhereSelectListIterator`2.MoveNext()
   at System.Linq.Enumerable.FirstOrDefault[TSource](IEnumerable`1 source, Func`2 predicate)
   at System.Web.WebPages.DisplayModeProvider.GetDisplayInfoForVirtualPath(String virtualPath, HttpContextBase httpContext, Func`2 virtualPathExists, IDisplayMode currentDisplayMode, Boolean requireConsistentDisplayMode)
   at System.Web.Mvc.VirtualPathProviderViewEngine.GetPathFromGeneralName(ControllerContext controllerContext, List`1 locations, String name, String controllerName, String areaName, String cacheKey, String[]& searchedLocations)
   at System.Web.Mvc.VirtualPathProviderViewEngine.GetPath(ControllerContext controllerContext, String[] locations, String[] areaLocations, String locationsPropertyName, String name, String controllerName, String cacheKeyPrefix, Boolean useCache, String[]& searchedLocations)
   at System.Web.Mvc.VirtualPathProviderViewEngine.FindView(ControllerContext controllerContext, String viewName, String masterName, Boolean useCache)
   at System.Web.Mvc.ViewEngineCollection.<>c__DisplayClassc.<FindView>b__b(IViewEngine e)
   at System.Web.Mvc.ViewEngineCollection.Find(Func`2 lookup, Boolean trackSearchedPaths)
   at System.Web.Mvc.ViewEngineCollection.FindView(ControllerContext controllerContext, String viewName, String masterName)
   at System.Web.Mvc.ViewResult.FindView(ControllerContext context)
   at System.Web.Mvc.ViewResultBase.ExecuteResult(ControllerContext context)
   at System.Web.Mvc.ControllerActionInvoker.InvokeActionResult(ControllerContext controllerContext, ActionResult actionResult)
   at System.Web.Mvc.ControllerActionInvoker.<>c__DisplayClass1a.<InvokeActionResultWithFilters>b__17()
   at System.Web.Mvc.ControllerActionInvoker.InvokeActionResultFilter(IResultFilter filter, ResultExecutingContext preContext, Func`1 continuation)
   at System.Web.Mvc.ControllerActionInvoker.<>c__DisplayClass1a.<>c__DisplayClass1c.<InvokeActionResultWithFilters>b__19()
   at System.Web.Mvc.ControllerActionInvoker.InvokeActionResultFilter(IResultFilter filter, ResultExecutingContext preContext, Func`1 continuation)
   at System.Web.Mvc.ControllerActionInvoker.<>c__DisplayClass1a.<>c__DisplayClass1c.<InvokeActionResultWithFilters>b__19()
   at System.Web.Mvc.ControllerActionInvoker.InvokeActionResultFilter(IResultFilter filter, ResultExecutingContext preContext, Func`1 continuation)
   at System.Web.Mvc.ControllerActionInvoker.<>c__DisplayClass1a.<>c__DisplayClass1c.<InvokeActionResultWithFilters>b__19()
   at System.Web.Mvc.ControllerActionInvoker.InvokeActionResultWithFilters(ControllerContext controllerContext, IList`1 filters, ActionResult actionResult)
   at System.Web.Mvc.Async.AsyncControllerActionInvoker.<>c__DisplayClass25.<>c__DisplayClass2a.<BeginInvokeAction>b__20()
   at System.Web.Mvc.Async.AsyncControllerActionInvoker.<>c__DisplayClass25.<BeginInvokeAction>b__22(IAsyncResult asyncResult)
INFO 03:19:15 – HeSoLuong/Index
INFO 03:19:16 – Message/Partial
INFO 03:19:21 – HeSoLuong/Index
INFO 03:19:21 – Message/Partial
INFO 03:19:25 – HeSoLuong/Index
INFO 03:19:25 – Message/Partial
INFO 03:19:51 – HeSoLuong/Index
INFO 03:19:52 – Message/Partial
INFO 03:19:54 – HeSoLuong/Index
INFO 03:19:54 – Message/Partial
INFO 03:19:57 – HeSoLuong/Index
INFO 03:19:57 – Message/Partial
INFO 03:19:59 – HeSoLuong/Index
INFO 03:19:59 – Message/Partial
INFO 03:20:30 – HeSoLuong/Index
INFO 03:20:32 – Message/Partial
INFO 03:20:35 – HeSoLuong/Index
INFO 03:20:35 – Message/Partial
INFO 03:38:42 – HeSoLuong/Index
INFO 03:38:43 – Message/Partial
INFO 03:38:46 – HeSoLuong/Index
INFO 03:38:46 – Message/Partial
INFO 03:39:01 – HeSoLuong/Index&NV_id=0
INFO 03:39:01 – Message/Partial&NV_id=0
INFO 03:39:32 – HeSoLuong/Index&NV_id=0
INFO 03:39:32 – Message/Partial&NV_id=0
INFO 03:39:38 – HeSoLuong/Index&NV_id=0
INFO 03:39:38 – Message/Partial&NV_id=0
INFO 03:39:47 – HeSoLuong/Index&NV_id=0
INFO 03:39:47 – Message/Partial&NV_id=0
INFO 03:41:03 – HeSoLuong/Index&NV_id=0
INFO 03:41:03 – Message/Partial&NV_id=0
INFO 03:42:14 – HeSoLuong/Index&NV_id=0
INFO 03:42:18 – Message/Partial&NV_id=0
INFO 03:43:03 – HeSoLuong/Index&NV_id=0
INFO 03:43:04 – Message/Partial&NV_id=0
INFO 03:43:17 – HeSoLuong/Index&NV_id=0
INFO 03:43:17 – Message/Partial&NV_id=0
INFO 03:43:25 – HeSoLuong/Index&NV_id=0
INFO 03:43:26 – Message/Partial&NV_id=0
INFO 03:44:31 – HeSoLuong/Index&NV_id=0
INFO 03:44:32 – Message/Partial&NV_id=0
INFO 03:45:15 – HeSoLuong/Index&NV_id=0
INFO 03:45:16 – Message/Partial&NV_id=0
INFO 03:46:35 – HeSoLuong/Index
INFO 03:46:37 – Message/Partial
INFO 03:46:41 – HeSoLuong/Index
INFO 03:46:41 – Message/Partial
INFO 03:46:44 – HeSoLuong/Index
INFO 03:46:44 – Message/Partial
INFO 03:46:50 – HeSoLuong/Index
INFO 03:46:50 – Message/Partial
INFO 03:46:54 – HeSoLuong/Index
INFO 03:46:55 – Message/Partial
INFO 03:47:18 – HeSoLuong/Index
INFO 03:47:21 – Message/Partial
INFO 03:47:32 – HeSoLuong/Index
INFO 03:47:33 – Message/Partial
INFO 03:47:40 – HeSoLuong/Index
INFO 03:47:41 – Message/Partial
INFO 03:48:12 – HeSoLuong/Index
INFO 03:48:14 – Message/Partial
INFO 03:48:18 – HeSoLuong/Index
INFO 03:48:19 – Message/Partial
INFO 03:48:26 – HeSoLuong/Index
INFO 03:48:26 – Message/Partial
INFO 03:49:19 – HeSoLuong/Details&NV_id=118
INFO 03:49:23 – Message/Partial&NV_id=118
INFO 03:49:29 – HeSoLuong/EditP&NV_id=118
INFO 03:49:31 – HeSoLuong/EditP&NV_id=118
INFO 03:49:47 – HeSoLuong/Details&NV_id=
ERROR03:49:47 – The parameters dictionary contains a null entry for parameter 'NV_id' of non-nullable type 'System.Int32' for method 'System.Web.Mvc.ActionResult Details(Int32)' in 'HRM.QLTinhLuong.Controllers.HeSoLuongController'. An optional parameter must be a reference type, a nullable type, or be declared as an optional parameter.
Parameter name: parameters
/controller=HeSoLuong/action=Details
   at System.Web.Mvc.ActionDescriptor.ExtractParameterFromDictionary(ParameterInfo parameterInfo, IDictionary`2 parameters, MethodInfo methodInfo)
   at System.Web.Mvc.ReflectedActionDescriptor.<>c__DisplayClass1.<Execute>b__0(ParameterInfo parameterInfo)
   at System.Linq.Enumerable.WhereSelectArrayIterator`2.MoveNext()
   at System.Linq.Buffer`1..ctor(IEnumerable`1 source)
   at System.Linq.Enumerable.ToArray[TSource](IEnumerable`1 source)
   at System.Web.Mvc.ReflectedActionDescriptor.Execute(ControllerContext controllerContext, IDictionary`2 parameters)
   at System.Web.Mvc.ControllerActionInvoker.InvokeActionMethod(ControllerContext controllerContext, ActionDescriptor actionDescriptor, IDictionary`2 parameters)
   at System.Web.Mvc.Async.AsyncControllerActionInvoker.<>c__DisplayClass42.<BeginInvokeSynchronousActionMethod>b__41()
   at System.Web.Mvc.Async.AsyncResultWrapper.<>c__DisplayClass8`1.<BeginSynchronous>b__7(IAsyncResult _)
   at System.Web.Mvc.Async.AsyncResultWrapper.WrappedAsyncResult`1.End()
   at System.Web.Mvc.Async.AsyncControllerActionInvoker.EndInvokeActionMethod(IAsyncResult asyncResult)
   at System.Web.Mvc.Async.AsyncControllerActionInvoker.<>c__DisplayClass37.<>c__DisplayClass39.<BeginInvokeActionMethodWithFilters>b__33()
   at System.Web.Mvc.Async.AsyncControllerActionInvoker.<>c__DisplayClass4f.<InvokeActionMethodFilterAsynchronously>b__49()
   at System.Web.Mvc.Async.AsyncControllerActionInvoker.<>c__DisplayClass4f.<InvokeActionMethodFilterAsynchronously>b__49()
   at System.Web.Mvc.Async.AsyncControllerActionInvoker.<>c__DisplayClass4f.<InvokeActionMethodFilterAsynchronously>b__49()
   at System.Web.Mvc.Async.AsyncControllerActionInvoker.<>c__DisplayClass37.<BeginInvokeActionMethodWithFilters>b__36(IAsyncResult asyncResult)
   at System.Web.Mvc.Async.AsyncResultWrapper.WrappedAsyncResult`1.End()
   at System.Web.Mvc.Async.AsyncControllerActionInvoker.EndInvokeActionMethodWithFilters(IAsyncResult asyncResult)
   at System.Web.Mvc.Async.AsyncControllerActionInvoker.<>c__DisplayClass25.<>c__DisplayClass2a.<BeginInvokeAction>b__20()
   at System.Web.Mvc.Async.AsyncControllerActionInvoker.<>c__DisplayClass25.<BeginInvokeAction>b__22(IAsyncResult asyncResult)
INFO 03:52:22 – HeSoLuong/Index
INFO 03:52:23 – Message/Partial
INFO 03:52:30 – HeSoLuong/Details&NV_id=193
INFO 03:52:31 – Message/Partial&NV_id=193
INFO 03:52:37 – HeSoLuong/EditP&NV_id=193
INFO 03:52:53 – HeSoLuong/Index
INFO 03:52:53 – Message/Partial
