INFO 08:45:55 – Home/Index
INFO 08:45:56 – Login/Index
INFO 08:46:04 – Home/Index
INFO 08:46:05 – Login/Index
INFO 08:46:09 – Home/Index
INFO 08:46:09 – Login/Index
INFO 08:47:10 – Login/Index
INFO 08:47:10 – Home/Index
INFO 08:47:19 – Login/Index
INFO 08:47:19 – Home/Index
INFO 09:10:24 – TinhCong/CongThuc
INFO 09:13:26 – TinhCong/Details&NV_id=16
INFO 09:13:27 – TinhCong/Details&NV_id=47
INFO 09:18:35 – TinhCong/Details&NV_id=47
INFO 09:18:35 – TinhCong/Details&NV_id=16
INFO 09:20:41 – TinhCong/Details&NV_id=16
INFO 09:20:42 – TinhCong/Details&NV_id=47
INFO 09:22:17 – TinhCong/Details&NV_id=47
INFO 09:22:17 – TinhCong/Details&NV_id=16
INFO 09:23:23 – TinhCong/Details&NV_id=47
INFO 09:23:29 – TinhCong/Details&NV_id=16
INFO 09:23:41 – TinhCong/Details&NV_id=16
INFO 09:29:07 – TinhCong/Details&NV_id=40
INFO 09:33:53 – TinhCong/Details&NV_id=40
INFO 09:35:06 – TinhCong/Details&NV_id=40
INFO 09:36:12 – TinhCong/Details&NV_id=40
INFO 09:50:09 – TinhCong/Details&NV_id=47
INFO 10:02:38 – TinhCong/CongThuc
ERROR10:03:09 – Timeout expired.  The timeout period elapsed prior to completion of the operation or the server is not responding.
/controller=TinhCong/action=CongThuc
   at System.Data.SqlClient.SqlConnection.OnError(SqlException exception, Boolean breakConnection, Action`1 wrapCloseInAction)
   at System.Data.SqlClient.SqlInternalConnection.OnError(SqlException exception, Boolean breakConnection, Action`1 wrapCloseInAction)
   at System.Data.SqlClient.TdsParser.ThrowExceptionAndWarning(TdsParserStateObject stateObj, Boolean callerHasConnectionLock, Boolean asyncClose)
   at System.Data.SqlClient.TdsParser.TryRun(RunBehavior runBehavior, SqlCommand cmdHandler, SqlDataReader dataStream, BulkCopySimpleResultSet bulkCopyHandler, TdsParserStateObject stateObj, Boolean& dataReady)
   at System.Data.SqlClient.SqlDataReader.TrySetMetaData(_SqlMetaDataSet metaData, Boolean moreInfo)
   at System.Data.SqlClient.TdsParser.TryRun(RunBehavior runBehavior, SqlCommand cmdHandler, SqlDataReader dataStream, BulkCopySimpleResultSet bulkCopyHandler, TdsParserStateObject stateObj, Boolean& dataReady)
   at System.Data.SqlClient.SqlDataReader.TryConsumeMetaData()
   at System.Data.SqlClient.SqlDataReader.get_MetaData()
   at System.Data.SqlClient.SqlCommand.FinishExecuteReader(SqlDataReader ds, RunBehavior runBehavior, String resetOptionsString)
   at System.Data.SqlClient.SqlCommand.RunExecuteReaderTds(CommandBehavior cmdBehavior, RunBehavior runBehavior, Boolean returnStream, Boolean async, Int32 timeout, Task& task, Boolean asyncWrite, SqlDataReader ds)
   at System.Data.SqlClient.SqlCommand.RunExecuteReader(CommandBehavior cmdBehavior, RunBehavior runBehavior, Boolean returnStream, String method, TaskCompletionSource`1 completion, Int32 timeout, Task& task, Boolean asyncWrite)
   at System.Data.SqlClient.SqlCommand.RunExecuteReader(CommandBehavior cmdBehavior, RunBehavior runBehavior, Boolean returnStream, String method)
   at System.Data.SqlClient.SqlCommand.ExecuteReader(CommandBehavior behavior, String method)
   at System.Data.SqlClient.SqlCommand.ExecuteReader()
   at HRM.Webpages.Helpers.DataTableExt.SqlQuery(Database db, String sql, Object[] parameters) in c:\Workspace\HRMApplication\HRMLibraries\Helpers\DataTable.cs:line 35
   at HRM.Webpages.Helpers.DataTableExt.SqlQuery(HRMDBEntities db, String sql, Object[] parameters) in c:\Workspace\HRMApplication\HRMLibraries\Helpers\DataTable.cs:line 20
   at ASP.TinhCong.dsNhanVien(HRMDBEntities db) in c:\Workspace\HRMApplication\WebApplication\App_Code\TinhCong.cshtml:line 16
   at ASP._Page_Views_TinhCong_CongThuc_cshtml.Execute() in c:\Workspace\HRMApplication\WebApplication\Views\TinhCong\CongThuc.cshtml:line 9
   at System.Web.WebPages.WebPageBase.ExecutePageHierarchy()
   at System.Web.Mvc.WebViewPage.ExecutePageHierarchy()
   at System.Web.WebPages.StartPage.RunPage()
   at System.Web.WebPages.StartPage.ExecutePageHierarchy()
   at System.Web.WebPages.WebPageBase.ExecutePageHierarchy(WebPageContext pageContext, TextWriter writer, WebPageRenderingBase startPage)
   at System.Web.Mvc.RazorView.RenderView(ViewContext viewContext, TextWriter writer, Object instance)
   at System.Web.Mvc.BuildManagerCompiledView.Render(ViewContext viewContext, TextWriter writer)
   at System.Web.Mvc.ViewResultBase.ExecuteResult(ControllerContext context)
   at System.Web.Mvc.ControllerActionInvoker.InvokeActionResult(ControllerContext controllerContext, ActionResult actionResult)
   at System.Web.Mvc.ControllerActionInvoker.<>c__DisplayClass1a.<InvokeActionResultWithFilters>b__17()
   at System.Web.Mvc.ControllerActionInvoker.InvokeActionResultFilter(IResultFilter filter, ResultExecutingContext preContext, Func`1 continuation)
   at System.Web.Mvc.ControllerActionInvoker.<>c__DisplayClass1a.<>c__DisplayClass1c.<InvokeActionResultWithFilters>b__19()
   at System.Web.Mvc.ControllerActionInvoker.InvokeActionResultFilter(IResultFilter filter, ResultExecutingContext preContext, Func`1 continuation)
   at System.Web.Mvc.ControllerActionInvoker.<>c__DisplayClass1a.<>c__DisplayClass1c.<InvokeActionResultWithFilters>b__19()
   at System.Web.Mvc.ControllerActionInvoker.InvokeActionResultFilter(IResultFilter filter, ResultExecutingContext preContext, Func`1 continuation)
   at System.Web.Mvc.ControllerActionInvoker.<>c__DisplayClass1a.<>c__DisplayClass1c.<InvokeActionResultWithFilters>b__19()
   at System.Web.Mvc.ControllerActionInvoker.InvokeActionResultWithFilters(ControllerContext controllerContext, IList`1 filters, ActionResult actionResult)
   at System.Web.Mvc.Async.AsyncControllerActionInvoker.<>c__DisplayClass25.<>c__DisplayClass2a.<BeginInvokeAction>b__20()
   at System.Web.Mvc.Async.AsyncControllerActionInvoker.<>c__DisplayClass25.<BeginInvokeAction>b__22(IAsyncResult asyncResult)
INFO 10:03:10 – TinhCong/CongThuc
ERROR10:03:40 – Timeout expired.  The timeout period elapsed prior to completion of the operation or the server is not responding.
/controller=TinhCong/action=CongThuc
   at System.Data.SqlClient.SqlConnection.OnError(SqlException exception, Boolean breakConnection, Action`1 wrapCloseInAction)
   at System.Data.SqlClient.SqlInternalConnection.OnError(SqlException exception, Boolean breakConnection, Action`1 wrapCloseInAction)
   at System.Data.SqlClient.TdsParser.ThrowExceptionAndWarning(TdsParserStateObject stateObj, Boolean callerHasConnectionLock, Boolean asyncClose)
   at System.Data.SqlClient.TdsParser.TryRun(RunBehavior runBehavior, SqlCommand cmdHandler, SqlDataReader dataStream, BulkCopySimpleResultSet bulkCopyHandler, TdsParserStateObject stateObj, Boolean& dataReady)
   at System.Data.SqlClient.SqlDataReader.TryConsumeMetaData()
   at System.Data.SqlClient.SqlDataReader.get_MetaData()
   at System.Data.SqlClient.SqlCommand.FinishExecuteReader(SqlDataReader ds, RunBehavior runBehavior, String resetOptionsString)
   at System.Data.SqlClient.SqlCommand.RunExecuteReaderTds(CommandBehavior cmdBehavior, RunBehavior runBehavior, Boolean returnStream, Boolean async, Int32 timeout, Task& task, Boolean asyncWrite, SqlDataReader ds)
   at System.Data.SqlClient.SqlCommand.RunExecuteReader(CommandBehavior cmdBehavior, RunBehavior runBehavior, Boolean returnStream, String method, TaskCompletionSource`1 completion, Int32 timeout, Task& task, Boolean asyncWrite)
   at System.Data.SqlClient.SqlCommand.RunExecuteReader(CommandBehavior cmdBehavior, RunBehavior runBehavior, Boolean returnStream, String method)
   at System.Data.SqlClient.SqlCommand.ExecuteReader(CommandBehavior behavior, String method)
   at System.Data.SqlClient.SqlCommand.ExecuteReader()
   at HRM.Webpages.Helpers.DataTableExt.SqlQuery(Database db, String sql, Object[] parameters) in c:\Workspace\HRMApplication\HRMLibraries\Helpers\DataTable.cs:line 35
   at HRM.Webpages.Helpers.DataTableExt.SqlQuery(HRMDBEntities db, String sql, Object[] parameters) in c:\Workspace\HRMApplication\HRMLibraries\Helpers\DataTable.cs:line 20
   at ASP.TinhCong.dsNhanVien(HRMDBEntities db) in c:\Workspace\HRMApplication\WebApplication\App_Code\TinhCong.cshtml:line 16
   at ASP._Page_Views_TinhCong_CongThuc_cshtml.Execute() in c:\Workspace\HRMApplication\WebApplication\Views\TinhCong\CongThuc.cshtml:line 9
   at System.Web.WebPages.WebPageBase.ExecutePageHierarchy()
   at System.Web.Mvc.WebViewPage.ExecutePageHierarchy()
   at System.Web.WebPages.StartPage.RunPage()
   at System.Web.WebPages.StartPage.ExecutePageHierarchy()
   at System.Web.WebPages.WebPageBase.ExecutePageHierarchy(WebPageContext pageContext, TextWriter writer, WebPageRenderingBase startPage)
   at System.Web.Mvc.RazorView.RenderView(ViewContext viewContext, TextWriter writer, Object instance)
   at System.Web.Mvc.BuildManagerCompiledView.Render(ViewContext viewContext, TextWriter writer)
   at System.Web.Mvc.ViewResultBase.ExecuteResult(ControllerContext context)
   at System.Web.Mvc.ControllerActionInvoker.InvokeActionResult(ControllerContext controllerContext, ActionResult actionResult)
   at System.Web.Mvc.ControllerActionInvoker.<>c__DisplayClass1a.<InvokeActionResultWithFilters>b__17()
   at System.Web.Mvc.ControllerActionInvoker.InvokeActionResultFilter(IResultFilter filter, ResultExecutingContext preContext, Func`1 continuation)
   at System.Web.Mvc.ControllerActionInvoker.<>c__DisplayClass1a.<>c__DisplayClass1c.<InvokeActionResultWithFilters>b__19()
   at System.Web.Mvc.ControllerActionInvoker.InvokeActionResultFilter(IResultFilter filter, ResultExecutingContext preContext, Func`1 continuation)
   at System.Web.Mvc.ControllerActionInvoker.<>c__DisplayClass1a.<>c__DisplayClass1c.<InvokeActionResultWithFilters>b__19()
   at System.Web.Mvc.ControllerActionInvoker.InvokeActionResultFilter(IResultFilter filter, ResultExecutingContext preContext, Func`1 continuation)
   at System.Web.Mvc.ControllerActionInvoker.<>c__DisplayClass1a.<>c__DisplayClass1c.<InvokeActionResultWithFilters>b__19()
   at System.Web.Mvc.ControllerActionInvoker.InvokeActionResultWithFilters(ControllerContext controllerContext, IList`1 filters, ActionResult actionResult)
   at System.Web.Mvc.Async.AsyncControllerActionInvoker.<>c__DisplayClass25.<>c__DisplayClass2a.<BeginInvokeAction>b__20()
   at System.Web.Mvc.Async.AsyncControllerActionInvoker.<>c__DisplayClass25.<BeginInvokeAction>b__22(IAsyncResult asyncResult)
INFO 10:03:40 – TinhCong/CongThuc
ERROR10:04:10 – Timeout expired.  The timeout period elapsed prior to completion of the operation or the server is not responding.
/controller=TinhCong/action=CongThuc
   at System.Data.SqlClient.SqlConnection.OnError(SqlException exception, Boolean breakConnection, Action`1 wrapCloseInAction)
   at System.Data.SqlClient.SqlInternalConnection.OnError(SqlException exception, Boolean breakConnection, Action`1 wrapCloseInAction)
   at System.Data.SqlClient.TdsParser.ThrowExceptionAndWarning(TdsParserStateObject stateObj, Boolean callerHasConnectionLock, Boolean asyncClose)
   at System.Data.SqlClient.TdsParser.TryRun(RunBehavior runBehavior, SqlCommand cmdHandler, SqlDataReader dataStream, BulkCopySimpleResultSet bulkCopyHandler, TdsParserStateObject stateObj, Boolean& dataReady)
   at System.Data.SqlClient.SqlDataReader.TryConsumeMetaData()
   at System.Data.SqlClient.SqlDataReader.get_MetaData()
   at System.Data.SqlClient.SqlCommand.FinishExecuteReader(SqlDataReader ds, RunBehavior runBehavior, String resetOptionsString)
   at System.Data.SqlClient.SqlCommand.RunExecuteReaderTds(CommandBehavior cmdBehavior, RunBehavior runBehavior, Boolean returnStream, Boolean async, Int32 timeout, Task& task, Boolean asyncWrite, SqlDataReader ds)
   at System.Data.SqlClient.SqlCommand.RunExecuteReader(CommandBehavior cmdBehavior, RunBehavior runBehavior, Boolean returnStream, String method, TaskCompletionSource`1 completion, Int32 timeout, Task& task, Boolean asyncWrite)
   at System.Data.SqlClient.SqlCommand.RunExecuteReader(CommandBehavior cmdBehavior, RunBehavior runBehavior, Boolean returnStream, String method)
   at System.Data.SqlClient.SqlCommand.ExecuteReader(CommandBehavior behavior, String method)
   at System.Data.SqlClient.SqlCommand.ExecuteReader()
   at HRM.Webpages.Helpers.DataTableExt.SqlQuery(Database db, String sql, Object[] parameters) in c:\Workspace\HRMApplication\HRMLibraries\Helpers\DataTable.cs:line 35
   at HRM.Webpages.Helpers.DataTableExt.SqlQuery(HRMDBEntities db, String sql, Object[] parameters) in c:\Workspace\HRMApplication\HRMLibraries\Helpers\DataTable.cs:line 20
   at ASP.TinhCong.dsNhanVien(HRMDBEntities db) in c:\Workspace\HRMApplication\WebApplication\App_Code\TinhCong.cshtml:line 16
   at ASP._Page_Views_TinhCong_CongThuc_cshtml.Execute() in c:\Workspace\HRMApplication\WebApplication\Views\TinhCong\CongThuc.cshtml:line 9
   at System.Web.WebPages.WebPageBase.ExecutePageHierarchy()
   at System.Web.Mvc.WebViewPage.ExecutePageHierarchy()
   at System.Web.WebPages.StartPage.RunPage()
   at System.Web.WebPages.StartPage.ExecutePageHierarchy()
   at System.Web.WebPages.WebPageBase.ExecutePageHierarchy(WebPageContext pageContext, TextWriter writer, WebPageRenderingBase startPage)
   at System.Web.Mvc.RazorView.RenderView(ViewContext viewContext, TextWriter writer, Object instance)
   at System.Web.Mvc.BuildManagerCompiledView.Render(ViewContext viewContext, TextWriter writer)
   at System.Web.Mvc.ViewResultBase.ExecuteResult(ControllerContext context)
   at System.Web.Mvc.ControllerActionInvoker.InvokeActionResult(ControllerContext controllerContext, ActionResult actionResult)
   at System.Web.Mvc.ControllerActionInvoker.<>c__DisplayClass1a.<InvokeActionResultWithFilters>b__17()
   at System.Web.Mvc.ControllerActionInvoker.InvokeActionResultFilter(IResultFilter filter, ResultExecutingContext preContext, Func`1 continuation)
   at System.Web.Mvc.ControllerActionInvoker.<>c__DisplayClass1a.<>c__DisplayClass1c.<InvokeActionResultWithFilters>b__19()
   at System.Web.Mvc.ControllerActionInvoker.InvokeActionResultFilter(IResultFilter filter, ResultExecutingContext preContext, Func`1 continuation)
   at System.Web.Mvc.ControllerActionInvoker.<>c__DisplayClass1a.<>c__DisplayClass1c.<InvokeActionResultWithFilters>b__19()
   at System.Web.Mvc.ControllerActionInvoker.InvokeActionResultFilter(IResultFilter filter, ResultExecutingContext preContext, Func`1 continuation)
   at System.Web.Mvc.ControllerActionInvoker.<>c__DisplayClass1a.<>c__DisplayClass1c.<InvokeActionResultWithFilters>b__19()
   at System.Web.Mvc.ControllerActionInvoker.InvokeActionResultWithFilters(ControllerContext controllerContext, IList`1 filters, ActionResult actionResult)
   at System.Web.Mvc.Async.AsyncControllerActionInvoker.<>c__DisplayClass25.<>c__DisplayClass2a.<BeginInvokeAction>b__20()
   at System.Web.Mvc.Async.AsyncControllerActionInvoker.<>c__DisplayClass25.<BeginInvokeAction>b__22(IAsyncResult asyncResult)
INFO 10:04:10 – TinhCong/CongThuc
INFO 10:04:33 – TinhCong/Details&NV_id=40
INFO 10:04:35 – TinhCong/Details&NV_id=40
INFO 10:04:40 – TinhCong/CongThuc
ERROR10:04:41 – Timeout expired.  The timeout period elapsed prior to completion of the operation or the server is not responding.
/controller=TinhCong/action=CongThuc
   at System.Data.SqlClient.SqlConnection.OnError(SqlException exception, Boolean breakConnection, Action`1 wrapCloseInAction)
   at System.Data.SqlClient.SqlInternalConnection.OnError(SqlException exception, Boolean breakConnection, Action`1 wrapCloseInAction)
   at System.Data.SqlClient.TdsParser.ThrowExceptionAndWarning(TdsParserStateObject stateObj, Boolean callerHasConnectionLock, Boolean asyncClose)
   at System.Data.SqlClient.TdsParser.TryRun(RunBehavior runBehavior, SqlCommand cmdHandler, SqlDataReader dataStream, BulkCopySimpleResultSet bulkCopyHandler, TdsParserStateObject stateObj, Boolean& dataReady)
   at System.Data.SqlClient.SqlDataReader.TryConsumeMetaData()
   at System.Data.SqlClient.SqlDataReader.get_MetaData()
   at System.Data.SqlClient.SqlCommand.FinishExecuteReader(SqlDataReader ds, RunBehavior runBehavior, String resetOptionsString)
   at System.Data.SqlClient.SqlCommand.RunExecuteReaderTds(CommandBehavior cmdBehavior, RunBehavior runBehavior, Boolean returnStream, Boolean async, Int32 timeout, Task& task, Boolean asyncWrite, SqlDataReader ds)
   at System.Data.SqlClient.SqlCommand.RunExecuteReader(CommandBehavior cmdBehavior, RunBehavior runBehavior, Boolean returnStream, String method, TaskCompletionSource`1 completion, Int32 timeout, Task& task, Boolean asyncWrite)
   at System.Data.SqlClient.SqlCommand.RunExecuteReader(CommandBehavior cmdBehavior, RunBehavior runBehavior, Boolean returnStream, String method)
   at System.Data.SqlClient.SqlCommand.ExecuteReader(CommandBehavior behavior, String method)
   at System.Data.SqlClient.SqlCommand.ExecuteReader()
   at HRM.Webpages.Helpers.DataTableExt.SqlQuery(Database db, String sql, Object[] parameters) in c:\Workspace\HRMApplication\HRMLibraries\Helpers\DataTable.cs:line 35
   at HRM.Webpages.Helpers.DataTableExt.SqlQuery(HRMDBEntities db, String sql, Object[] parameters) in c:\Workspace\HRMApplication\HRMLibraries\Helpers\DataTable.cs:line 20
   at ASP.TinhCong.dsNhanVien(HRMDBEntities db) in c:\Workspace\HRMApplication\WebApplication\App_Code\TinhCong.cshtml:line 16
   at ASP._Page_Views_TinhCong_CongThuc_cshtml.Execute() in c:\Workspace\HRMApplication\WebApplication\Views\TinhCong\CongThuc.cshtml:line 9
   at System.Web.WebPages.WebPageBase.ExecutePageHierarchy()
   at System.Web.Mvc.WebViewPage.ExecutePageHierarchy()
   at System.Web.WebPages.StartPage.RunPage()
   at System.Web.WebPages.StartPage.ExecutePageHierarchy()
   at System.Web.WebPages.WebPageBase.ExecutePageHierarchy(WebPageContext pageContext, TextWriter writer, WebPageRenderingBase startPage)
   at System.Web.Mvc.RazorView.RenderView(ViewContext viewContext, TextWriter writer, Object instance)
   at System.Web.Mvc.BuildManagerCompiledView.Render(ViewContext viewContext, TextWriter writer)
   at System.Web.Mvc.ViewResultBase.ExecuteResult(ControllerContext context)
   at System.Web.Mvc.ControllerActionInvoker.InvokeActionResult(ControllerContext controllerContext, ActionResult actionResult)
   at System.Web.Mvc.ControllerActionInvoker.<>c__DisplayClass1a.<InvokeActionResultWithFilters>b__17()
   at System.Web.Mvc.ControllerActionInvoker.InvokeActionResultFilter(IResultFilter filter, ResultExecutingContext preContext, Func`1 continuation)
   at System.Web.Mvc.ControllerActionInvoker.<>c__DisplayClass1a.<>c__DisplayClass1c.<InvokeActionResultWithFilters>b__19()
   at System.Web.Mvc.ControllerActionInvoker.InvokeActionResultFilter(IResultFilter filter, ResultExecutingContext preContext, Func`1 continuation)
   at System.Web.Mvc.ControllerActionInvoker.<>c__DisplayClass1a.<>c__DisplayClass1c.<InvokeActionResultWithFilters>b__19()
   at System.Web.Mvc.ControllerActionInvoker.InvokeActionResultFilter(IResultFilter filter, ResultExecutingContext preContext, Func`1 continuation)
   at System.Web.Mvc.ControllerActionInvoker.<>c__DisplayClass1a.<>c__DisplayClass1c.<InvokeActionResultWithFilters>b__19()
   at System.Web.Mvc.ControllerActionInvoker.InvokeActionResultWithFilters(ControllerContext controllerContext, IList`1 filters, ActionResult actionResult)
   at System.Web.Mvc.Async.AsyncControllerActionInvoker.<>c__DisplayClass25.<>c__DisplayClass2a.<BeginInvokeAction>b__20()
   at System.Web.Mvc.Async.AsyncControllerActionInvoker.<>c__DisplayClass25.<BeginInvokeAction>b__22(IAsyncResult asyncResult)
INFO 10:04:57 – TinhCong/CongThuc
ERROR10:05:10 – Timeout expired.  The timeout period elapsed prior to completion of the operation or the server is not responding.
/controller=TinhCong/action=CongThuc
   at System.Data.SqlClient.SqlConnection.OnError(SqlException exception, Boolean breakConnection, Action`1 wrapCloseInAction)
   at System.Data.SqlClient.SqlInternalConnection.OnError(SqlException exception, Boolean breakConnection, Action`1 wrapCloseInAction)
   at System.Data.SqlClient.TdsParser.ThrowExceptionAndWarning(TdsParserStateObject stateObj, Boolean callerHasConnectionLock, Boolean asyncClose)
   at System.Data.SqlClient.TdsParser.TryRun(RunBehavior runBehavior, SqlCommand cmdHandler, SqlDataReader dataStream, BulkCopySimpleResultSet bulkCopyHandler, TdsParserStateObject stateObj, Boolean& dataReady)
   at System.Data.SqlClient.SqlDataReader.TryConsumeMetaData()
   at System.Data.SqlClient.SqlDataReader.get_MetaData()
   at System.Data.SqlClient.SqlCommand.FinishExecuteReader(SqlDataReader ds, RunBehavior runBehavior, String resetOptionsString)
   at System.Data.SqlClient.SqlCommand.RunExecuteReaderTds(CommandBehavior cmdBehavior, RunBehavior runBehavior, Boolean returnStream, Boolean async, Int32 timeout, Task& task, Boolean asyncWrite, SqlDataReader ds)
   at System.Data.SqlClient.SqlCommand.RunExecuteReader(CommandBehavior cmdBehavior, RunBehavior runBehavior, Boolean returnStream, String method, TaskCompletionSource`1 completion, Int32 timeout, Task& task, Boolean asyncWrite)
   at System.Data.SqlClient.SqlCommand.RunExecuteReader(CommandBehavior cmdBehavior, RunBehavior runBehavior, Boolean returnStream, String method)
   at System.Data.SqlClient.SqlCommand.ExecuteReader(CommandBehavior behavior, String method)
   at System.Data.SqlClient.SqlCommand.ExecuteReader()
   at HRM.Webpages.Helpers.DataTableExt.SqlQuery(Database db, String sql, Object[] parameters) in c:\Workspace\HRMApplication\HRMLibraries\Helpers\DataTable.cs:line 35
   at HRM.Webpages.Helpers.DataTableExt.SqlQuery(HRMDBEntities db, String sql, Object[] parameters) in c:\Workspace\HRMApplication\HRMLibraries\Helpers\DataTable.cs:line 20
   at ASP.TinhCong.dsNhanVien(HRMDBEntities db) in c:\Workspace\HRMApplication\WebApplication\App_Code\TinhCong.cshtml:line 16
   at ASP._Page_Views_TinhCong_CongThuc_cshtml.Execute() in c:\Workspace\HRMApplication\WebApplication\Views\TinhCong\CongThuc.cshtml:line 9
   at System.Web.WebPages.WebPageBase.ExecutePageHierarchy()
   at System.Web.Mvc.WebViewPage.ExecutePageHierarchy()
   at System.Web.WebPages.StartPage.RunPage()
   at System.Web.WebPages.StartPage.ExecutePageHierarchy()
   at System.Web.WebPages.WebPageBase.ExecutePageHierarchy(WebPageContext pageContext, TextWriter writer, WebPageRenderingBase startPage)
   at System.Web.Mvc.RazorView.RenderView(ViewContext viewContext, TextWriter writer, Object instance)
   at System.Web.Mvc.BuildManagerCompiledView.Render(ViewContext viewContext, TextWriter writer)
   at System.Web.Mvc.ViewResultBase.ExecuteResult(ControllerContext context)
   at System.Web.Mvc.ControllerActionInvoker.InvokeActionResult(ControllerContext controllerContext, ActionResult actionResult)
   at System.Web.Mvc.ControllerActionInvoker.<>c__DisplayClass1a.<InvokeActionResultWithFilters>b__17()
   at System.Web.Mvc.ControllerActionInvoker.InvokeActionResultFilter(IResultFilter filter, ResultExecutingContext preContext, Func`1 continuation)
   at System.Web.Mvc.ControllerActionInvoker.<>c__DisplayClass1a.<>c__DisplayClass1c.<InvokeActionResultWithFilters>b__19()
   at System.Web.Mvc.ControllerActionInvoker.InvokeActionResultFilter(IResultFilter filter, ResultExecutingContext preContext, Func`1 continuation)
   at System.Web.Mvc.ControllerActionInvoker.<>c__DisplayClass1a.<>c__DisplayClass1c.<InvokeActionResultWithFilters>b__19()
   at System.Web.Mvc.ControllerActionInvoker.InvokeActionResultFilter(IResultFilter filter, ResultExecutingContext preContext, Func`1 continuation)
   at System.Web.Mvc.ControllerActionInvoker.<>c__DisplayClass1a.<>c__DisplayClass1c.<InvokeActionResultWithFilters>b__19()
   at System.Web.Mvc.ControllerActionInvoker.InvokeActionResultWithFilters(ControllerContext controllerContext, IList`1 filters, ActionResult actionResult)
   at System.Web.Mvc.Async.AsyncControllerActionInvoker.<>c__DisplayClass25.<>c__DisplayClass2a.<BeginInvokeAction>b__20()
   at System.Web.Mvc.Async.AsyncControllerActionInvoker.<>c__DisplayClass25.<BeginInvokeAction>b__22(IAsyncResult asyncResult)
ERROR10:05:28 – Timeout expired.  The timeout period elapsed prior to completion of the operation or the server is not responding.
/controller=TinhCong/action=CongThuc
   at System.Data.SqlClient.SqlConnection.OnError(SqlException exception, Boolean breakConnection, Action`1 wrapCloseInAction)
   at System.Data.SqlClient.SqlInternalConnection.OnError(SqlException exception, Boolean breakConnection, Action`1 wrapCloseInAction)
   at System.Data.SqlClient.TdsParser.ThrowExceptionAndWarning(TdsParserStateObject stateObj, Boolean callerHasConnectionLock, Boolean asyncClose)
   at System.Data.SqlClient.TdsParser.TryRun(RunBehavior runBehavior, SqlCommand cmdHandler, SqlDataReader dataStream, BulkCopySimpleResultSet bulkCopyHandler, TdsParserStateObject stateObj, Boolean& dataReady)
   at System.Data.SqlClient.SqlDataReader.TryConsumeMetaData()
   at System.Data.SqlClient.SqlDataReader.get_MetaData()
   at System.Data.SqlClient.SqlCommand.FinishExecuteReader(SqlDataReader ds, RunBehavior runBehavior, String resetOptionsString)
   at System.Data.SqlClient.SqlCommand.RunExecuteReaderTds(CommandBehavior cmdBehavior, RunBehavior runBehavior, Boolean returnStream, Boolean async, Int32 timeout, Task& task, Boolean asyncWrite, SqlDataReader ds)
   at System.Data.SqlClient.SqlCommand.RunExecuteReader(CommandBehavior cmdBehavior, RunBehavior runBehavior, Boolean returnStream, String method, TaskCompletionSource`1 completion, Int32 timeout, Task& task, Boolean asyncWrite)
   at System.Data.SqlClient.SqlCommand.RunExecuteReader(CommandBehavior cmdBehavior, RunBehavior runBehavior, Boolean returnStream, String method)
   at System.Data.SqlClient.SqlCommand.ExecuteReader(CommandBehavior behavior, String method)
   at System.Data.SqlClient.SqlCommand.ExecuteReader()
   at HRM.Webpages.Helpers.DataTableExt.SqlQuery(Database db, String sql, Object[] parameters) in c:\Workspace\HRMApplication\HRMLibraries\Helpers\DataTable.cs:line 35
   at HRM.Webpages.Helpers.DataTableExt.SqlQuery(HRMDBEntities db, String sql, Object[] parameters) in c:\Workspace\HRMApplication\HRMLibraries\Helpers\DataTable.cs:line 20
   at ASP.TinhCong.dsNhanVien(HRMDBEntities db) in c:\Workspace\HRMApplication\WebApplication\App_Code\TinhCong.cshtml:line 16
   at ASP._Page_Views_TinhCong_CongThuc_cshtml.Execute() in c:\Workspace\HRMApplication\WebApplication\Views\TinhCong\CongThuc.cshtml:line 9
   at System.Web.WebPages.WebPageBase.ExecutePageHierarchy()
   at System.Web.Mvc.WebViewPage.ExecutePageHierarchy()
   at System.Web.WebPages.StartPage.RunPage()
   at System.Web.WebPages.StartPage.ExecutePageHierarchy()
   at System.Web.WebPages.WebPageBase.ExecutePageHierarchy(WebPageContext pageContext, TextWriter writer, WebPageRenderingBase startPage)
   at System.Web.Mvc.RazorView.RenderView(ViewContext viewContext, TextWriter writer, Object instance)
   at System.Web.Mvc.BuildManagerCompiledView.Render(ViewContext viewContext, TextWriter writer)
   at System.Web.Mvc.ViewResultBase.ExecuteResult(ControllerContext context)
   at System.Web.Mvc.ControllerActionInvoker.InvokeActionResult(ControllerContext controllerContext, ActionResult actionResult)
   at System.Web.Mvc.ControllerActionInvoker.<>c__DisplayClass1a.<InvokeActionResultWithFilters>b__17()
   at System.Web.Mvc.ControllerActionInvoker.InvokeActionResultFilter(IResultFilter filter, ResultExecutingContext preContext, Func`1 continuation)
   at System.Web.Mvc.ControllerActionInvoker.<>c__DisplayClass1a.<>c__DisplayClass1c.<InvokeActionResultWithFilters>b__19()
   at System.Web.Mvc.ControllerActionInvoker.InvokeActionResultFilter(IResultFilter filter, ResultExecutingContext preContext, Func`1 continuation)
   at System.Web.Mvc.ControllerActionInvoker.<>c__DisplayClass1a.<>c__DisplayClass1c.<InvokeActionResultWithFilters>b__19()
   at System.Web.Mvc.ControllerActionInvoker.InvokeActionResultFilter(IResultFilter filter, ResultExecutingContext preContext, Func`1 continuation)
   at System.Web.Mvc.ControllerActionInvoker.<>c__DisplayClass1a.<>c__DisplayClass1c.<InvokeActionResultWithFilters>b__19()
   at System.Web.Mvc.ControllerActionInvoker.InvokeActionResultWithFilters(ControllerContext controllerContext, IList`1 filters, ActionResult actionResult)
   at System.Web.Mvc.Async.AsyncControllerActionInvoker.<>c__DisplayClass25.<>c__DisplayClass2a.<BeginInvokeAction>b__20()
   at System.Web.Mvc.Async.AsyncControllerActionInvoker.<>c__DisplayClass25.<BeginInvokeAction>b__22(IAsyncResult asyncResult)
INFO 10:05:28 – TinhCong/CongThuc
ERROR10:05:58 – Timeout expired.  The timeout period elapsed prior to completion of the operation or the server is not responding.
/controller=TinhCong/action=CongThuc
   at System.Data.SqlClient.SqlConnection.OnError(SqlException exception, Boolean breakConnection, Action`1 wrapCloseInAction)
   at System.Data.SqlClient.SqlInternalConnection.OnError(SqlException exception, Boolean breakConnection, Action`1 wrapCloseInAction)
   at System.Data.SqlClient.TdsParser.ThrowExceptionAndWarning(TdsParserStateObject stateObj, Boolean callerHasConnectionLock, Boolean asyncClose)
   at System.Data.SqlClient.TdsParser.TryRun(RunBehavior runBehavior, SqlCommand cmdHandler, SqlDataReader dataStream, BulkCopySimpleResultSet bulkCopyHandler, TdsParserStateObject stateObj, Boolean& dataReady)
   at System.Data.SqlClient.SqlDataReader.TryConsumeMetaData()
   at System.Data.SqlClient.SqlDataReader.get_MetaData()
   at System.Data.SqlClient.SqlCommand.FinishExecuteReader(SqlDataReader ds, RunBehavior runBehavior, String resetOptionsString)
   at System.Data.SqlClient.SqlCommand.RunExecuteReaderTds(CommandBehavior cmdBehavior, RunBehavior runBehavior, Boolean returnStream, Boolean async, Int32 timeout, Task& task, Boolean asyncWrite, SqlDataReader ds)
   at System.Data.SqlClient.SqlCommand.RunExecuteReader(CommandBehavior cmdBehavior, RunBehavior runBehavior, Boolean returnStream, String method, TaskCompletionSource`1 completion, Int32 timeout, Task& task, Boolean asyncWrite)
   at System.Data.SqlClient.SqlCommand.RunExecuteReader(CommandBehavior cmdBehavior, RunBehavior runBehavior, Boolean returnStream, String method)
   at System.Data.SqlClient.SqlCommand.ExecuteReader(CommandBehavior behavior, String method)
   at System.Data.SqlClient.SqlCommand.ExecuteReader()
   at HRM.Webpages.Helpers.DataTableExt.SqlQuery(Database db, String sql, Object[] parameters) in c:\Workspace\HRMApplication\HRMLibraries\Helpers\DataTable.cs:line 35
   at HRM.Webpages.Helpers.DataTableExt.SqlQuery(HRMDBEntities db, String sql, Object[] parameters) in c:\Workspace\HRMApplication\HRMLibraries\Helpers\DataTable.cs:line 20
   at ASP.TinhCong.dsNhanVien(HRMDBEntities db) in c:\Workspace\HRMApplication\WebApplication\App_Code\TinhCong.cshtml:line 16
   at ASP._Page_Views_TinhCong_CongThuc_cshtml.Execute() in c:\Workspace\HRMApplication\WebApplication\Views\TinhCong\CongThuc.cshtml:line 9
   at System.Web.WebPages.WebPageBase.ExecutePageHierarchy()
   at System.Web.Mvc.WebViewPage.ExecutePageHierarchy()
   at System.Web.WebPages.StartPage.RunPage()
   at System.Web.WebPages.StartPage.ExecutePageHierarchy()
   at System.Web.WebPages.WebPageBase.ExecutePageHierarchy(WebPageContext pageContext, TextWriter writer, WebPageRenderingBase startPage)
   at System.Web.Mvc.RazorView.RenderView(ViewContext viewContext, TextWriter writer, Object instance)
   at System.Web.Mvc.BuildManagerCompiledView.Render(ViewContext viewContext, TextWriter writer)
   at System.Web.Mvc.ViewResultBase.ExecuteResult(ControllerContext context)
   at System.Web.Mvc.ControllerActionInvoker.InvokeActionResult(ControllerContext controllerContext, ActionResult actionResult)
   at System.Web.Mvc.ControllerActionInvoker.<>c__DisplayClass1a.<InvokeActionResultWithFilters>b__17()
   at System.Web.Mvc.ControllerActionInvoker.InvokeActionResultFilter(IResultFilter filter, ResultExecutingContext preContext, Func`1 continuation)
   at System.Web.Mvc.ControllerActionInvoker.<>c__DisplayClass1a.<>c__DisplayClass1c.<InvokeActionResultWithFilters>b__19()
   at System.Web.Mvc.ControllerActionInvoker.InvokeActionResultFilter(IResultFilter filter, ResultExecutingContext preContext, Func`1 continuation)
   at System.Web.Mvc.ControllerActionInvoker.<>c__DisplayClass1a.<>c__DisplayClass1c.<InvokeActionResultWithFilters>b__19()
   at System.Web.Mvc.ControllerActionInvoker.InvokeActionResultFilter(IResultFilter filter, ResultExecutingContext preContext, Func`1 continuation)
   at System.Web.Mvc.ControllerActionInvoker.<>c__DisplayClass1a.<>c__DisplayClass1c.<InvokeActionResultWithFilters>b__19()
   at System.Web.Mvc.ControllerActionInvoker.InvokeActionResultWithFilters(ControllerContext controllerContext, IList`1 filters, ActionResult actionResult)
   at System.Web.Mvc.Async.AsyncControllerActionInvoker.<>c__DisplayClass25.<>c__DisplayClass2a.<BeginInvokeAction>b__20()
   at System.Web.Mvc.Async.AsyncControllerActionInvoker.<>c__DisplayClass25.<BeginInvokeAction>b__22(IAsyncResult asyncResult)
INFO 10:07:07 – TinhCong/CongThuc
ERROR10:07:37 – Timeout expired.  The timeout period elapsed prior to completion of the operation or the server is not responding.
/controller=TinhCong/action=CongThuc
   at System.Data.SqlClient.SqlConnection.OnError(SqlException exception, Boolean breakConnection, Action`1 wrapCloseInAction)
   at System.Data.SqlClient.SqlInternalConnection.OnError(SqlException exception, Boolean breakConnection, Action`1 wrapCloseInAction)
   at System.Data.SqlClient.TdsParser.ThrowExceptionAndWarning(TdsParserStateObject stateObj, Boolean callerHasConnectionLock, Boolean asyncClose)
   at System.Data.SqlClient.TdsParser.TryRun(RunBehavior runBehavior, SqlCommand cmdHandler, SqlDataReader dataStream, BulkCopySimpleResultSet bulkCopyHandler, TdsParserStateObject stateObj, Boolean& dataReady)
   at System.Data.SqlClient.SqlDataReader.TryConsumeMetaData()
   at System.Data.SqlClient.SqlDataReader.get_MetaData()
   at System.Data.SqlClient.SqlCommand.FinishExecuteReader(SqlDataReader ds, RunBehavior runBehavior, String resetOptionsString)
   at System.Data.SqlClient.SqlCommand.RunExecuteReaderTds(CommandBehavior cmdBehavior, RunBehavior runBehavior, Boolean returnStream, Boolean async, Int32 timeout, Task& task, Boolean asyncWrite, SqlDataReader ds)
   at System.Data.SqlClient.SqlCommand.RunExecuteReader(CommandBehavior cmdBehavior, RunBehavior runBehavior, Boolean returnStream, String method, TaskCompletionSource`1 completion, Int32 timeout, Task& task, Boolean asyncWrite)
   at System.Data.SqlClient.SqlCommand.RunExecuteReader(CommandBehavior cmdBehavior, RunBehavior runBehavior, Boolean returnStream, String method)
   at System.Data.SqlClient.SqlCommand.ExecuteReader(CommandBehavior behavior, String method)
   at System.Data.SqlClient.SqlCommand.ExecuteReader()
   at HRM.Webpages.Helpers.DataTableExt.SqlQuery(Database db, String sql, Object[] parameters) in c:\Workspace\HRMApplication\HRMLibraries\Helpers\DataTable.cs:line 35
   at HRM.Webpages.Helpers.DataTableExt.SqlQuery(HRMDBEntities db, String sql, Object[] parameters) in c:\Workspace\HRMApplication\HRMLibraries\Helpers\DataTable.cs:line 20
   at ASP.TinhCong.dsNhanVien(HRMDBEntities db) in c:\Workspace\HRMApplication\WebApplication\App_Code\TinhCong.cshtml:line 16
   at ASP._Page_Views_TinhCong_CongThuc_cshtml.Execute() in c:\Workspace\HRMApplication\WebApplication\Views\TinhCong\CongThuc.cshtml:line 9
   at System.Web.WebPages.WebPageBase.ExecutePageHierarchy()
   at System.Web.Mvc.WebViewPage.ExecutePageHierarchy()
   at System.Web.WebPages.StartPage.RunPage()
   at System.Web.WebPages.StartPage.ExecutePageHierarchy()
   at System.Web.WebPages.WebPageBase.ExecutePageHierarchy(WebPageContext pageContext, TextWriter writer, WebPageRenderingBase startPage)
   at System.Web.Mvc.RazorView.RenderView(ViewContext viewContext, TextWriter writer, Object instance)
   at System.Web.Mvc.BuildManagerCompiledView.Render(ViewContext viewContext, TextWriter writer)
   at System.Web.Mvc.ViewResultBase.ExecuteResult(ControllerContext context)
   at System.Web.Mvc.ControllerActionInvoker.InvokeActionResult(ControllerContext controllerContext, ActionResult actionResult)
   at System.Web.Mvc.ControllerActionInvoker.<>c__DisplayClass1a.<InvokeActionResultWithFilters>b__17()
   at System.Web.Mvc.ControllerActionInvoker.InvokeActionResultFilter(IResultFilter filter, ResultExecutingContext preContext, Func`1 continuation)
   at System.Web.Mvc.ControllerActionInvoker.<>c__DisplayClass1a.<>c__DisplayClass1c.<InvokeActionResultWithFilters>b__19()
   at System.Web.Mvc.ControllerActionInvoker.InvokeActionResultFilter(IResultFilter filter, ResultExecutingContext preContext, Func`1 continuation)
   at System.Web.Mvc.ControllerActionInvoker.<>c__DisplayClass1a.<>c__DisplayClass1c.<InvokeActionResultWithFilters>b__19()
   at System.Web.Mvc.ControllerActionInvoker.InvokeActionResultFilter(IResultFilter filter, ResultExecutingContext preContext, Func`1 continuation)
   at System.Web.Mvc.ControllerActionInvoker.<>c__DisplayClass1a.<>c__DisplayClass1c.<InvokeActionResultWithFilters>b__19()
   at System.Web.Mvc.ControllerActionInvoker.InvokeActionResultWithFilters(ControllerContext controllerContext, IList`1 filters, ActionResult actionResult)
   at System.Web.Mvc.Async.AsyncControllerActionInvoker.<>c__DisplayClass25.<>c__DisplayClass2a.<BeginInvokeAction>b__20()
   at System.Web.Mvc.Async.AsyncControllerActionInvoker.<>c__DisplayClass25.<BeginInvokeAction>b__22(IAsyncResult asyncResult)
INFO 10:07:37 – TinhCong/CongThuc
ERROR10:08:07 – Timeout expired.  The timeout period elapsed prior to completion of the operation or the server is not responding.
/controller=TinhCong/action=CongThuc
   at System.Data.SqlClient.SqlConnection.OnError(SqlException exception, Boolean breakConnection, Action`1 wrapCloseInAction)
   at System.Data.SqlClient.SqlInternalConnection.OnError(SqlException exception, Boolean breakConnection, Action`1 wrapCloseInAction)
   at System.Data.SqlClient.TdsParser.ThrowExceptionAndWarning(TdsParserStateObject stateObj, Boolean callerHasConnectionLock, Boolean asyncClose)
   at System.Data.SqlClient.TdsParser.TryRun(RunBehavior runBehavior, SqlCommand cmdHandler, SqlDataReader dataStream, BulkCopySimpleResultSet bulkCopyHandler, TdsParserStateObject stateObj, Boolean& dataReady)
   at System.Data.SqlClient.SqlDataReader.TryConsumeMetaData()
   at System.Data.SqlClient.SqlDataReader.get_MetaData()
   at System.Data.SqlClient.SqlCommand.FinishExecuteReader(SqlDataReader ds, RunBehavior runBehavior, String resetOptionsString)
   at System.Data.SqlClient.SqlCommand.RunExecuteReaderTds(CommandBehavior cmdBehavior, RunBehavior runBehavior, Boolean returnStream, Boolean async, Int32 timeout, Task& task, Boolean asyncWrite, SqlDataReader ds)
   at System.Data.SqlClient.SqlCommand.RunExecuteReader(CommandBehavior cmdBehavior, RunBehavior runBehavior, Boolean returnStream, String method, TaskCompletionSource`1 completion, Int32 timeout, Task& task, Boolean asyncWrite)
   at System.Data.SqlClient.SqlCommand.RunExecuteReader(CommandBehavior cmdBehavior, RunBehavior runBehavior, Boolean returnStream, String method)
   at System.Data.SqlClient.SqlCommand.ExecuteReader(CommandBehavior behavior, String method)
   at System.Data.SqlClient.SqlCommand.ExecuteReader()
   at HRM.Webpages.Helpers.DataTableExt.SqlQuery(Database db, String sql, Object[] parameters) in c:\Workspace\HRMApplication\HRMLibraries\Helpers\DataTable.cs:line 35
   at HRM.Webpages.Helpers.DataTableExt.SqlQuery(HRMDBEntities db, String sql, Object[] parameters) in c:\Workspace\HRMApplication\HRMLibraries\Helpers\DataTable.cs:line 20
   at ASP.TinhCong.dsNhanVien(HRMDBEntities db) in c:\Workspace\HRMApplication\WebApplication\App_Code\TinhCong.cshtml:line 16
   at ASP._Page_Views_TinhCong_CongThuc_cshtml.Execute() in c:\Workspace\HRMApplication\WebApplication\Views\TinhCong\CongThuc.cshtml:line 9
   at System.Web.WebPages.WebPageBase.ExecutePageHierarchy()
   at System.Web.Mvc.WebViewPage.ExecutePageHierarchy()
   at System.Web.WebPages.StartPage.RunPage()
   at System.Web.WebPages.StartPage.ExecutePageHierarchy()
   at System.Web.WebPages.WebPageBase.ExecutePageHierarchy(WebPageContext pageContext, TextWriter writer, WebPageRenderingBase startPage)
   at System.Web.Mvc.RazorView.RenderView(ViewContext viewContext, TextWriter writer, Object instance)
   at System.Web.Mvc.BuildManagerCompiledView.Render(ViewContext viewContext, TextWriter writer)
   at System.Web.Mvc.ViewResultBase.ExecuteResult(ControllerContext context)
   at System.Web.Mvc.ControllerActionInvoker.InvokeActionResult(ControllerContext controllerContext, ActionResult actionResult)
   at System.Web.Mvc.ControllerActionInvoker.<>c__DisplayClass1a.<InvokeActionResultWithFilters>b__17()
   at System.Web.Mvc.ControllerActionInvoker.InvokeActionResultFilter(IResultFilter filter, ResultExecutingContext preContext, Func`1 continuation)
   at System.Web.Mvc.ControllerActionInvoker.<>c__DisplayClass1a.<>c__DisplayClass1c.<InvokeActionResultWithFilters>b__19()
   at System.Web.Mvc.ControllerActionInvoker.InvokeActionResultFilter(IResultFilter filter, ResultExecutingContext preContext, Func`1 continuation)
   at System.Web.Mvc.ControllerActionInvoker.<>c__DisplayClass1a.<>c__DisplayClass1c.<InvokeActionResultWithFilters>b__19()
   at System.Web.Mvc.ControllerActionInvoker.InvokeActionResultFilter(IResultFilter filter, ResultExecutingContext preContext, Func`1 continuation)
   at System.Web.Mvc.ControllerActionInvoker.<>c__DisplayClass1a.<>c__DisplayClass1c.<InvokeActionResultWithFilters>b__19()
   at System.Web.Mvc.ControllerActionInvoker.InvokeActionResultWithFilters(ControllerContext controllerContext, IList`1 filters, ActionResult actionResult)
   at System.Web.Mvc.Async.AsyncControllerActionInvoker.<>c__DisplayClass25.<>c__DisplayClass2a.<BeginInvokeAction>b__20()
   at System.Web.Mvc.Async.AsyncControllerActionInvoker.<>c__DisplayClass25.<BeginInvokeAction>b__22(IAsyncResult asyncResult)
INFO 10:13:23 – TinhCong/CongThuc
INFO 10:13:24 – TinhCong/CongThuc
INFO 10:15:32 – TinhCong/CongThuc
INFO 10:15:46 – TinhCong/CongThuc
INFO 10:24:43 – TinhCong/CongThuc
INFO 10:24:47 – TinhCong/CongThuc
INFO 10:25:26 – TinhCong/CongThuc
INFO 10:25:33 – TinhCong/CongThuc
INFO 10:25:44 – TinhCong/CongThuc
INFO 10:26:07 – TinhCong/CongThuc
INFO 10:26:48 – TinhCong/CongThuc
INFO 10:26:50 – TinhCong/CongThuc
INFO 10:26:54 – TinhCong/CongThuc
INFO 10:27:34 – TinhCong/CongThuc
INFO 10:27:40 – TinhCong/CongThuc
INFO 10:28:03 – TinhCong/CongThuc
INFO 10:28:08 – TinhCong/CongThuc
INFO 10:29:16 – TinhCong/CongThuc
INFO 10:29:23 – TinhCong/CongThuc
INFO 10:29:38 – TinhCong/CongThuc
INFO 10:29:46 – TinhCong/CongThuc
INFO 10:30:12 – TinhCong/CongThuc
INFO 10:30:16 – TinhCong/CongThuc
INFO 10:30:38 – TinhCong/CongThuc
INFO 10:30:42 – Home/Index
INFO 10:30:43 – Login/Index
INFO 10:30:48 – Login/Index
INFO 10:30:48 – Home/Index
INFO 10:30:50 – TinhCong/CongThuc
INFO 10:30:55 – TinhCong/CongThuc
INFO 10:31:41 – TinhCong/CongThuc
INFO 10:31:51 – TinhCong/CongThuc
INFO 10:34:22 – TinhCong/CongThuc
INFO 10:34:29 – TinhCong/CongThuc
INFO 10:34:41 – TinhCong/CongThuc
INFO 10:34:48 – TinhCong/CongThuc
INFO 10:36:10 – TinhCong/Details&NV_id=656
INFO 10:42:16 – TinhCong/Details&NV_id=16
INFO 10:44:53 – TinhCong/Details&NV_id=16
INFO 11:08:58 – TinhCong/TuDien
INFO 11:12:01 – TinhCong/TuDien
INFO 11:12:43 – TinhCong/TuDien
INFO 11:13:11 – TinhCong/TuDien
INFO 11:13:55 – TinhCong/TuDien
INFO 11:14:31 – TinhCong/TuDien
INFO 11:14:58 – TinhCong/TuDien
INFO 11:20:27 – TinhCong/TuDien
INFO 11:20:48 – TinhCong/TuDien
INFO 11:21:45 – TinhCong/TuDien
INFO 11:22:13 – TinhCong/TuDien
INFO 11:22:16 – TinhCong/TuDien
INFO 11:22:17 – TinhCong/TuDien
INFO 11:22:50 – TinhCong/TuDien
INFO 11:22:53 – TinhCong/TuDien
INFO 11:22:57 – TinhCong/TuDien
INFO 11:23:42 – Home/Index
INFO 11:23:48 – Home/Index
INFO 11:23:52 – TinhCong/TuDien
INFO 11:25:58 – TinhCong/TuDien
INFO 11:26:04 – TinhCong/TuDien
INFO 11:26:08 – TinhCong/TuDien
ERROR11:26:09 – No mapping exists from object type <>f__AnonymousTypea`2[[System.Int32, mscorlib, Version=4.0.0.0, Culture=neutral, PublicKeyToken=b77a5c561934e089],[System.String, mscorlib, Version=4.0.0.0, Culture=neutral, PublicKeyToken=b77a5c561934e089]] to a known managed provider native type.
/controller=TinhCong/action=TuDien
/name=score/value=0.7/pk=8
   at System.Data.SqlClient.MetaType.GetMetaTypeFromValue(Type dataType, Object value, Boolean inferLen, Boolean streamAllowed)
   at System.Data.SqlClient.SqlParameter.GetMetaTypeOnly()
   at System.Data.SqlClient.SqlParameter.Validate(Int32 index, Boolean isCommandProc)
   at System.Data.SqlClient.SqlCommand.BuildParamList(TdsParser parser, SqlParameterCollection parameters)
   at System.Data.SqlClient.SqlCommand.BuildExecuteSql(CommandBehavior behavior, String commandText, SqlParameterCollection parameters, _SqlRPC& rpc)
   at System.Data.SqlClient.SqlCommand.RunExecuteReaderTds(CommandBehavior cmdBehavior, RunBehavior runBehavior, Boolean returnStream, Boolean async, Int32 timeout, Task& task, Boolean asyncWrite, SqlDataReader ds)
   at System.Data.SqlClient.SqlCommand.RunExecuteReader(CommandBehavior cmdBehavior, RunBehavior runBehavior, Boolean returnStream, String method, TaskCompletionSource`1 completion, Int32 timeout, Task& task, Boolean asyncWrite)
   at System.Data.SqlClient.SqlCommand.InternalExecuteNonQuery(TaskCompletionSource`1 completion, String methodName, Boolean sendToPipe, Int32 timeout, Boolean asyncWrite)
   at System.Data.SqlClient.SqlCommand.ExecuteNonQuery()
   at HRM.Webpages.Helpers.DataTableExt.SqlExecute(Database db, String query, Object[] parameters) in c:\Workspace\HRMApplication\HRMLibraries\Helpers\DataTable.cs:line 151
   at HRM.Webpages.Helpers.DataTableExt.SqlExecute(HRMDBEntities db, String query, Object[] parameters) in c:\Workspace\HRMApplication\HRMLibraries\Helpers\DataTable.cs:line 135
   at HRM.Webpages.Controllers.TinhCongController.TuDien(Int32 pk, String value) in c:\Workspace\HRMApplication\WebApplication\Controllers\TinhCongController.cs:line 64
   at lambda_method(Closure , ControllerBase , Object[] )
   at System.Web.Mvc.ActionMethodDispatcher.Execute(ControllerBase controller, Object[] parameters)
   at System.Web.Mvc.ReflectedActionDescriptor.Execute(ControllerContext controllerContext, IDictionary`2 parameters)
   at System.Web.Mvc.ControllerActionInvoker.InvokeActionMethod(ControllerContext controllerContext, ActionDescriptor actionDescriptor, IDictionary`2 parameters)
   at System.Web.Mvc.Async.AsyncControllerActionInvoker.<>c__DisplayClass42.<BeginInvokeSynchronousActionMethod>b__41()
   at System.Web.Mvc.Async.AsyncResultWrapper.<>c__DisplayClass8`1.<BeginSynchronous>b__7(IAsyncResult _)
   at System.Web.Mvc.Async.AsyncResultWrapper.WrappedAsyncResult`1.End()
   at System.Web.Mvc.Async.AsyncControllerActionInvoker.EndInvokeActionMethod(IAsyncResult asyncResult)
   at System.Web.Mvc.Async.AsyncControllerActionInvoker.<>c__DisplayClass37.<>c__DisplayClass39.<BeginInvokeActionMethodWithFilters>b__33()
   at System.Web.Mvc.Async.AsyncControllerActionInvoker.<>c__DisplayClass4f.<InvokeActionMethodFilterAsynchronously>b__49()
   at System.Web.Mvc.Async.AsyncControllerActionInvoker.<>c__DisplayClass4f.<InvokeActionMethodFilterAsynchronously>b__49()
   at System.Web.Mvc.Async.AsyncControllerActionInvoker.<>c__DisplayClass4f.<InvokeActionMethodFilterAsynchronously>b__49()
   at System.Web.Mvc.Async.AsyncControllerActionInvoker.<>c__DisplayClass37.<BeginInvokeActionMethodWithFilters>b__36(IAsyncResult asyncResult)
   at System.Web.Mvc.Async.AsyncResultWrapper.WrappedAsyncResult`1.End()
   at System.Web.Mvc.Async.AsyncControllerActionInvoker.EndInvokeActionMethodWithFilters(IAsyncResult asyncResult)
   at System.Web.Mvc.Async.AsyncControllerActionInvoker.<>c__DisplayClass25.<>c__DisplayClass2a.<BeginInvokeAction>b__20()
   at System.Web.Mvc.Async.AsyncControllerActionInvoker.<>c__DisplayClass25.<BeginInvokeAction>b__22(IAsyncResult asyncResult)
INFO 11:28:36 – TinhCong/TuDien
INFO 11:28:42 – TinhCong/TuDien
INFO 11:28:46 – TinhCong/TuDien
INFO 11:28:48 – TinhCong/TuDien
INFO 11:28:49 – TinhCong/TuDien
INFO 11:29:13 – Home/Index
INFO 11:29:18 – TinhCong/TuDien
INFO 11:30:00 – TinhCong/TuDien
INFO 11:30:00 – TinhCong/TuDien
INFO 11:30:07 – TinhCong/TuDien
INFO 11:30:09 – TinhCong/TuDien
INFO 11:30:11 – TinhCong/TuDien
INFO 11:30:12 – TinhCong/TuDien
INFO 11:30:14 – TinhCong/TuDien
INFO 11:30:38 – TinhCong/TuDien
ERROR11:30:38 – The view 'DT' or its master was not found or no view engine supports the searched locations. The following locations were searched:
~/Views/TinhCong/DT.aspx
~/Views/TinhCong/DT.ascx
~/Views/Shared/DT.aspx
~/Views/Shared/DT.ascx
~/Views/TinhCong/DT.cshtml
~/Views/TinhCong/DT.vbhtml
~/Views/Shared/DT.cshtml
~/Views/Shared/DT.vbhtml
/controller=TinhCong/action=TuDien
   at System.Web.Mvc.ViewResult.FindView(ControllerContext context)
   at System.Web.Mvc.ViewResultBase.ExecuteResult(ControllerContext context)
   at System.Web.Mvc.ControllerActionInvoker.InvokeActionResult(ControllerContext controllerContext, ActionResult actionResult)
   at System.Web.Mvc.ControllerActionInvoker.<>c__DisplayClass1a.<InvokeActionResultWithFilters>b__17()
   at System.Web.Mvc.ControllerActionInvoker.InvokeActionResultFilter(IResultFilter filter, ResultExecutingContext preContext, Func`1 continuation)
   at System.Web.Mvc.ControllerActionInvoker.<>c__DisplayClass1a.<>c__DisplayClass1c.<InvokeActionResultWithFilters>b__19()
   at System.Web.Mvc.ControllerActionInvoker.InvokeActionResultFilter(IResultFilter filter, ResultExecutingContext preContext, Func`1 continuation)
   at System.Web.Mvc.ControllerActionInvoker.<>c__DisplayClass1a.<>c__DisplayClass1c.<InvokeActionResultWithFilters>b__19()
   at System.Web.Mvc.ControllerActionInvoker.InvokeActionResultFilter(IResultFilter filter, ResultExecutingContext preContext, Func`1 continuation)
   at System.Web.Mvc.ControllerActionInvoker.<>c__DisplayClass1a.<>c__DisplayClass1c.<InvokeActionResultWithFilters>b__19()
   at System.Web.Mvc.ControllerActionInvoker.InvokeActionResultWithFilters(ControllerContext controllerContext, IList`1 filters, ActionResult actionResult)
   at System.Web.Mvc.Async.AsyncControllerActionInvoker.<>c__DisplayClass25.<>c__DisplayClass2a.<BeginInvokeAction>b__20()
   at System.Web.Mvc.Async.AsyncControllerActionInvoker.<>c__DisplayClass25.<BeginInvokeAction>b__22(IAsyncResult asyncResult)
INFO 11:30:49 – TinhCong/TuDien
ERROR11:30:56 – Object reference not set to an instance of an object.
/controller=TinhCong/action=TuDien
   at HRM.Webpages.Filters.LogAttribute.OnActionExecuting(ActionExecutingContext filterContext) in C:\Workspace\HRMApplication\WebApplication\Filters\LogAttribute.cs:line 17
   at System.Web.Mvc.Async.AsyncControllerActionInvoker.InvokeActionMethodFilterAsynchronously(IActionFilter filter, ActionExecutingContext preContext, Func`1 nextInChain)
   at System.Web.Mvc.Async.AsyncControllerActionInvoker.<>c__DisplayClass37.<>c__DisplayClass39.<>c__DisplayClass3b.<BeginInvokeActionMethodWithFilters>b__35()
   at System.Web.Mvc.Async.AsyncControllerActionInvoker.InvokeActionMethodFilterAsynchronously(IActionFilter filter, ActionExecutingContext preContext, Func`1 nextInChain)
   at System.Web.Mvc.Async.AsyncControllerActionInvoker.<>c__DisplayClass37.<>c__DisplayClass39.<>c__DisplayClass3b.<BeginInvokeActionMethodWithFilters>b__35()
   at System.Web.Mvc.Async.AsyncControllerActionInvoker.<>c__DisplayClass37.<BeginInvokeActionMethodWithFilters>b__31(AsyncCallback asyncCallback, Object asyncState)
   at System.Web.Mvc.Async.AsyncResultWrapper.WrappedAsyncResult`1.Begin(AsyncCallback callback, Object state, Int32 timeout)
   at System.Web.Mvc.Async.AsyncControllerActionInvoker.BeginInvokeActionMethodWithFilters(ControllerContext controllerContext, IList`1 filters, ActionDescriptor actionDescriptor, IDictionary`2 parameters, AsyncCallback callback, Object state)
   at System.Web.Mvc.Async.AsyncControllerActionInvoker.<>c__DisplayClass25.<BeginInvokeAction>b__1e(AsyncCallback asyncCallback, Object asyncState)
INFO 11:31:00 – TinhCong/TuDien
ERROR11:31:00 – The view 'DT' or its master was not found or no view engine supports the searched locations. The following locations were searched:
~/Views/TinhCong/DT.aspx
~/Views/TinhCong/DT.ascx
~/Views/Shared/DT.aspx
~/Views/Shared/DT.ascx
~/Views/TinhCong/DT.cshtml
~/Views/TinhCong/DT.vbhtml
~/Views/Shared/DT.cshtml
~/Views/Shared/DT.vbhtml
/controller=TinhCong/action=TuDien
   at System.Web.Mvc.ViewResult.FindView(ControllerContext context)
   at System.Web.Mvc.ViewResultBase.ExecuteResult(ControllerContext context)
   at System.Web.Mvc.ControllerActionInvoker.InvokeActionResult(ControllerContext controllerContext, ActionResult actionResult)
   at System.Web.Mvc.ControllerActionInvoker.<>c__DisplayClass1a.<InvokeActionResultWithFilters>b__17()
   at System.Web.Mvc.ControllerActionInvoker.InvokeActionResultFilter(IResultFilter filter, ResultExecutingContext preContext, Func`1 continuation)
   at System.Web.Mvc.ControllerActionInvoker.<>c__DisplayClass1a.<>c__DisplayClass1c.<InvokeActionResultWithFilters>b__19()
   at System.Web.Mvc.ControllerActionInvoker.InvokeActionResultFilter(IResultFilter filter, ResultExecutingContext preContext, Func`1 continuation)
   at System.Web.Mvc.ControllerActionInvoker.<>c__DisplayClass1a.<>c__DisplayClass1c.<InvokeActionResultWithFilters>b__19()
   at System.Web.Mvc.ControllerActionInvoker.InvokeActionResultFilter(IResultFilter filter, ResultExecutingContext preContext, Func`1 continuation)
   at System.Web.Mvc.ControllerActionInvoker.<>c__DisplayClass1a.<>c__DisplayClass1c.<InvokeActionResultWithFilters>b__19()
   at System.Web.Mvc.ControllerActionInvoker.InvokeActionResultWithFilters(ControllerContext controllerContext, IList`1 filters, ActionResult actionResult)
   at System.Web.Mvc.Async.AsyncControllerActionInvoker.<>c__DisplayClass25.<>c__DisplayClass2a.<BeginInvokeAction>b__20()
   at System.Web.Mvc.Async.AsyncControllerActionInvoker.<>c__DisplayClass25.<BeginInvokeAction>b__22(IAsyncResult asyncResult)
INFO 11:31:26 – TinhCong/TuDien
INFO 11:32:41 – TinhCong/TuDien
INFO 11:32:49 – TinhCong/TuDien
INFO 11:36:34 – TinhCong/TuDien
INFO 11:36:47 – TinhCong/TuDien
INFO 11:37:27 – TinhCong/TuDien
INFO 11:37:34 – TinhCong/TuDien
INFO 11:37:51 – TinhCong/TuDien
INFO 11:37:59 – TinhCong/TuDien
INFO 11:38:07 – TinhCong/TuDien
INFO 11:38:14 – TinhCong/TuDien
INFO 11:38:15 – TinhCong/TuDien
INFO 11:47:16 – TinhCong/Index
INFO 11:48:17 – TinhCong/Index
INFO 11:48:20 – TinhCong/TuDien
INFO 11:48:26 – TinhCong/TuDien
INFO 11:48:29 – TinhCong/TuDien
INFO 11:48:32 – TinhCong/CongThuc
INFO 11:48:43 – TinhCong/CongThuc
INFO 11:54:12 – TinhCong/Details&NV_id=16
INFO 11:54:59 – TinhCong/CongThuc
INFO 12:54:50 – TinhCong/Details&NV_id=47
INFO 01:00:27 – TinhCong/TuDien
INFO 02:32:13 – TinhCong/CongThuc
INFO 02:46:11 – TinhCong/Details&NV_id=16
INFO 02:48:51 – TinhCong/CongThuc
INFO 02:49:02 – TinhCong/Details&NV_id=666
INFO 02:51:20 – TinhCong/Details&NV_id=666
INFO 02:52:59 – TinhCong/Details&NV_id=666
INFO 02:54:48 – TinhCong/Details&NV_id=666
INFO 02:55:31 – TinhCong/Details&NV_id=666
INFO 02:56:41 – TinhCong/Details&NV_id=666
INFO 03:24:45 – TinhCong/TuDien
INFO 03:41:07 – TinhCong/TuDien
INFO 03:41:13 – TinhCong/TuDien
INFO 03:41:18 – TinhCong/TuDien
INFO 03:41:36 – TinhCong/Index
INFO 03:41:40 – TinhCong/TuDien
INFO 03:41:44 – TinhCong/TuDien
INFO 03:47:16 – TinhCong/Details&NV_id=666
INFO 03:48:51 – TinhCong/Details&NV_id=422
INFO 04:46:34 – TinhCong/Details&NV_id=3
INFO 04:47:05 – TinhCong/Details&NV_id=3
INFO 04:47:43 – TinhCong/Details&NV_id=3
INFO 04:48:26 – Home/Index
INFO 04:48:28 – Login/Index
INFO 04:48:39 – Login/Index
INFO 04:48:40 – Home/Index
INFO 04:48:49 – TinhCong/Index
INFO 04:48:58 – TinhCong/CongThuc
INFO 04:49:04 – TinhCong/Details&NV_id=3
INFO 04:51:16 – TinhCong/Details&NV_id=3
INFO 05:29:37 – Home/Index
INFO 05:29:40 – Login/Index
INFO 05:30:29 – Login/Index
INFO 05:30:29 – Home/Index
INFO 05:30:34 – TinhCong/Index
INFO 05:30:37 – TinhCong/CongThuc
INFO 05:30:44 – TinhCong/Details&NV_id=422
INFO 05:46:28 – TinhCong/Details&NV_id=7
INFO 06:03:31 – TinhCong/CongThuc
INFO 06:09:08 – TinhCong/Details&NV_id=422
INFO 06:10:02 – TinhCong/CongThuc
INFO 06:30:51 – TinhCong/Details&NV_id=11
INFO 06:32:45 – Home/Index
INFO 06:32:46 – Login/Index
INFO 06:32:53 – Login/Index
INFO 06:32:53 – Home/Index
INFO 06:33:06 – TinhCong/Details&NV_id=11
INFO 06:35:40 – TinhCong/Details&NV_id=11
INFO 06:36:58 – TinhCong/Details&NV_id=11
INFO 06:38:22 – TinhCong/Details&NV_id=11
INFO 06:38:30 – TinhCong/Details&NV_id=11
INFO 06:39:08 – Home/Index
INFO 06:39:10 – Login/Index
INFO 06:39:20 – Login/Index
INFO 06:39:20 – Home/Index
INFO 06:39:31 – TinhCong/Details&NV_id=11
INFO 06:42:56 – TinhCong/Details&NV_id=11
INFO 06:43:11 – TinhCong/Details&NV_id=18
INFO 07:03:46 – TinhCong/Details&NV_id=18
INFO 07:05:34 – TinhCong/Details&NV_id=18
INFO 07:05:57 – TinhCong/Details&NV_id=11
INFO 07:08:49 – TinhCong/Details&NV_id=96
INFO 07:10:20 – TinhCong/Details&NV_id=96
INFO 07:11:25 – TinhCong/Details&NV_id=96
INFO 07:13:34 – TinhCong/Details&NV_id=96
INFO 07:14:17 – TinhCong/Details&NV_id=102
INFO 07:18:15 – TinhCong/Details&NV_id=102
INFO 07:19:55 – TinhCong/Details&NV_id=102
INFO 07:20:52 – TinhCong/Details&NV_id=102
INFO 07:21:07 – TinhCong/Details&NV_id=109
INFO 07:21:38 – TinhCong/Details&NV_id=109
INFO 07:23:19 – TinhCong/Details&NV_id=109
INFO 07:23:39 – TinhCong/Details&NV_id=266
INFO 07:25:11 – TinhCong/Details&NV_id=266
INFO 07:25:33 – TinhCong/Details&NV_id=189
INFO 07:27:31 – TinhCong/Details&NV_id=189
INFO 07:28:07 – TinhCong/Details&NV_id=189
INFO 07:33:12 – TinhCong/Details&NV_id=526
INFO 07:36:20 – TinhCong/Details&NV_id=45
INFO 07:38:44 – TinhCong/Details&NV_id=45
INFO 07:42:32 – TinhCong/Details&NV_id=18
INFO 07:43:14 – TinhCong/Details&NV_id=113
INFO 07:45:18 – TinhCong/Details&NV_id=113
INFO 07:48:51 – TinhCong/Details&NV_id=26
INFO 07:50:15 – TinhCong/Details&NV_id=26
INFO 07:51:32 – TinhCong/Details&NV_id=26
INFO 07:52:56 – TinhCong/TuDien
INFO 07:55:52 – TinhCong/Details&NV_id=26
INFO 08:00:13 – TinhCong/Details&NV_id=26
INFO 08:00:48 – TinhCong/Details&NV_id=26
INFO 08:01:00 – TinhCong/Details&NV_id=26
INFO 08:02:26 – TinhCong/Details&NV_id=26
INFO 08:19:24 – TinhCong/Details&NV_id=47
INFO 08:27:07 – TinhCong/Details&NV_id=47
INFO 08:28:59 – TinhCong/Details&NV_id=47
INFO 08:30:14 – Home/Index
INFO 08:30:26 – TinhCong/Details&NV_id=47
INFO 08:34:10 – TinhCong/Details&NV_id=47
INFO 08:34:30 – TinhCong/Details&NV_id=47
INFO 08:34:44 – TinhCong/Details&NV_id=422
INFO 08:35:33 – TinhCong/Details&NV_id=422
INFO 08:36:32 – TinhCong/Details&NV_id=54
INFO 08:42:36 – TinhCong/Details&NV_id=54
INFO 08:46:10 – TinhCong/CongThuc
INFO 08:47:20 – TinhCong/CongThuc
INFO 08:47:23 – TinhCong/CongThuc
INFO 08:47:30 – TinhCong/CongThuc
