INFO 05:49:26 – Home/Index
INFO 05:49:29 – Login/Index
INFO 05:49:33 – Message/Partial
INFO 05:49:42 – Login/Index
INFO 05:49:42 – Home/Index
INFO 05:49:42 – Message/Partial
INFO 05:49:47 – HeSoLuong/Index
INFO 05:49:50 – Message/Partial
INFO 05:49:51 – HSNhanSu/Menu
INFO 05:49:54 – Message/Partial
INFO 05:50:38 – GiangVien/Index
INFO 05:50:44 – Message/Partial
INFO 05:51:15 – GiangVien/EditP&NV_id=109&CD_id=1
INFO 05:51:47 – GiaoSu/Index
INFO 05:51:48 – Message/Partial
INFO 05:58:22 – HeSoLuong/Index
INFO 05:58:23 – Message/Partial
INFO 05:59:34 – HeSoLuong/Index
INFO 05:59:35 – Message/Partial
INFO 05:59:43 – HeSoLuong/Index
INFO 05:59:44 – Message/Partial
INFO 06:03:18 – ThongKe/Index
INFO 06:03:21 – Message/Partial
INFO 06:03:31 – NganhGiangDay/List
INFO 06:03:32 – Message/Partial
INFO 06:03:45 – NganhGiangDay/Index&NV_id=57
INFO 06:03:45 – Message/Partial&NV_id=57
INFO 08:51:01 – Home/Index
INFO 08:51:01 – Message/Partial
INFO 08:51:07 – HSNhanSu/Menu
INFO 08:51:07 – Message/Partial
INFO 08:51:15 – GiaoSu/Index
INFO 08:51:15 – Message/Partial
INFO 08:52:45 – GiangVien/Index
INFO 08:52:45 – Message/Partial
INFO 08:53:06 – GiangVien/EditP
INFO 08:59:23 – HSNhanSu/Index
INFO 08:59:23 – NhanVien/IndexP
INFO 08:59:24 – Message/Partial
INFO 09:00:43 – GiangVien/Index
INFO 09:00:45 – Message/Partial
INFO 09:01:10 – GiangVien/Index
INFO 09:01:11 – Message/Partial
INFO 09:01:13 – GiangVien/EditP
INFO 09:01:16 – GiangVien/EditP
INFO 09:01:38 – GiangVien/Index
INFO 09:01:39 – Message/Partial
INFO 09:01:43 – GiangVien/EditP
INFO 09:01:47 – GiangVien/EditP
INFO 09:03:47 – GiangVien/Index
INFO 09:03:48 – Message/Partial
INFO 09:04:14 – GiangVien/EditP&id=7
INFO 09:04:17 – GiangVien/EditP&id=7
INFO 09:04:25 – GiangVien/EditP&NV_id=109&CD_id=3
INFO 09:06:34 – GiangVien/Index
INFO 09:06:34 – Message/Partial
