INFO 09:34:40 – Home/Index
INFO 09:34:40 – Login/Index
INFO 09:34:51 – Login/Index
INFO 09:34:51 – Home/Index
INFO 09:35:46 – HSNhanSu/Menu
INFO 09:35:57 – HSNhanSu/Index
INFO 09:35:57 – NhanVien/IndexP
INFO 09:36:01 – HSNhanSu/Details
INFO 09:36:05 – SoYeuLyLich/EditP
INFO 09:36:06 – TheDinhDanh/IndexP
INFO 09:37:46 – BangLuong/maNgach&idNgach=71
INFO 09:37:47 – BangLuong/idNhomNgach&idNgach=71
INFO 09:37:47 – BangLuong/dsBacLuong&idNhomNgach=26
INFO 10:30:55 – ThongKe/Index
INFO 10:31:04 – ThongKe/Bieu51
INFO 11:28:37 – HSNhanSu/Menu
INFO 11:29:40 – HSNhanSu/Index
INFO 11:29:40 – NhanVien/IndexP
INFO 11:29:48 – HSNhanSu/Details
INFO 11:29:48 – SoYeuLyLich/EditP
INFO 11:29:48 – TheDinhDanh/IndexP
INFO 11:29:51 – HSNhanSu/Details
INFO 11:29:51 – QTLamViecTruoc/IndexP
INFO 11:29:51 – QTLamViec/IndexP
INFO 11:29:52 – QTKiemNhiem/IndexP
INFO 11:31:49 – HSNhanSu/Index
INFO 11:31:50 – NhanVien/IndexP
INFO 11:31:57 – HSNhanSu/Details
INFO 11:31:59 – SoYeuLyLich/EditP
INFO 11:32:03 – TheDinhDanh/IndexP
INFO 11:32:08 – HSNhanSu/Details
INFO 11:32:08 – TTLienHe/EditP
INFO 11:32:09 – DiaChiNha/IndexP
INFO 11:32:13 – HSNhanSu/Details
INFO 11:32:13 – QHGiaDinh/IndexP
INFO 11:32:15 – HSNhanSu/Details
INFO 11:32:15 – nvBangCap/Index
INFO 11:32:17 – ChungChi/Index
INFO 11:32:41 – HSNhanSu/Details
INFO 11:32:41 – QTLamViec/EditP
INFO 11:32:50 – TTLienHe/Update&id=47&DonVi_id=3
INFO 11:32:50 – HSNhanSu/Details
INFO 11:32:50 – QTLamViec/EditP
INFO 11:32:59 – HSNhanSu/Details
INFO 11:32:59 – SoYeuLyLich/EditP
INFO 11:32:59 – TheDinhDanh/IndexP
INFO 11:33:52 – HSNhanSu/Details
INFO 11:33:52 – QTLamViec/EditP
INFO 11:34:33 – HSNhanSu/Details
INFO 11:34:33 – SoYeuLyLich/EditP
INFO 11:34:33 – TheDinhDanh/IndexP
INFO 11:34:49 – HSNhanSu/Details
INFO 11:34:49 – TTLienHe/EditP
INFO 11:34:49 – DiaChiNha/IndexP
INFO 11:34:59 – HSNhanSu/Details
INFO 11:34:59 – QTLamViec/EditP
INFO 11:35:34 – ThongKe/Index
INFO 11:35:42 – NganhGiangDay/List
INFO 11:36:08 – DuLieuGioGiang/Index
INFO 11:36:11 – DuLieuGioGiang/List
INFO 11:37:28 – ThongKe/CTDT
INFO 11:37:29 – ThongKe/NVDV
INFO 11:40:39 – DuLieuGioGiang/Index
INFO 11:51:16 – ThongKe/NVDV
