INFO 01:53:44 – Home/Index
INFO 01:53:44 – Login/Index
INFO 01:55:34 – Login/Index
INFO 01:55:34 – Home/Index
INFO 01:55:42 – HDNguoiLaoDong/Index
ERROR01:55:43 – The 'Donvi_id' property on 'hdChiTietHDLD' could not be set to a 'String' value. You must set this property to a non-null value of type 'Int32'. 
/controller=HDNguoiLaoDong/action=Index
   at System.Data.Common.Internal.Materialization.Shaper.ErrorHandlingValueReader`1.GetValue(DbDataReader reader, Int32 ordinal)
   at System.Data.Common.Internal.Materialization.Shaper.GetPropertyValueWithErrorHandling[TProperty](Int32 ordinal, String propertyName, String typeName)
   at lambda_method(Closure , Shaper )
   at System.Data.Common.Internal.Materialization.Shaper.HandleEntityAppendOnly[TEntity](Func`2 constructEntityDelegate, EntityKey entityKey, EntitySet entitySet)
   at lambda_method(Closure , Shaper )
   at System.Data.Common.Internal.Materialization.Coordinator`1.ReadNextElement(Shaper shaper)
   at System.Data.Common.Internal.Materialization.Shaper`1.SimpleEnumerator.MoveNext()
   at System.Data.Objects.DataClasses.RelatedEnd.Merge[TEntity](IEnumerable`1 collection, MergeOption mergeOption, Boolean setIsLoaded)
   at System.Data.Objects.DataClasses.EntityCollection`1.Load(List`1 collection, MergeOption mergeOption)
   at System.Data.Objects.DataClasses.EntityCollection`1.Load(MergeOption mergeOption)
   at System.Data.Objects.DataClasses.RelatedEnd.Load()
   at System.Data.Objects.DataClasses.RelatedEnd.DeferredLoad()
   at System.Data.Objects.Internal.LazyLoadBehavior.LoadProperty[TItem](TItem propertyValue, String relationshipName, String targetRoleName, Boolean mustBeNull, Object wrapperObject)
   at System.Data.Objects.Internal.LazyLoadBehavior.<>c__DisplayClass7`2.<GetInterceptorDelegate>b__1(TProxy proxy, TItem item)
   at System.Data.Entity.DynamicProxies.hdNLD_4B463862537F2C6FACDAB2A7C542488DF942D5F8B34CB77077D4210EB062E3E6.get_hdChiTietHDLDs()
   at HRM.HDLaoDong.Controllers.HDNguoiLaoDongController.Index() in C:\Workspace\HRMApplication\WebApplication\Areas\HDLaoDong\Controllers\HDNguoiLaoDongController.cs:line 24
   at lambda_method(Closure , ControllerBase , Object[] )
   at System.Web.Mvc.ActionMethodDispatcher.Execute(ControllerBase controller, Object[] parameters)
   at System.Web.Mvc.ReflectedActionDescriptor.Execute(ControllerContext controllerContext, IDictionary`2 parameters)
   at System.Web.Mvc.ControllerActionInvoker.InvokeActionMethod(ControllerContext controllerContext, ActionDescriptor actionDescriptor, IDictionary`2 parameters)
   at System.Web.Mvc.Async.AsyncControllerActionInvoker.<>c__DisplayClass42.<BeginInvokeSynchronousActionMethod>b__41()
   at System.Web.Mvc.Async.AsyncResultWrapper.<>c__DisplayClass8`1.<BeginSynchronous>b__7(IAsyncResult _)
   at System.Web.Mvc.Async.AsyncResultWrapper.WrappedAsyncResult`1.End()
   at System.Web.Mvc.Async.AsyncControllerActionInvoker.EndInvokeActionMethod(IAsyncResult asyncResult)
   at System.Web.Mvc.Async.AsyncControllerActionInvoker.<>c__DisplayClass37.<>c__DisplayClass39.<BeginInvokeActionMethodWithFilters>b__33()
   at System.Web.Mvc.Async.AsyncControllerActionInvoker.<>c__DisplayClass4f.<InvokeActionMethodFilterAsynchronously>b__49()
   at System.Web.Mvc.Async.AsyncControllerActionInvoker.<>c__DisplayClass4f.<InvokeActionMethodFilterAsynchronously>b__49()
   at System.Web.Mvc.Async.AsyncControllerActionInvoker.<>c__DisplayClass4f.<InvokeActionMethodFilterAsynchronously>b__49()
   at System.Web.Mvc.Async.AsyncControllerActionInvoker.<>c__DisplayClass37.<BeginInvokeActionMethodWithFilters>b__36(IAsyncResult asyncResult)
   at System.Web.Mvc.Async.AsyncResultWrapper.WrappedAsyncResult`1.End()
   at System.Web.Mvc.Async.AsyncControllerActionInvoker.EndInvokeActionMethodWithFilters(IAsyncResult asyncResult)
   at System.Web.Mvc.Async.AsyncControllerActionInvoker.<>c__DisplayClass25.<>c__DisplayClass2a.<BeginInvokeAction>b__20()
   at System.Web.Mvc.Async.AsyncControllerActionInvoker.<>c__DisplayClass25.<BeginInvokeAction>b__22(IAsyncResult asyncResult)
INFO 02:07:26 – Home/Index
INFO 02:07:26 – Login/Index
INFO 02:07:45 – Login/Index
INFO 02:07:45 – Home/Index
INFO 02:07:57 – HDNguoiLaoDong/Index
ERROR02:09:18 – The 'Donvi_id' property on 'hdChiTietHDLD' could not be set to a 'String' value. You must set this property to a non-null value of type 'Int32'. 
/controller=HDNguoiLaoDong/action=Index
   at System.Data.Common.Internal.Materialization.Shaper.ErrorHandlingValueReader`1.GetValue(DbDataReader reader, Int32 ordinal)
   at System.Data.Common.Internal.Materialization.Shaper.GetPropertyValueWithErrorHandling[TProperty](Int32 ordinal, String propertyName, String typeName)
   at lambda_method(Closure , Shaper )
   at System.Data.Common.Internal.Materialization.Shaper.HandleEntityAppendOnly[TEntity](Func`2 constructEntityDelegate, EntityKey entityKey, EntitySet entitySet)
   at lambda_method(Closure , Shaper )
   at System.Data.Common.Internal.Materialization.Coordinator`1.ReadNextElement(Shaper shaper)
   at System.Data.Common.Internal.Materialization.Shaper`1.SimpleEnumerator.MoveNext()
   at System.Data.Objects.DataClasses.RelatedEnd.Merge[TEntity](IEnumerable`1 collection, MergeOption mergeOption, Boolean setIsLoaded)
   at System.Data.Objects.DataClasses.EntityCollection`1.Load(List`1 collection, MergeOption mergeOption)
   at System.Data.Objects.DataClasses.EntityCollection`1.Load(MergeOption mergeOption)
   at System.Data.Objects.DataClasses.RelatedEnd.Load()
   at System.Data.Objects.DataClasses.RelatedEnd.DeferredLoad()
   at System.Data.Objects.Internal.LazyLoadBehavior.LoadProperty[TItem](TItem propertyValue, String relationshipName, String targetRoleName, Boolean mustBeNull, Object wrapperObject)
   at System.Data.Objects.Internal.LazyLoadBehavior.<>c__DisplayClass7`2.<GetInterceptorDelegate>b__1(TProxy proxy, TItem item)
   at System.Data.Entity.DynamicProxies.hdNLD_4B463862537F2C6FACDAB2A7C542488DF942D5F8B34CB77077D4210EB062E3E6.get_hdChiTietHDLDs()
   at HRM.HDLaoDong.Controllers.HDNguoiLaoDongController.Index() in C:\Workspace\HRMApplication\WebApplication\Areas\HDLaoDong\Controllers\HDNguoiLaoDongController.cs:line 24
   at lambda_method(Closure , ControllerBase , Object[] )
   at System.Web.Mvc.ActionMethodDispatcher.Execute(ControllerBase controller, Object[] parameters)
   at System.Web.Mvc.ReflectedActionDescriptor.Execute(ControllerContext controllerContext, IDictionary`2 parameters)
   at System.Web.Mvc.ControllerActionInvoker.InvokeActionMethod(ControllerContext controllerContext, ActionDescriptor actionDescriptor, IDictionary`2 parameters)
   at System.Web.Mvc.Async.AsyncControllerActionInvoker.<>c__DisplayClass42.<BeginInvokeSynchronousActionMethod>b__41()
   at System.Web.Mvc.Async.AsyncResultWrapper.<>c__DisplayClass8`1.<BeginSynchronous>b__7(IAsyncResult _)
   at System.Web.Mvc.Async.AsyncResultWrapper.WrappedAsyncResult`1.End()
   at System.Web.Mvc.Async.AsyncControllerActionInvoker.EndInvokeActionMethod(IAsyncResult asyncResult)
   at System.Web.Mvc.Async.AsyncControllerActionInvoker.<>c__DisplayClass37.<>c__DisplayClass39.<BeginInvokeActionMethodWithFilters>b__33()
   at System.Web.Mvc.Async.AsyncControllerActionInvoker.<>c__DisplayClass4f.<InvokeActionMethodFilterAsynchronously>b__49()
   at System.Web.Mvc.Async.AsyncControllerActionInvoker.<>c__DisplayClass4f.<InvokeActionMethodFilterAsynchronously>b__49()
   at System.Web.Mvc.Async.AsyncControllerActionInvoker.<>c__DisplayClass4f.<InvokeActionMethodFilterAsynchronously>b__49()
   at System.Web.Mvc.Async.AsyncControllerActionInvoker.<>c__DisplayClass37.<BeginInvokeActionMethodWithFilters>b__36(IAsyncResult asyncResult)
   at System.Web.Mvc.Async.AsyncResultWrapper.WrappedAsyncResult`1.End()
   at System.Web.Mvc.Async.AsyncControllerActionInvoker.EndInvokeActionMethodWithFilters(IAsyncResult asyncResult)
   at System.Web.Mvc.Async.AsyncControllerActionInvoker.<>c__DisplayClass25.<>c__DisplayClass2a.<BeginInvokeAction>b__20()
   at System.Web.Mvc.Async.AsyncControllerActionInvoker.<>c__DisplayClass25.<BeginInvokeAction>b__22(IAsyncResult asyncResult)
