INFO 09:21:57 – Home/Index
INFO 09:21:59 – Login/Index
INFO 09:22:08 – Login/Index
INFO 09:22:08 – Home/Index
INFO 09:22:13 – TinhCong/Index
INFO 09:22:17 – TinhCong/CongThuc
INFO 09:22:25 – TinhCong/Details&NV_id=112
INFO 09:32:12 – TinhCong/Details&NV_id=229
INFO 09:33:50 – TinhCong/Details&NV_id=186
INFO 09:34:57 – TinhCong/TuDien
INFO 09:35:10 – TinhCong/Details&NV_id=627
INFO 09:35:34 – TinhCong/Details&NV_id=275
INFO 09:36:11 – TinhCong/Details&NV_id=595
INFO 09:36:43 – TinhCong/Details&NV_id=132
INFO 09:37:04 – TinhCong/Details&NV_id=62
INFO 09:37:28 – TinhCong/Details&NV_id=96
INFO 09:37:51 – TinhCong/Details&NV_id=77
INFO 09:38:27 – TinhCong/Details&NV_id=275
INFO 09:38:37 – TinhCong/Details&NV_id=92
INFO 09:38:56 – TinhCong/Details&NV_id=93
INFO 09:39:01 – TinhCong/Details&NV_id=173
INFO 09:39:23 – TinhCong/Details&NV_id=639
INFO 09:39:30 – TinhCong/Details&NV_id=171
INFO 09:42:15 – TinhCong/Details&NV_id=234
INFO 09:45:09 – TinhCong/Details&NV_id=234
INFO 09:45:31 – TinhCong/Details&NV_id=3
INFO 09:46:57 – TinhCong/Details&NV_id=3
INFO 09:47:44 – TinhCong/Details&NV_id=3
INFO 09:47:57 – TinhCong/Details&NV_id=423
INFO 09:48:32 – TinhCong/Details&NV_id=423
INFO 09:48:49 – TinhCong/Details&NV_id=252
INFO 09:49:17 – TinhCong/Details&NV_id=252
INFO 09:49:26 – TinhCong/Details&NV_id=45
INFO 09:49:45 – TinhCong/Details&NV_id=45
INFO 09:49:58 – TinhCong/Details&NV_id=544
INFO 09:50:23 – TinhCong/Details&NV_id=544
INFO 09:50:36 – TinhCong/Details&NV_id=486
INFO 09:50:57 – TinhCong/Details&NV_id=486
INFO 09:51:06 – TinhCong/Details&NV_id=369
INFO 09:51:27 – TinhCong/Details&NV_id=369
INFO 09:51:40 – TinhCong/Details&NV_id=649
INFO 09:52:08 – TinhCong/Details&NV_id=649
INFO 09:52:16 – TinhCong/Details&NV_id=368
INFO 09:52:38 – TinhCong/Details&NV_id=368
INFO 09:52:56 – TinhCong/Details&NV_id=227
INFO 09:53:26 – TinhCong/Details&NV_id=214
INFO 09:54:23 – TinhCong/Details&NV_id=214
INFO 09:54:41 – TinhCong/Details&NV_id=454
INFO 09:55:05 – TinhCong/Details&NV_id=454
INFO 09:55:29 – TinhCong/Details&NV_id=215
INFO 09:55:52 – TinhCong/Details&NV_id=215
INFO 09:56:05 – TinhCong/Details&NV_id=479
INFO 09:56:25 – TinhCong/Details&NV_id=479
INFO 09:56:41 – TinhCong/Details&NV_id=340
INFO 09:57:08 – TinhCong/Details&NV_id=340
INFO 09:57:36 – TinhCong/CongThuc
INFO 09:59:05 – TinhCong/CongThuc
INFO 10:00:59 – TinhCong/CongThuc
INFO 10:02:24 – TinhCong/CongThuc
INFO 10:15:26 – TinhCong/Details&NV_id=422
INFO 02:22:32 – Home/Index
INFO 02:22:33 – Login/Index
INFO 02:22:43 – Login/Index
INFO 02:22:43 – Home/Index
INFO 02:22:48 – TinhCong/Index
INFO 02:22:50 – TinhCong/CongThuc
INFO 02:23:22 – TinhCong/Details&NV_id=16
INFO 02:25:04 – TinhCong/Details&NV_id=47
INFO 02:44:27 – TinhCong/Details&NV_id=34
INFO 02:50:19 – TinhCong/Details&NV_id=60
INFO 02:55:20 – TinhCong/TuDien
INFO 02:56:11 – TinhCong/Details&NV_id=24
INFO 02:56:38 – TinhCong/Details&NV_id=16
INFO 02:56:47 – TinhCong/Details&NV_id=16
INFO 02:57:46 – TinhCong/Details&NV_id=34
INFO 02:59:32 – TinhCong/Details&NV_id=60
INFO 02:59:46 – TinhCong/TuDien
INFO 03:05:16 – TinhCong/Details&NV_id=34
INFO 03:09:56 – TinhCong/CongThuc
INFO 03:12:07 – TinhCong/CongThuc
INFO 03:12:19 – TinhCong/CongThuc
INFO 03:13:49 – TinhCong/Details&NV_id=34
INFO 03:14:33 – TinhCong/Details&NV_id=34
INFO 03:15:49 – TinhCong/Details&NV_id=34
INFO 03:19:41 – TinhCong/Details&NV_id=34
INFO 03:40:14 – TinhCong/TuDien
INFO 03:42:39 – TinhCong/Details&NV_id=139
INFO 03:46:02 – TinhCong/Details&NV_id=104
INFO 03:47:00 – TinhCong/Details&NV_id=111
INFO 03:55:11 – TinhCong/Details&NV_id=286
INFO 03:57:57 – TinhCong/Details&NV_id=34
INFO 04:01:25 – TinhCong/Details&NV_id=34
INFO 04:01:35 – TinhCong/Details&NV_id=60
INFO 10:30:48 – TinhCong/TuDien
INFO 10:31:05 – TinhCong/TuDien
INFO 10:31:13 – TinhCong/TuDien
INFO 10:31:15 – TinhCong/TuDien
INFO 10:32:05 – TinhCong/TuDien
INFO 10:32:09 – TinhCong/TuDien
INFO 10:32:24 – TinhCong/TuDien
INFO 10:32:35 – TinhCong/TuDien
INFO 10:33:05 – TinhCong/TuDien
INFO 10:33:22 – TinhCong/TuDien
INFO 10:33:23 – TinhCong/TuDien
INFO 10:35:20 – TinhCong/TuDien
INFO 10:38:29 – TinhCong/CongThuc
INFO 10:38:42 – TinhCong/Details&NV_id=158
INFO 11:00:39 – TinhCong/Details&NV_id=47
INFO 11:04:11 – TinhCong/Details&NV_id=47
INFO 11:06:49 – TinhCong/Details&NV_id=47
INFO 11:10:02 – TinhCong/Details&NV_id=56
INFO 11:12:40 – TinhCong/Details&NV_id=47
INFO 11:17:13 – TinhCong/Details&NV_id=47
INFO 11:18:11 – TinhCong/Details&NV_id=698
INFO 11:18:32 – TinhCong/Details&NV_id=3
INFO 11:20:46 – TinhCong/CongThuc
INFO 11:24:44 – TinhCong/CongThuc
INFO 11:25:43 – TinhCong/CongThuc
INFO 11:27:10 – TinhCong/CongThuc
INFO 11:29:16 – TinhCong/CongThuc
INFO 11:30:00 – TinhCong/CongThuc
INFO 11:33:42 – TinhCong/CongThuc
INFO 11:34:22 – TinhCong/CongThuc
INFO 11:34:51 – TinhCong/CongThuc
INFO 11:38:11 – TinhCong/CongThuc
INFO 11:49:58 – TinhCong/CongThuc
INFO 11:50:48 – TinhCong/CongThuc
INFO 11:51:20 – TinhCong/CongThuc
INFO 11:53:34 – TinhCong/CongThuc
INFO 11:55:04 – Home/Index
INFO 11:55:05 – Login/Index
INFO 11:55:13 – Login/Index
INFO 11:55:13 – Home/Index
INFO 11:55:17 – TinhCong/CongThuc
INFO 11:56:37 – TinhCong/CongThuc
INFO 11:58:46 – TinhCong/CongThuc
INFO 11:59:22 – TinhCong/CongThuc
