INFO 10:51:30 – Home/Index
INFO 10:51:31 – Login/Index
INFO 10:51:36 – Message/Partial
INFO 10:51:43 – Login/Index
INFO 10:51:44 – Home/Index
INFO 10:51:44 – Message/Partial
INFO 10:52:49 – TinhCong/Index
INFO 10:52:51 – Message/Partial
INFO 10:53:07 – HSNhanSu/Index
INFO 10:53:08 – NhanVien/IndexP
INFO 10:53:10 – Message/Partial
INFO 11:04:21 – Home/Index
INFO 11:04:25 – Message/Partial
INFO 11:04:33 – Manage/Index
INFO 11:04:35 – Message/Partial
INFO 11:04:38 – Manage/Index
INFO 11:04:38 – Message/Partial
INFO 11:04:39 – Manage/ListPermissions&sidx=
INFO 11:04:39 – Permission/Roles&sidx=
INFO 11:04:39 – Permission/Actions&sidx=
INFO 11:04:45 – HDNguoiLaoDong/Index
INFO 11:05:01 – DanhMuc/List
INFO 11:05:01 – Message/Partial
INFO 11:05:04 – Message/Partial
INFO 11:05:08 – DanhMuc/Index
INFO 11:06:00 – ThongKe/Index
INFO 11:06:03 – Message/Partial
