INFO 10:55:57 – Home/Index
INFO 10:55:57 – Login/Index
INFO 10:56:01 – Message/Partial
INFO 10:56:11 – Login/Index
INFO 10:56:12 – Home/Index
INFO 10:56:12 – Message/Partial
INFO 10:56:15 – HeSoLuong/Index
INFO 10:56:16 – Message/Partial
INFO 10:56:23 – HeSoLuong/Index
INFO 10:56:24 – Message/Partial
INFO 10:56:39 – HeSoLuong/Index
INFO 10:56:39 – Message/Partial
INFO 10:57:17 – HeSoLuong/Index
INFO 10:57:17 – Message/Partial
INFO 10:57:41 – HeSoLuong/Upgrade&HSL_id=,,,,,,,,,
INFO 10:57:41 – QLHoSoHSL/Index
INFO 10:57:42 – Message/Partial
INFO 10:58:49 – HeSoLuong/Index
INFO 10:58:49 – Message/Partial
INFO 10:59:06 – HeSoLuong/Index
INFO 10:59:06 – Message/Partial
INFO 10:59:08 – HeSoLuong/Index
INFO 10:59:08 – Message/Partial
INFO 10:59:13 – HeSoLuong/Index
INFO 10:59:13 – Message/Partial
