INFO 10:08:40 – Home/Index
INFO 10:08:43 – Message/Partial
INFO 10:08:47 – HeSoLuong/Index
INFO 10:08:47 – Message/Partial
INFO 10:09:57 – HeSoLuong/Upgrade&HSL_id=,,,,,,,,,
INFO 10:09:57 – QLHoSoHSL/Index
INFO 10:09:58 – Message/Partial
INFO 10:10:44 – HeSoLuong/Index
INFO 10:10:45 – Message/Partial
INFO 10:11:06 – HeSoLuong/Index
INFO 10:11:07 – Message/Partial
INFO 10:11:13 – HeSoLuong/Index
INFO 10:11:14 – Message/Partial
INFO 10:11:31 – HeSoLuong/Index
INFO 10:11:32 – Message/Partial
INFO 10:11:39 – HeSoLuong/Index
INFO 10:11:40 – Message/Partial
INFO 10:12:07 – HeSoLuong/Index
INFO 10:12:08 – Message/Partial
INFO 10:12:35 – HeSoLuong/Index
INFO 10:12:35 – Message/Partial
INFO 10:12:45 – HeSoLuong/Index
INFO 10:12:46 – Message/Partial
INFO 10:13:15 – HeSoLuong/Index
INFO 10:13:16 – Message/Partial
INFO 10:13:26 – HeSoLuong/Index
INFO 10:13:26 – Message/Partial
INFO 10:13:34 – HeSoLuong/Index
INFO 10:13:34 – Message/Partial
INFO 10:15:05 – HeSoLuong/Index
INFO 10:15:06 – Message/Partial
INFO 10:16:55 – HeSoLuong/Index
INFO 10:16:56 – Message/Partial
INFO 10:18:01 – HeSoLuong/Index
INFO 10:18:02 – Message/Partial
INFO 10:18:09 – HeSoLuong/Index
INFO 10:18:09 – Message/Partial
INFO 10:18:14 – HeSoLuong/Index
INFO 10:18:14 – Message/Partial
INFO 10:18:51 – HeSoLuong/Index
INFO 10:18:52 – Message/Partial
INFO 10:20:58 – HeSoLuong/Index
INFO 10:20:58 – Message/Partial
INFO 10:21:11 – HeSoLuong/Index
INFO 10:21:12 – Message/Partial
INFO 10:21:16 – HeSoLuong/Index
INFO 10:21:16 – Message/Partial
INFO 10:21:22 – HeSoLuong/Index
INFO 10:21:22 – Message/Partial
INFO 10:21:29 – HeSoLuong/Index
INFO 10:21:29 – Message/Partial
INFO 10:21:32 – HeSoLuong/Index
INFO 10:21:32 – Message/Partial
INFO 10:21:41 – HeSoLuong/Index
INFO 10:21:41 – Message/Partial
INFO 10:21:49 – Home/Index
INFO 10:21:49 – Message/Partial
INFO 10:23:19 – HeSoLuong/Index
INFO 10:23:19 – Message/Partial
INFO 10:23:33 – HSNhanSu/Menu
INFO 10:23:33 – Message/Partial
INFO 10:23:38 – HSNhanSu/Index
INFO 10:23:38 – NhanVien/IndexP
INFO 10:23:38 – Message/Partial
INFO 10:23:43 – HSNhanSu/Details
INFO 10:23:47 – SoYeuLyLich/EditP
INFO 10:23:49 – TheDinhDanh/IndexP
INFO 10:23:50 – Message/Partial
INFO 10:24:28 – HSNhanSu/Index
INFO 10:24:28 – NhanVien/IndexP
INFO 10:24:29 – Message/Partial
INFO 10:24:34 – HSNhanSu/Details
INFO 10:24:34 – SoYeuLyLich/EditP
INFO 10:24:34 – TheDinhDanh/IndexP
INFO 10:24:34 – Message/Partial
INFO 10:24:38 – HSNhanSu/Details
INFO 10:24:39 – SoYeuLyLich/EditP
INFO 10:24:39 – TheDinhDanh/IndexP
INFO 10:24:39 – Message/Partial
INFO 10:24:52 – HSNhanSu/Details
INFO 10:24:52 – QTLamViecTruoc/IndexP
INFO 10:24:53 – QTLamViec/IndexP
INFO 10:24:54 – QTKiemNhiem/IndexP
INFO 10:24:55 – Message/Partial
INFO 10:25:19 – HSNhanSu/Details
INFO 10:25:19 – SoYeuLyLich/EditP
INFO 10:25:19 – TheDinhDanh/IndexP
INFO 10:25:19 – Message/Partial
INFO 10:25:27 – SoYeuLyLich/Update&id=193&nid=656&GioiTinh_id=&NoiSinh_TinhThanh_id=&NoiSinh_QuanHuyen_id=&NoiSinh_PhuongXa_id=&QueQuan_TinhThanh_id=&QueQuan_QuanHuyen_id=&QueQuan_PhuongXa_id=&DanToc_id=&TonGiao_id=&QuocTich_id=&ChungMinhNhanDan_id=&HoKhauThuongTru_id=&NoiOHienNay_id=&NgachVienChuc_id=&BacLuong_id=&TrinhDoHocVan_id=&LyLuanChinhTri_id=&TrinhDoNgoaiNgu_id=&TrinhDoTinHoc_id=&QuanHamCaoNhat_id=&DanhHieuCaoNhat_id=&LaThuongBinhHang_id=&GiaDinhChinhSach_id=
INFO 10:25:27 – HSNhanSu/Details
INFO 10:25:27 – SoYeuLyLich/EditP
INFO 10:25:27 – TheDinhDanh/IndexP
INFO 10:25:27 – Message/Partial
INFO 10:25:55 – SoYeuLyLich/Update&id=193&nid=656&GioiTinh_id=&NoiSinh_TinhThanh_id=&NoiSinh_QuanHuyen_id=&NoiSinh_PhuongXa_id=&QueQuan_TinhThanh_id=&QueQuan_QuanHuyen_id=&QueQuan_PhuongXa_id=&DanToc_id=&TonGiao_id=&QuocTich_id=&ChungMinhNhanDan_id=&HoKhauThuongTru_id=&NoiOHienNay_id=&NgachVienChuc_id=&BacLuong_id=&TrinhDoHocVan_id=&LyLuanChinhTri_id=&TrinhDoNgoaiNgu_id=&TrinhDoTinHoc_id=&QuanHamCaoNhat_id=&DanhHieuCaoNhat_id=&LaThuongBinhHang_id=&GiaDinhChinhSach_id=
INFO 10:25:55 – HSNhanSu/Details
INFO 10:25:55 – SoYeuLyLich/EditP
INFO 10:25:56 – TheDinhDanh/IndexP
INFO 10:25:56 – Message/Partial
INFO 10:25:59 – HeSoLuong/Index
INFO 10:26:00 – Message/Partial
INFO 10:31:35 – HeSoLuong/Index
INFO 10:31:40 – Message/Partial
INFO 10:37:35 – HeSoLuong/Index
ERROR10:37:36 – Invalid column name 'maChucDanh'.
Invalid column name 'tenChucDanh'.
/controller=HeSoLuong/action=Index
   at System.Data.SqlClient.SqlConnection.OnError(SqlException exception, Boolean breakConnection, Action`1 wrapCloseInAction)
   at System.Data.SqlClient.SqlInternalConnection.OnError(SqlException exception, Boolean breakConnection, Action`1 wrapCloseInAction)
   at System.Data.SqlClient.TdsParser.ThrowExceptionAndWarning(TdsParserStateObject stateObj, Boolean callerHasConnectionLock, Boolean asyncClose)
   at System.Data.SqlClient.TdsParser.TryRun(RunBehavior runBehavior, SqlCommand cmdHandler, SqlDataReader dataStream, BulkCopySimpleResultSet bulkCopyHandler, TdsParserStateObject stateObj, Boolean& dataReady)
   at System.Data.SqlClient.SqlDataReader.TryConsumeMetaData()
   at System.Data.SqlClient.SqlDataReader.get_MetaData()
   at System.Data.SqlClient.SqlCommand.FinishExecuteReader(SqlDataReader ds, RunBehavior runBehavior, String resetOptionsString)
   at System.Data.SqlClient.SqlCommand.RunExecuteReaderTds(CommandBehavior cmdBehavior, RunBehavior runBehavior, Boolean returnStream, Boolean async, Int32 timeout, Task& task, Boolean asyncWrite, SqlDataReader ds)
   at System.Data.SqlClient.SqlCommand.RunExecuteReader(CommandBehavior cmdBehavior, RunBehavior runBehavior, Boolean returnStream, String method, TaskCompletionSource`1 completion, Int32 timeout, Task& task, Boolean asyncWrite)
   at System.Data.SqlClient.SqlCommand.RunExecuteReader(CommandBehavior cmdBehavior, RunBehavior runBehavior, Boolean returnStream, String method)
   at System.Data.SqlClient.SqlCommand.ExecuteReader(CommandBehavior behavior, String method)
   at System.Data.SqlClient.SqlCommand.ExecuteReader()
   at HRM.Webpages.Helpers.DataTableExt.SqlQuery(Database db, String sql, Object[] parameters) in c:\Workspace\HRMApplication\HRMLibraries\Helpers\DataTable.cs:line 35
   at HRM.Webpages.Helpers.DataTableExt.SqlQuery(HRMDBEntities db, String sql, Object[] parameters) in c:\Workspace\HRMApplication\HRMLibraries\Helpers\DataTable.cs:line 20
   at ASP._Page_Areas_QLTinhLuong_Views_HeSoLuong_Index_cshtml.Execute() in c:\Workspace\HRMApplication\WebApplication\Areas\QLTinhLuong\Views\HeSoLuong\Index.cshtml:line 29
   at System.Web.WebPages.WebPageBase.ExecutePageHierarchy()
   at System.Web.Mvc.WebViewPage.ExecutePageHierarchy()
   at System.Web.WebPages.StartPage.RunPage()
   at System.Web.WebPages.StartPage.ExecutePageHierarchy()
   at System.Web.WebPages.WebPageBase.ExecutePageHierarchy(WebPageContext pageContext, TextWriter writer, WebPageRenderingBase startPage)
   at System.Web.Mvc.RazorView.RenderView(ViewContext viewContext, TextWriter writer, Object instance)
   at System.Web.Mvc.BuildManagerCompiledView.Render(ViewContext viewContext, TextWriter writer)
   at System.Web.Mvc.ViewResultBase.ExecuteResult(ControllerContext context)
   at System.Web.Mvc.ControllerActionInvoker.InvokeActionResult(ControllerContext controllerContext, ActionResult actionResult)
   at System.Web.Mvc.ControllerActionInvoker.<>c__DisplayClass1a.<InvokeActionResultWithFilters>b__17()
   at System.Web.Mvc.ControllerActionInvoker.InvokeActionResultFilter(IResultFilter filter, ResultExecutingContext preContext, Func`1 continuation)
   at System.Web.Mvc.ControllerActionInvoker.<>c__DisplayClass1a.<>c__DisplayClass1c.<InvokeActionResultWithFilters>b__19()
   at System.Web.Mvc.ControllerActionInvoker.InvokeActionResultFilter(IResultFilter filter, ResultExecutingContext preContext, Func`1 continuation)
   at System.Web.Mvc.ControllerActionInvoker.<>c__DisplayClass1a.<>c__DisplayClass1c.<InvokeActionResultWithFilters>b__19()
   at System.Web.Mvc.ControllerActionInvoker.InvokeActionResultFilter(IResultFilter filter, ResultExecutingContext preContext, Func`1 continuation)
   at System.Web.Mvc.ControllerActionInvoker.<>c__DisplayClass1a.<>c__DisplayClass1c.<InvokeActionResultWithFilters>b__19()
   at System.Web.Mvc.ControllerActionInvoker.InvokeActionResultWithFilters(ControllerContext controllerContext, IList`1 filters, ActionResult actionResult)
   at System.Web.Mvc.Async.AsyncControllerActionInvoker.<>c__DisplayClass25.<>c__DisplayClass2a.<BeginInvokeAction>b__20()
   at System.Web.Mvc.Async.AsyncControllerActionInvoker.<>c__DisplayClass25.<BeginInvokeAction>b__22(IAsyncResult asyncResult)
INFO 10:38:19 – HeSoLuong/Index
INFO 10:38:21 – Message/Partial
INFO 10:39:34 – HeSoLuong/Index
INFO 10:39:35 – Message/Partial
INFO 10:46:08 – HeSoLuong/Index
INFO 10:46:08 – Message/Partial
INFO 10:46:14 – HeSoLuong/Details&NV_id=127
INFO 10:46:20 – Message/Partial&NV_id=127
INFO 10:46:38 – HeSoLuong/EditP&id=1618
INFO 10:46:53 – GiuBacLuong/EditP&HSL_id=1618
INFO 10:48:16 – HeSoLuong/Index&NV_id=0
INFO 10:48:16 – Message/Partial&NV_id=0
